#
# There is insufficient memory for the Java Runtime Environment to continue.
# Native memory allocation (malloc) failed to allocate 1048576 bytes for AllocateHeap
# Possible reasons:
#   The system is out of physical RAM or swap space
#   The process is running with CompressedOops enabled, and the Java Heap may be blocking the growth of the native heap
# Possible solutions:
#   Reduce memory load on the system
#   Increase physical memory or swap space
#   Check if swap backing store is full
#   Decrease Java heap size (-Xmx/-Xms)
#   Decrease number of Java threads
#   Decrease Java thread stack sizes (-Xss)
#   Set larger code cache with -XX:ReservedCodeCacheSize=
#
#  , pid=8880
#
 "VM Thread" [stack: 0x000000eface00000,0x000000efacf00000] [id=9396]

Stack: [0x000000eface00000,0x000000efacf00000]
[error occurred during error reporting (printing stack bounds), id 0xc0000005, EXCEPTION_ACCESS_VIOLATION (0xc0000005) at pc=0x0000023166b50dad]

Native frames: (J=compiled Java code, j=interpreted, Vv=VM code, C=native code)
V  [jvm.dll+0x5de50a]
V  [jvm.dll+0x7122f5]
V  [jvm.dll+0x71384d]
V  [jvm.dll+0x713e65]
V  [jvm.dll+0x713e1b]
V  [jvm.dll+0x5dd958]
V  [jvm.dll+0x5de0f8]
C  [ntdll.dll+0xa7ccf]
C  [ntdll.dll+0x359ca]
C  [ntdll.dll+0xa6cde]
C  0x0000023166b50dad

VM_Operation (0x000000efac8fa790): CollectForMetadataAllocation, mode: safepoint, requested by thread 0x00000231631e4800


---------------  P R O C E S S  ---------------

Threads class SMR info:
_java_thread_list=0x000002317e8844a0, length=12, elements={
0x00000231631e4800, 0x000002317d398800, 0x000002317d3a4800, 0x000002317dbc4800,
0x000002317dbc5000, 0x000002317dbc6000, 0x000002317dbc9800, 0x000002317dbcb000,
0x000002317dd70800, 0x000002317dd7b000, 0x000002317e6de800, 0x000002317e8a0000
}

Java Threads: ( => current thread )
  0x00000231631e4800 JavaThread "main" [_thread_blocked, id=15892, stack(0x000000efac800000,0x000000efac900000)]
  0x000002317d398800 JavaThread "Reference Handler" daemon [_thread_blocked, id=4492, stack(0x000000efacf00000,0x000000efad000000)]
  0x000002317d3a4800 JavaThread "Finalizer" daemon [_thread_blocked, id=6948, stack(0x000000efad000000,0x000000efad100000)]
  0x000002317dbc4800 JavaThread "Signal Dispatcher" daemon [_thread_blocked, id=18064, stack(0x000000efad100000,0x000000efad200000)]
  0x000002317dbc5000 JavaThread "Attach Listener" daemon [_thread_blocked, id=4232, stack(0x000000efad200000,0x000000efad300000)]
  0x000002317dbc6000 JavaThread "C2 CompilerThread0" daemon [_thread_blocked, id=18368, stack(0x000000efad300000,0x000000efad400000)]
  0x000002317dbc9800 JavaThread "C1 CompilerThread0" daemon [_thread_blocked, id=14800, stack(0x000000efad400000,0x000000efad500000)]
  0x000002317dbcb000 JavaThread "Sweeper thread" daemon [_thread_blocked, id=17780, stack(0x000000efad500000,0x000000efad600000)]
  0x000002317dd70800 JavaThread "Service Thread" daemon [_thread_blocked, id=7332, stack(0x000000efad600000,0x000000efad700000)]
  0x000002317dd7b000 JavaThread "Common-Cleaner" daemon [_thread_blocked, id=17792, stack(0x000000efad800000,0x000000efad900000)]
  0x000002317e6de800 JavaThread "C2 CompilerThread1" daemon [_thread_blocked, id=11500, stack(0x000000efad900000,0x000000efada00000)]
  0x000002317e8a0000 JavaThread "pool-1-thread-1" [_thread_blocked, id=5520, stack(0x000000efada00000,0x000000efadb00000)]

Other Threads:
=>0x000002317d373800 VMThread "VM Thread" [stack: 0x000000eface00000,0x000000efacf00000] [id=9396]
  0x000002317dd71800 WatcherThread [stack: 0x000000efad700000,0x000000efad800000] [id=10620]
  0x000002316109b000 GCTaskThread "GC Thread#0" [stack: 0x000000efac900000,0x000000efaca00000] [id=2864]
  0x000002317e8a1000 GCTaskThread "GC Thread#1" [stack: 0x000000efadb00000,0x000000efadc00000] [id=10296]
  0x000002317eaf2800 GCTaskThread "GC Thread#2" [stack: 0x000000efadc00000,0x000000efadd00000] [id=3396]
  0x000002317eb73800 GCTaskThread "GC Thread#3" [stack: 0x000000efadd00000,0x000000efade00000] [id=14816]
  0x0000023163227000 ConcurrentGCThread "G1 Main Marker" [stack: 0x000000efaca00000,0x000000efacb00000] [id=2216]
  0x0000023163228000 ConcurrentGCThread "G1 Conc#0" [stack: 0x000000efacb00000,0x000000efacc00000] [id=1584]
  0x000002317ecee800 ConcurrentGCThread "G1 Conc#1" [stack: 0x000000efade00000,0x000000efadf00000] [id=15228]
  0x00000231632a8000 ConcurrentGCThread "G1 Refine#0" [stack: 0x000000efacc00000,0x000000efacd00000] [id=7796]
  0x000002317d1e2800 ConcurrentGCThread "G1 Young RemSet Sampling" [stack: 0x000000efacd00000,0x000000eface00000] [id=2892]

Threads with active compile tasks:

VM state:at safepoint (normal execution)

VM Mutex/Monitor currently owned by a thread:  ([mutex/lock_event])
[0x00000231631d9950] Threads_lock - owner thread: 0x000002317d373800
[0x00000231631e2730] Heap_lock - owner thread: 0x00000231631e4800
[0x00000231631e1020] MultiArray_lock - owner thread: 0x00000231631e4800
[0x00000231631e28e0] Compile_lock - owner thread: 0x00000231631e4800

Heap address: 0x0000000082400000, size: 2012 MB, Compressed Oops mode: 32-bit
Narrow klass base: 0x0000000000000000, Narrow klass shift: 3
Compressed class space size: 1073741824 Address: 0x0000000100000000

Heap:
 garbage-first heap   total 129024K, used 9261K [0x0000000082400000, 0x0000000100000000)
  region size 1024K, 4 young (4096K), 4 survivors (4096K)
 Metaspace       used 13594K, capacity 13844K, committed 13952K, reserved 1062912K
  class space    used 1560K, capacity 1658K, committed 1664K, reserved 1048576K
Heap Regions: E=young(eden), S=young(survivor), O=old, HS=humongous(starts), HC=humongous(continues), CS=collection set, F=free, A=archive, TAMS=top-at-mark-start (previous, next)
|   0|0x0000000082400000, 0x0000000082400000, 0x0000000082500000|  0%| F|  |TAMS 0x0000000082400000, 0x0000000082400000| Untracked 
|   1|0x0000000082500000, 0x0000000082500000, 0x0000000082600000|  0%| F|  |TAMS 0x0000000082500000, 0x0000000082500000| Untracked 
|   2|0x0000000082600000, 0x0000000082600000, 0x0000000082700000|  0%| F|  |TAMS 0x0000000082600000, 0x0000000082600000| Untracked 
|   3|0x0000000082700000, 0x0000000082800000, 0x0000000082800000|100%|HS|  |TAMS 0x0000000082700000, 0x0000000082800000| Complete 
|   4|0x0000000082800000, 0x0000000082900000, 0x0000000082900000|100%|HC|  |TAMS 0x0000000082800000, 0x0000000082900000| Complete 
|   5|0x0000000082900000, 0x0000000082a00000, 0x0000000082a00000|100%|HC|  |TAMS 0x0000000082900000, 0x0000000082a00000| Complete 
|   6|0x0000000082a00000, 0x0000000082b00000, 0x0000000082b00000|100%| O|  |TAMS 0x0000000082a00000, 0x0000000082b00000| Untracked 
|   7|0x0000000082b00000, 0x0000000082c00000, 0x0000000082c00000|100%| O|  |TAMS 0x0000000082b00000, 0x0000000082c00000| Untracked 
|   8|0x0000000082c00000, 0x0000000082cc0c00, 0x0000000082d00000| 75%| O|  |TAMS 0x0000000082c00000, 0x0000000082cc0c00| Untracked 
|   9|0x0000000082d00000, 0x0000000082d00000, 0x0000000082e00000|  0%| F|  |TAMS 0x0000000082d00000, 0x0000000082d00000| Untracked 
|  10|0x0000000082e00000, 0x0000000082e00000, 0x0000000082f00000|  0%| F|  |TAMS 0x0000000082e00000, 0x0000000082e00000| Untracked 
|  11|0x0000000082f00000, 0x0000000082f00000, 0x0000000083000000|  0%| F|  |TAMS 0x0000000082f00000, 0x0000000082f00000| Untracked 
|  12|0x0000000083000000, 0x0000000083000000, 0x0000000083100000|  0%| F|  |TAMS 0x0000000083000000, 0x0000000083000000| Untracked 
|  13|0x0000000083100000, 0x0000000083100000, 0x0000000083200000|  0%| F|  |TAMS 0x0000000083100000, 0x0000000083100000| Untracked 
|  14|0x0000000083200000, 0x0000000083200000, 0x0000000083300000|  0%| F|  |TAMS 0x0000000083200000, 0x0000000083200000| Untracked 
|  15|0x0000000083300000, 0x0000000083300000, 0x0000000083400000|  0%| F|  |TAMS 0x0000000083300000, 0x0000000083300000| Untracked 
|  16|0x0000000083400000, 0x0000000083400000, 0x0000000083500000|  0%| F|  |TAMS 0x0000000083400000, 0x0000000083400000| Untracked 
|  17|0x0000000083500000, 0x0000000083500000, 0x0000000083600000|  0%| F|  |TAMS 0x0000000083500000, 0x0000000083500000| Untracked 
|  18|0x0000000083600000, 0x0000000083600000, 0x0000000083700000|  0%| F|  |TAMS 0x0000000083600000, 0x0000000083600000| Untracked 
|  19|0x0000000083700000, 0x0000000083700000, 0x0000000083800000|  0%| F|  |TAMS 0x0000000083700000, 0x0000000083700000| Untracked 
|  20|0x0000000083800000, 0x0000000083800000, 0x0000000083900000|  0%| F|  |TAMS 0x0000000083800000, 0x0000000083800000| Untracked 
|  21|0x0000000083900000, 0x0000000083900000, 0x0000000083a00000|  0%| F|  |TAMS 0x0000000083900000, 0x0000000083900000| Untracked 
|  22|0x0000000083a00000, 0x0000000083a00000, 0x0000000083b00000|  0%| F|  |TAMS 0x0000000083a00000, 0x0000000083a00000| Untracked 
|  23|0x0000000083b00000, 0x0000000083b00000, 0x0000000083c00000|  0%| F|  |TAMS 0x0000000083b00000, 0x0000000083b00000| Untracked 
|  24|0x0000000083c00000, 0x0000000083c00000, 0x0000000083d00000|  0%| F|  |TAMS 0x0000000083c00000, 0x0000000083c00000| Untracked 
|  25|0x0000000083d00000, 0x0000000083d00000, 0x0000000083e00000|  0%| F|  |TAMS 0x0000000083d00000, 0x0000000083d00000| Untracked 
|  26|0x0000000083e00000, 0x0000000083e00000, 0x0000000083f00000|  0%| F|  |TAMS 0x0000000083e00000, 0x0000000083e00000| Untracked 
|  27|0x0000000083f00000, 0x0000000083f00000, 0x0000000084000000|  0%| F|  |TAMS 0x0000000083f00000, 0x0000000083f00000| Untracked 
|  28|0x0000000084000000, 0x0000000084000000, 0x0000000084100000|  0%| F|  |TAMS 0x0000000084000000, 0x0000000084000000| Untracked 
|  29|0x0000000084100000, 0x0000000084100000, 0x0000000084200000|  0%| F|  |TAMS 0x0000000084100000, 0x0000000084100000| Untracked 
|  30|0x0000000084200000, 0x0000000084200000, 0x0000000084300000|  0%| F|  |TAMS 0x0000000084200000, 0x0000000084200000| Untracked 
|  31|0x0000000084300000, 0x0000000084300000, 0x0000000084400000|  0%| F|  |TAMS 0x0000000084300000, 0x0000000084300000| Untracked 
|  32|0x0000000084400000, 0x0000000084400000, 0x0000000084500000|  0%| F|  |TAMS 0x0000000084400000, 0x0000000084400000| Untracked 
|  33|0x0000000084500000, 0x0000000084500000, 0x0000000084600000|  0%| F|  |TAMS 0x0000000084500000, 0x0000000084500000| Untracked 
|  34|0x0000000084600000, 0x0000000084600000, 0x0000000084700000|  0%| F|  |TAMS 0x0000000084600000, 0x0000000084600000| Untracked 
|  35|0x0000000084700000, 0x0000000084700000, 0x0000000084800000|  0%| F|  |TAMS 0x0000000084700000, 0x0000000084700000| Untracked 
|  36|0x0000000084800000, 0x0000000084800000, 0x0000000084900000|  0%| F|  |TAMS 0x0000000084800000, 0x0000000084800000| Untracked 
|  37|0x0000000084900000, 0x0000000084900000, 0x0000000084a00000|  0%| F|  |TAMS 0x0000000084900000, 0x0000000084900000| Untracked 
|  38|0x0000000084a00000, 0x0000000084a00000, 0x0000000084b00000|  0%| F|  |TAMS 0x0000000084a00000, 0x0000000084a00000| Untracked 
|  39|0x0000000084b00000, 0x0000000084b00000, 0x0000000084c00000|  0%| F|  |TAMS 0x0000000084b00000, 0x0000000084b00000| Untracked 
|  40|0x0000000084c00000, 0x0000000084c00000, 0x0000000084d00000|  0%| F|  |TAMS 0x0000000084c00000, 0x0000000084c00000| Untracked 
|  41|0x0000000084d00000, 0x0000000084d00000, 0x0000000084e00000|  0%| F|  |TAMS 0x0000000084d00000, 0x0000000084d00000| Untracked 
|  42|0x0000000084e00000, 0x0000000084e00000, 0x0000000084f00000|  0%| F|  |TAMS 0x0000000084e00000, 0x0000000084e00000| Untracked 
|  43|0x0000000084f00000, 0x0000000084f00000, 0x0000000085000000|  0%| F|  |TAMS 0x0000000084f00000, 0x0000000084f00000| Untracked 
|  44|0x0000000085000000, 0x0000000085000000, 0x0000000085100000|  0%| F|  |TAMS 0x0000000085000000, 0x0000000085000000| Untracked 
|  45|0x0000000085100000, 0x0000000085100000, 0x0000000085200000|  0%| F|  |TAMS 0x0000000085100000, 0x0000000085100000| Untracked 
|  46|0x0000000085200000, 0x0000000085200000, 0x0000000085300000|  0%| F|  |TAMS 0x0000000085200000, 0x0000000085200000| Untracked 
|  47|0x0000000085300000, 0x0000000085300000, 0x0000000085400000|  0%| F|  |TAMS 0x0000000085300000, 0x0000000085300000| Untracked 
|  48|0x0000000085400000, 0x0000000085400000, 0x0000000085500000|  0%| F|  |TAMS 0x0000000085400000, 0x0000000085400000| Untracked 
|  49|0x0000000085500000, 0x0000000085500000, 0x0000000085600000|  0%| F|  |TAMS 0x0000000085500000, 0x0000000085500000| Untracked 
|  50|0x0000000085600000, 0x0000000085600000, 0x0000000085700000|  0%| F|  |TAMS 0x0000000085600000, 0x0000000085600000| Untracked 
|  51|0x0000000085700000, 0x0000000085700000, 0x0000000085800000|  0%| F|  |TAMS 0x0000000085700000, 0x0000000085700000| Untracked 
|  52|0x0000000085800000, 0x0000000085800000, 0x0000000085900000|  0%| F|  |TAMS 0x0000000085800000, 0x0000000085800000| Untracked 
|  53|0x0000000085900000, 0x0000000085900000, 0x0000000085a00000|  0%| F|  |TAMS 0x0000000085900000, 0x0000000085900000| Untracked 
|  54|0x0000000085a00000, 0x0000000085a00000, 0x0000000085b00000|  0%| F|  |TAMS 0x0000000085a00000, 0x0000000085a00000| Untracked 
|  55|0x0000000085b00000, 0x0000000085b00000, 0x0000000085c00000|  0%| F|  |TAMS 0x0000000085b00000, 0x0000000085b00000| Untracked 
|  56|0x0000000085c00000, 0x0000000085c00000, 0x0000000085d00000|  0%| F|  |TAMS 0x0000000085c00000, 0x0000000085c00000| Untracked 
|  57|0x0000000085d00000, 0x0000000085d00000, 0x0000000085e00000|  0%| F|  |TAMS 0x0000000085d00000, 0x0000000085d00000| Untracked 
|  58|0x0000000085e00000, 0x0000000085e00000, 0x0000000085f00000|  0%| F|  |TAMS 0x0000000085e00000, 0x0000000085e00000| Untracked 
|  59|0x0000000085f00000, 0x0000000085f00000, 0x0000000086000000|  0%| F|  |TAMS 0x0000000085f00000, 0x0000000085f00000| Untracked 
|  60|0x0000000086000000, 0x0000000086000000, 0x0000000086100000|  0%| F|  |TAMS 0x0000000086000000, 0x0000000086000000| Untracked 
|  61|0x0000000086100000, 0x0000000086100000, 0x0000000086200000|  0%| F|  |TAMS 0x0000000086100000, 0x0000000086100000| Untracked 
|  62|0x0000000086200000, 0x0000000086200000, 0x0000000086300000|  0%| F|  |TAMS 0x0000000086200000, 0x0000000086200000| Untracked 
|  63|0x0000000086300000, 0x0000000086300000, 0x0000000086400000|  0%| F|  |TAMS 0x0000000086300000, 0x0000000086300000| Untracked 
|  64|0x0000000086400000, 0x0000000086400000, 0x0000000086500000|  0%| F|  |TAMS 0x0000000086400000, 0x0000000086400000| Untracked 
|  65|0x0000000086500000, 0x0000000086500000, 0x0000000086600000|  0%| F|  |TAMS 0x0000000086500000, 0x0000000086500000| Untracked 
|  66|0x0000000086600000, 0x0000000086600000, 0x0000000086700000|  0%| F|  |TAMS 0x0000000086600000, 0x0000000086600000| Untracked 
|  67|0x0000000086700000, 0x0000000086700000, 0x0000000086800000|  0%| F|  |TAMS 0x0000000086700000, 0x0000000086700000| Untracked 
|  68|0x0000000086800000, 0x0000000086800000, 0x0000000086900000|  0%| F|  |TAMS 0x0000000086800000, 0x0000000086800000| Untracked 
|  69|0x0000000086900000, 0x0000000086900000, 0x0000000086a00000|  0%| F|  |TAMS 0x0000000086900000, 0x0000000086900000| Untracked 
|  70|0x0000000086a00000, 0x0000000086a00000, 0x0000000086b00000|  0%| F|  |TAMS 0x0000000086a00000, 0x0000000086a00000| Untracked 
|  71|0x0000000086b00000, 0x0000000086b00000, 0x0000000086c00000|  0%| F|  |TAMS 0x0000000086b00000, 0x0000000086b00000| Untracked 
|  72|0x0000000086c00000, 0x0000000086c00000, 0x0000000086d00000|  0%| F|  |TAMS 0x0000000086c00000, 0x0000000086c00000| Untracked 
|  73|0x0000000086d00000, 0x0000000086d00000, 0x0000000086e00000|  0%| F|  |TAMS 0x0000000086d00000, 0x0000000086d00000| Untracked 
|  74|0x0000000086e00000, 0x0000000086e00000, 0x0000000086f00000|  0%| F|  |TAMS 0x0000000086e00000, 0x0000000086e00000| Untracked 
|  75|0x0000000086f00000, 0x0000000086f00000, 0x0000000087000000|  0%| F|  |TAMS 0x0000000086f00000, 0x0000000086f00000| Untracked 
|  76|0x0000000087000000, 0x0000000087000000, 0x0000000087100000|  0%| F|  |TAMS 0x0000000087000000, 0x0000000087000000| Untracked 
|  77|0x0000000087100000, 0x0000000087100000, 0x0000000087200000|  0%| F|  |TAMS 0x0000000087100000, 0x0000000087100000| Untracked 
|  78|0x0000000087200000, 0x0000000087200000, 0x0000000087300000|  0%| F|  |TAMS 0x0000000087200000, 0x0000000087200000| Untracked 
|  79|0x0000000087300000, 0x0000000087300000, 0x0000000087400000|  0%| F|  |TAMS 0x0000000087300000, 0x0000000087300000| Untracked 
|  80|0x0000000087400000, 0x0000000087400000, 0x0000000087500000|  0%| F|  |TAMS 0x0000000087400000, 0x0000000087400000| Untracked 
|  81|0x0000000087500000, 0x0000000087500000, 0x0000000087600000|  0%| F|  |TAMS 0x0000000087500000, 0x0000000087500000| Untracked 
|  82|0x0000000087600000, 0x0000000087600000, 0x0000000087700000|  0%| F|  |TAMS 0x0000000087600000, 0x0000000087600000| Untracked 
|  83|0x0000000087700000, 0x0000000087700000, 0x0000000087800000|  0%| F|  |TAMS 0x0000000087700000, 0x0000000087700000| Untracked 
|  84|0x0000000087800000, 0x0000000087800000, 0x0000000087900000|  0%| F|  |TAMS 0x0000000087800000, 0x0000000087800000| Untracked 
|  85|0x0000000087900000, 0x0000000087900000, 0x0000000087a00000|  0%| F|  |TAMS 0x0000000087900000, 0x0000000087900000| Untracked 
|  86|0x0000000087a00000, 0x0000000087a00000, 0x0000000087b00000|  0%| F|  |TAMS 0x0000000087a00000, 0x0000000087a00000| Untracked 
|  87|0x0000000087b00000, 0x0000000087b00000, 0x0000000087c00000|  0%| F|  |TAMS 0x0000000087b00000, 0x0000000087b00000| Untracked 
|  88|0x0000000087c00000, 0x0000000087c00000, 0x0000000087d00000|  0%| F|  |TAMS 0x0000000087c00000, 0x0000000087c00000| Untracked 
|  89|0x0000000087d00000, 0x0000000087d00000, 0x0000000087e00000|  0%| F|  |TAMS 0x0000000087d00000, 0x0000000087d00000| Untracked 
|  90|0x0000000087e00000, 0x0000000087e00000, 0x0000000087f00000|  0%| F|  |TAMS 0x0000000087e00000, 0x0000000087e00000| Untracked 
|  91|0x0000000087f00000, 0x0000000087f00000, 0x0000000088000000|  0%| F|  |TAMS 0x0000000087f00000, 0x0000000087f00000| Untracked 
|  92|0x0000000088000000, 0x0000000088000000, 0x0000000088100000|  0%| F|  |TAMS 0x0000000088000000, 0x0000000088000000| Untracked 
|  93|0x0000000088100000, 0x0000000088100000, 0x0000000088200000|  0%| F|  |TAMS 0x0000000088100000, 0x0000000088100000| Untracked 
|  94|0x0000000088200000, 0x0000000088200000, 0x0000000088300000|  0%| F|  |TAMS 0x0000000088200000, 0x0000000088200000| Untracked 
|  95|0x0000000088300000, 0x0000000088300000, 0x0000000088400000|  0%| F|  |TAMS 0x0000000088300000, 0x0000000088300000| Untracked 
|  96|0x0000000088400000, 0x0000000088400000, 0x0000000088500000|  0%| F|  |TAMS 0x0000000088400000, 0x0000000088400000| Untracked 
|  97|0x0000000088500000, 0x0000000088500000, 0x0000000088600000|  0%| F|  |TAMS 0x0000000088500000, 0x0000000088500000| Untracked 
|  98|0x0000000088600000, 0x0000000088600000, 0x0000000088700000|  0%| F|  |TAMS 0x0000000088600000, 0x0000000088600000| Untracked 
|  99|0x0000000088700000, 0x0000000088700000, 0x0000000088800000|  0%| F|  |TAMS 0x0000000088700000, 0x0000000088700000| Untracked 
| 100|0x0000000088800000, 0x0000000088800000, 0x0000000088900000|  0%| F|  |TAMS 0x0000000088800000, 0x0000000088800000| Untracked 
| 101|0x0000000088900000, 0x0000000088900000, 0x0000000088a00000|  0%| F|  |TAMS 0x0000000088900000, 0x0000000088900000| Untracked 
| 102|0x0000000088a00000, 0x0000000088a00000, 0x0000000088b00000|  0%| F|  |TAMS 0x0000000088a00000, 0x0000000088a00000| Untracked 
| 103|0x0000000088b00000, 0x0000000088b00000, 0x0000000088c00000|  0%| F|  |TAMS 0x0000000088b00000, 0x0000000088b00000| Untracked 
| 104|0x0000000088c00000, 0x0000000088c00000, 0x0000000088d00000|  0%| F|  |TAMS 0x0000000088c00000, 0x0000000088c00000| Untracked 
| 105|0x0000000088d00000, 0x0000000088d00000, 0x0000000088e00000|  0%| F|  |TAMS 0x0000000088d00000, 0x0000000088d00000| Untracked 
| 106|0x0000000088e00000, 0x0000000088e00000, 0x0000000088f00000|  0%| F|  |TAMS 0x0000000088e00000, 0x0000000088e00000| Untracked 
| 107|0x0000000088f00000, 0x0000000088f00000, 0x0000000089000000|  0%| F|  |TAMS 0x0000000088f00000, 0x0000000088f00000| Untracked 
| 108|0x0000000089000000, 0x0000000089000000, 0x0000000089100000|  0%| F|  |TAMS 0x0000000089000000, 0x0000000089000000| Untracked 
| 109|0x0000000089100000, 0x0000000089100000, 0x0000000089200000|  0%| F|  |TAMS 0x0000000089100000, 0x0000000089100000| Untracked 
| 110|0x0000000089200000, 0x0000000089200000, 0x0000000089300000|  0%| F|  |TAMS 0x0000000089200000, 0x0000000089200000| Untracked 
| 111|0x0000000089300000, 0x0000000089300000, 0x0000000089400000|  0%| F|  |TAMS 0x0000000089300000, 0x0000000089300000| Untracked 
| 112|0x0000000089400000, 0x0000000089400000, 0x0000000089500000|  0%| F|  |TAMS 0x0000000089400000, 0x0000000089400000| Untracked 
| 113|0x0000000089500000, 0x0000000089500000, 0x0000000089600000|  0%| F|  |TAMS 0x0000000089500000, 0x0000000089500000| Untracked 
| 114|0x0000000089600000, 0x000000008964aae0, 0x0000000089700000| 29%| S|CS|TAMS 0x0000000089600000, 0x0000000089600000| Complete 
| 115|0x0000000089700000, 0x0000000089800000, 0x0000000089800000|100%| S|CS|TAMS 0x0000000089700000, 0x0000000089700000| Complete 
| 116|0x0000000089800000, 0x0000000089900000, 0x0000000089900000|100%| S|CS|TAMS 0x0000000089800000, 0x0000000089800000| Complete 
| 117|0x0000000089900000, 0x0000000089a00000, 0x0000000089a00000|100%| S|CS|TAMS 0x0000000089900000, 0x0000000089900000| Complete 
| 118|0x0000000089a00000, 0x0000000089a00000, 0x0000000089b00000|  0%| F|  |TAMS 0x0000000089a00000, 0x0000000089a00000| Untracked 
| 119|0x0000000089b00000, 0x0000000089b00000, 0x0000000089c00000|  0%| F|  |TAMS 0x0000000089b00000, 0x0000000089b00000| Untracked 
| 120|0x0000000089c00000, 0x0000000089c00000, 0x0000000089d00000|  0%| F|  |TAMS 0x0000000089c00000, 0x0000000089c00000| Untracked 
| 121|0x0000000089d00000, 0x0000000089d00000, 0x0000000089e00000|  0%| F|  |TAMS 0x0000000089d00000, 0x0000000089d00000| Untracked 
| 122|0x0000000089e00000, 0x0000000089e00000, 0x0000000089f00000|  0%| F|  |TAMS 0x0000000089e00000, 0x0000000089e00000| Untracked 
| 123|0x0000000089f00000, 0x0000000089f00000, 0x000000008a000000|  0%| F|  |TAMS 0x0000000089f00000, 0x0000000089f00000| Untracked 
| 124|0x000000008a000000, 0x000000008a000000, 0x000000008a100000|  0%| F|  |TAMS 0x000000008a000000, 0x000000008a000000| Untracked 
| 125|0x000000008a100000, 0x000000008a100000, 0x000000008a200000|  0%| F|  |TAMS 0x000000008a100000, 0x000000008a100000| Untracked 

Card table byte_map: [0x0000023176280000,0x0000023176670000] _byte_map_base: 0x0000023175e6e000

Marking Bits (Prev, Next): (CMBitMap*) 0x000002316321e4c8, (CMBitMap*) 0x000002316321e500
 Prev Bits: [0x0000023176a60000, 0x00000231789d0000)
 Next Bits: [0x00000231789d0000, 0x000002317a940000)

Polling page: 0x0000023161110000

Metaspace:

Usage:
  Non-class:     11.90 MB capacity,    11.75 MB ( 99%) used,   134.52 KB (  1%) free+waste,    17.81 KB ( <1%) overhead. 
      Class:      1.62 MB capacity,     1.52 MB ( 94%) used,    88.75 KB (  5%) free+waste,     8.81 KB ( <1%) overhead. 
       Both:     13.52 MB capacity,    13.28 MB ( 98%) used,   223.27 KB (  2%) free+waste,    26.63 KB ( <1%) overhead. 

Virtual space:
  Non-class space:       14.00 MB reserved,      12.00 MB ( 86%) committed 
      Class space:        1.00 GB reserved,       1.63 MB ( <1%) committed 
             Both:        1.01 GB reserved,      13.63 MB (  1%) committed 

Chunk freelists:
   Non-Class:  38.00 KB
       Class:  6.00 KB
        Both:  44.00 KB

MaxMetaspaceSize: 17179869184.00 GB
CompressedClassSpaceSize: 1.00 GB

CodeHeap 'non-profiled nmethods': size=120000Kb used=342Kb max_used=342Kb free=119657Kb
 bounds [0x000002316e620000, 0x000002316e890000, 0x0000023175b50000]
CodeHeap 'profiled nmethods': size=120000Kb used=1835Kb max_used=1835Kb free=118164Kb
 bounds [0x00000231670f0000, 0x0000023167360000, 0x000002316e620000]
CodeHeap 'non-nmethods': size=5760Kb used=1082Kb max_used=1093Kb free=4677Kb
 bounds [0x0000023166b50000, 0x0000023166dc0000, 0x00000231670f0000]
 total_blobs=1408 nmethods=1012 adapters=308
 compilation: enabled
              stopped_count=0, restarted_count=0
 full_count=0

Compilation events (20 events):
Event: 1.814 Thread 0x000002317dbc9800 1004       3       jdk.internal.org.objectweb.asm.ByteVector::putByteArray (49 bytes)
Event: 1.815 Thread 0x000002317dbc9800 nmethod 1004 0x00000231672b5f10 code [0x00000231672b60e0, 0x00000231672b6398]
Event: 1.815 Thread 0x000002317dbc9800 1005       3       sun.invoke.util.VerifyType::isNullConversion (157 bytes)
Event: 1.816 Thread 0x000002317dbc9800 nmethod 1005 0x00000231672b6490 code [0x00000231672b67a0, 0x00000231672b7c88]
Event: 1.816 Thread 0x000002317dbc9800 1003       3       java.lang.invoke.InvokerBytecodeGenerator::getInternalName (98 bytes)
Event: 1.817 Thread 0x000002317dbc9800 nmethod 1003 0x00000231672b8110 code [0x00000231672b8320, 0x00000231672b87d8]
Event: 1.825 Thread 0x000002317dbc6000 1008       4       java.lang.ThreadLocal::getMap (5 bytes)
Event: 1.825 Thread 0x000002317dbc9800 1006       3       java.util.concurrent.ConcurrentHashMap$EntryIterator::next (5 bytes)
Event: 1.826 Thread 0x000002317dbc9800 nmethod 1006 0x00000231672b8910 code [0x00000231672b8ac0, 0x00000231672b8be8]
Event: 1.826 Thread 0x000002317dbc9800 1007       3       java.util.concurrent.ConcurrentHashMap$EntryIterator::next (51 bytes)
Event: 1.826 Thread 0x000002317dbc9800 nmethod 1007 0x00000231672b8c90 code [0x00000231672b8e80, 0x00000231672b9378]
Event: 1.826 Thread 0x000002317dbc9800 1009       3       java.util.Properties::getProperty (50 bytes)
Event: 1.826 Thread 0x000002317dbc6000 nmethod 1008 0x000002316e675810 code [0x000002316e6759a0, 0x000002316e675a18]
Event: 1.827 Thread 0x000002317dbc9800 nmethod 1009 0x00000231672b9510 code [0x00000231672b9700, 0x00000231672b9bd8]
Event: 1.827 Thread 0x000002317dbc9800 1010       3       java.lang.Integer::reverseBytes (26 bytes)
Event: 1.827 Thread 0x000002317dbc9800 nmethod 1010 0x00000231672b9d10 code [0x00000231672b9ec0, 0x00000231672b9fd8]
Event: 1.827 Thread 0x000002317dbc9800 1011       3       java.lang.StringCoding::deref (19 bytes)
Event: 1.827 Thread 0x000002317dbc9800 nmethod 1011 0x00000231672ba090 code [0x00000231672ba260, 0x00000231672ba5d8]
Event: 1.833 Thread 0x000002317dbc9800 1012       3       java.lang.invoke.MethodHandles$Lookup::isClassAccessible (32 bytes)
Event: 1.834 Thread 0x000002317dbc9800 nmethod 1012 0x00000231672ba710 code [0x00000231672ba900, 0x00000231672bacf8]

GC Heap History (4 events):
Event: 1.562 GC heap before
{Heap before GC invocations=0 (full 0):
 garbage-first heap   total 129024K, used 29696K [0x0000000082400000, 0x0000000100000000)
  region size 1024K, 24 young (24576K), 0 survivors (0K)
 Metaspace       used 11514K, capacity 11809K, committed 11904K, reserved 1060864K
  class space    used 1247K, capacity 1340K, committed 1408K, reserved 1048576K
}
Event: 1.570 GC heap after
{Heap after GC invocations=1 (full 0):
 garbage-first heap   total 129024K, used 8963K [0x0000000082400000, 0x0000000100000000)
  region size 1024K, 3 young (3072K), 3 survivors (3072K)
 Metaspace       used 11514K, capacity 11809K, committed 11904K, reserved 1060864K
  class space    used 1247K, capacity 1340K, committed 1408K, reserved 1048576K
}
Event: 2.104 GC heap before
{Heap before GC invocations=1 (full 0):
 garbage-first heap   total 129024K, used 16131K [0x0000000082400000, 0x0000000100000000)
  region size 1024K, 11 young (11264K), 3 survivors (3072K)
 Metaspace       used 13594K, capacity 13844K, committed 13952K, reserved 1062912K
  class space    used 1560K, capacity 1658K, committed 1664K, reserved 1048576K
}
Event: 2.112 GC heap after
{Heap after GC invocations=2 (full 0):
 garbage-first heap   total 129024K, used 9261K [0x0000000082400000, 0x0000000100000000)
  region size 1024K, 4 young (4096K), 4 survivors (4096K)
 Metaspace       used 13594K, capacity 13844K, committed 13952K, reserved 1062912K
  class space    used 1560K, capacity 1658K, committed 1664K, reserved 1048576K
}

Deoptimization events (20 events):
Event: 1.305 Thread 0x00000231631e4800 DEOPT PACKING pc=0x000002316e63ec60 sp=0x000000efac8fd990
Event: 1.305 Thread 0x00000231631e4800 DEOPT UNPACKING pc=0x0000023166b774af sp=0x000000efac8fd938 mode 2
Event: 1.306 Thread 0x00000231631e4800 Uncommon trap: trap_request=0xffffffde fr.pc=0x000002316e63ec60 relative=0x00000000000003c0
Event: 1.306 Thread 0x00000231631e4800 Uncommon trap: reason=class_check action=maybe_recompile pc=0x000002316e63ec60 method=java.util.regex.Matcher.match(II)Z @ 121 c2
Event: 1.306 Thread 0x00000231631e4800 DEOPT PACKING pc=0x000002316e63ec60 sp=0x000000efac8fd810
Event: 1.306 Thread 0x00000231631e4800 DEOPT UNPACKING pc=0x0000023166b774af sp=0x000000efac8fd7b8 mode 2
Event: 1.306 Thread 0x00000231631e4800 Uncommon trap: trap_request=0xffffffde fr.pc=0x000002316e63ec60 relative=0x00000000000003c0
Event: 1.306 Thread 0x00000231631e4800 Uncommon trap: reason=class_check action=maybe_recompile pc=0x000002316e63ec60 method=java.util.regex.Matcher.match(II)Z @ 121 c2
Event: 1.306 Thread 0x00000231631e4800 DEOPT PACKING pc=0x000002316e63ec60 sp=0x000000efac8fd810
Event: 1.306 Thread 0x00000231631e4800 DEOPT UNPACKING pc=0x0000023166b774af sp=0x000000efac8fd7b8 mode 2
Event: 1.783 Thread 0x00000231631e4800 DEOPT PACKING pc=0x00000231671818ff sp=0x000000efac8f8fc0
Event: 1.783 Thread 0x00000231631e4800 DEOPT UNPACKING pc=0x0000023166b772ce sp=0x000000efac8f8410 mode 0
Event: 1.786 Thread 0x00000231631e4800 Uncommon trap: trap_request=0xffffff4d fr.pc=0x000002316e664770 relative=0x00000000000001b0
Event: 1.786 Thread 0x00000231631e4800 Uncommon trap: reason=unstable_if action=reinterpret pc=0x000002316e664770 method=java.util.HashMap.getNode(ILjava/lang/Object;)Ljava/util/HashMap$Node; @ 129 c2
Event: 1.786 Thread 0x00000231631e4800 DEOPT PACKING pc=0x000002316e664770 sp=0x000000efac8fb040
Event: 1.786 Thread 0x00000231631e4800 DEOPT UNPACKING pc=0x0000023166b774af sp=0x000000efac8faf40 mode 2
Event: 1.786 Thread 0x00000231631e4800 Uncommon trap: trap_request=0xffffffde fr.pc=0x000002316e65389c relative=0x0000000000000efc
Event: 1.786 Thread 0x00000231631e4800 Uncommon trap: reason=class_check action=maybe_recompile pc=0x000002316e65389c method=java.util.HashMap.putVal(ILjava/lang/Object;Ljava/lang/Object;ZZ)Ljava/lang/Object; @ 203 c2
Event: 1.786 Thread 0x00000231631e4800 DEOPT PACKING pc=0x000002316e65389c sp=0x000000efac8fafc0
Event: 1.786 Thread 0x00000231631e4800 DEOPT UNPACKING pc=0x0000023166b774af sp=0x000000efac8faf50 mode 2

Classes redefined (0 events):
No events

Internal exceptions (9 events):
Event: 0.341 Thread 0x00000231631e4800 Exception <a 'java/lang/NoSuchMethodError'{0x000000008a099a48}: 'int java.lang.invoke.DirectMethodHandle$Holder.invokeSpecialIFC(java.lang.Object, java.lang.Object, int)'> (0x000000008a099a48) thrown at [./src/hotspot/share/interpreter/linkResolver.cpp, line 773]
Event: 0.522 Thread 0x00000231631e4800 Exception <a 'java/lang/NoSuchMethodError'{0x0000000089e65528}: 'int java.lang.invoke.DirectMethodHandle$Holder.invokeStaticInit(java.lang.Object, java.lang.Object)'> (0x0000000089e65528) thrown at [./src/hotspot/share/interpreter/linkResolver.cpp, line 773]
Event: 0.594 Thread 0x00000231631e4800 Exception <a 'java/lang/NoSuchMethodError'{0x0000000089d25dc0}: 'int java.lang.invoke.DirectMethodHandle$Holder.invokeSpecial(java.lang.Object, java.lang.Object, java.lang.Object, java.lang.Object)'> (0x0000000089d25dc0) thrown at [./src/hotspot/share/interpreter/linkResolver.cpp, line 773]
Event: 1.354 Thread 0x00000231631e4800 Exception <a 'java/lang/NoClassDefFoundError'{0x0000000088e324c8}: org/slf4j/impl/StaticMarkerBinder> (0x0000000088e324c8) thrown at [./src/hotspot/share/classfile/systemDictionary.cpp, line 220]
Event: 1.370 Thread 0x00000231631e4800 Exception <a 'java/lang/NoSuchMethodError'{0x0000000088ecc440}: 'java.lang.Object java.lang.invoke.DirectMethodHandle$Holder.invokeVirtual(java.lang.Object, java.lang.Object, java.lang.Object, java.lang.Object, java.lang.Object)'> (0x0000000088ecc440) thrown at [./src/hotspot/share/interpreter/linkResolver.cpp, line 773]
Event: 1.541 Thread 0x00000231631e4800 Exception <a 'java/lang/NoSuchMethodError'{0x0000000088a5e2b8}: 'java.lang.Object java.lang.invoke.Invokers$Holder.invoker(java.lang.Object, java.lang.Object, java.lang.Object, java.lang.Object, java.lang.Object)'> (0x0000000088a5e2b8) thrown at [./src/hotspot/share/interpreter/linkResolver.cpp, line 773]
Event: 1.544 Thread 0x00000231631e4800 Exception <a 'java/lang/NoSuchMethodError'{0x0000000088a6ef98}: 'void java.lang.invoke.DelegatingMethodHandle$Holder.delegate(java.lang.Object, java.lang.Object, int, java.lang.Object)'> (0x0000000088a6ef98) thrown at [./src/hotspot/share/interpreter/linkResolver.cpp, line 773]
Event: 1.696 Thread 0x00000231631e4800 Exception <a 'java/lang/NoSuchMethodError'{0x0000000089e5ecc8}: 'java.lang.Object java.lang.invoke.DirectMethodHandle$Holder.invokeStaticInit(java.lang.Object, java.lang.Object, java.lang.Object)'> (0x0000000089e5ecc8) thrown at [./src/hotspot/share/interpreter/linkResolver.cpp, line 773]
Event: 1.814 Thread 0x00000231631e4800 Exception <a 'java/lang/NoSuchMethodError'{0x0000000089ae64a8}: 'java.lang.Object java.lang.invoke.DirectMethodHandle$Holder.invokeStaticInit(java.lang.Object, int, int, int, int)'> (0x0000000089ae64a8) thrown at [./src/hotspot/share/interpreter/linkResolver.cpp, line 773]

Events (20 events):
Event: 1.833 loading class java/util/concurrent/ConcurrentSkipListMap$Node done
Event: 1.833 loading class java/net/InetAddressImplFactory
Event: 1.833 loading class java/net/InetAddressImplFactory done
Event: 1.833 loading class java/net/Inet6AddressImpl
Event: 1.833 loading class java/net/InetAddressImpl
Event: 1.834 loading class java/net/InetAddressImpl done
Event: 1.834 loading class java/net/Inet6AddressImpl done
Event: 1.834 loading class java/net/InetAddress$PlatformNameService
Event: 1.834 loading class java/net/InetAddress$NameService
Event: 1.834 loading class java/net/InetAddress$NameService done
Event: 1.834 loading class java/net/InetAddress$PlatformNameService done
Event: 1.834 loading class java/net/Inet4Address
Event: 1.834 loading class java/net/Inet4Address done
Event: 1.834 loading class java/net/Inet6Address
Event: 1.834 loading class java/net/Inet6Address done
Event: 1.835 loading class java/net/Inet6Address$Inet6AddressHolder
Event: 1.835 loading class java/net/Inet6Address$Inet6AddressHolder done
Event: 1.835 loading class java/net/DefaultInterface
Event: 1.835 loading class java/net/DefaultInterface done
Event: 2.104 Executing VM operation: CollectForMetadataAllocation


Dynamic libraries:
0x00007ff701640000 - 0x00007ff70164a000 	C:\Program Files\Android\Android Studio\jre\bin\java.exe
0x00007ffb811e0000 - 0x00007ffb813e7000 	C:\WINDOWS\SYSTEM32\ntdll.dll
0x00007ffb7f190000 - 0x00007ffb7f24d000 	C:\WINDOWS\System32\KERNEL32.DLL
0x00007ffb7e770000 - 0x00007ffb7eae4000 	C:\WINDOWS\System32\KERNELBASE.dll
0x00007ffb7b860000 - 0x00007ffb7b8f1000 	C:\WINDOWS\SYSTEM32\apphelp.dll
0x00007ffb7ed70000 - 0x00007ffb7ee81000 	C:\WINDOWS\System32\ucrtbase.dll
0x00007ffb4c9f0000 - 0x00007ffb4ca07000 	C:\Program Files\Android\Android Studio\jre\bin\VCRUNTIME140.dll
0x00007ffb4cac0000 - 0x00007ffb4cad9000 	C:\Program Files\Android\Android Studio\jre\bin\jli.dll
0x00007ffb80240000 - 0x00007ffb803ec000 	C:\WINDOWS\System32\USER32.dll
0x00007ffb5af40000 - 0x00007ffb5b1e5000 	C:\WINDOWS\WinSxS\amd64_microsoft.windows.common-controls_6595b64144ccf1df_6.0.22000.51_none_25c0e06ad7789dba\COMCTL32.dll
0x00007ffb7e740000 - 0x00007ffb7e766000 	C:\WINDOWS\System32\win32u.dll
0x00007ffb80890000 - 0x00007ffb80933000 	C:\WINDOWS\System32\msvcrt.dll
0x00007ffb804e0000 - 0x00007ffb80509000 	C:\WINDOWS\System32\GDI32.dll
0x00007ffb7ef50000 - 0x00007ffb7f062000 	C:\WINDOWS\System32\gdi32full.dll
0x00007ffb7ecd0000 - 0x00007ffb7ed6d000 	C:\WINDOWS\System32\msvcp_win.dll
0x00007ffb80200000 - 0x00007ffb80231000 	C:\WINDOWS\System32\IMM32.DLL
0x00007ffb3ac30000 - 0x00007ffb3accd000 	C:\Program Files\Android\Android Studio\jre\bin\msvcp140.dll
0x00007ffb16010000 - 0x00007ffb16acc000 	C:\Program Files\Android\Android Studio\jre\bin\server\jvm.dll
0x00007ffb7f250000 - 0x00007ffb7f2fc000 	C:\WINDOWS\System32\ADVAPI32.dll
0x00007ffb80100000 - 0x00007ffb8019d000 	C:\WINDOWS\System32\sechost.dll
0x00007ffb7f300000 - 0x00007ffb7f421000 	C:\WINDOWS\System32\RPCRT4.dll
0x00007ffb7f450000 - 0x00007ffb7f458000 	C:\WINDOWS\System32\PSAPI.DLL
0x00007ffb5fb00000 - 0x00007ffb5fb09000 	C:\WINDOWS\SYSTEM32\WSOCK32.dll
0x00007ffb768f0000 - 0x00007ffb76923000 	C:\WINDOWS\SYSTEM32\WINMM.dll
0x00007ffb71d40000 - 0x00007ffb71d4a000 	C:\WINDOWS\SYSTEM32\VERSION.dll
0x00007ffb80470000 - 0x00007ffb804df000 	C:\WINDOWS\System32\WS2_32.dll
0x00007ffb7d8a0000 - 0x00007ffb7d8b8000 	C:\WINDOWS\SYSTEM32\kernel.appcore.dll
0x00007ffb4c9c0000 - 0x00007ffb4c9d1000 	C:\Program Files\Android\Android Studio\jre\bin\verify.dll
0x00007ffb7c1e0000 - 0x00007ffb7c401000 	C:\WINDOWS\SYSTEM32\DBGHELP.DLL
0x00007ffb71750000 - 0x00007ffb71781000 	C:\WINDOWS\SYSTEM32\dbgcore.DLL
0x00007ffb7e6c0000 - 0x00007ffb7e740000 	C:\WINDOWS\System32\bcryptPrimitives.dll
0x00007ffb4c990000 - 0x00007ffb4c9b9000 	C:\Program Files\Android\Android Studio\jre\bin\java.dll
0x00007ffb6bd90000 - 0x00007ffb6bd9b000 	C:\Program Files\Android\Android Studio\jre\bin\jimage.dll
0x00007ffb4bc30000 - 0x00007ffb4bc48000 	C:\Program Files\Android\Android Studio\jre\bin\zip.dll
0x00007ffb7f7b0000 - 0x00007ffb7ff58000 	C:\WINDOWS\System32\SHELL32.dll
0x00007ffb7c840000 - 0x00007ffb7d0a2000 	C:\WINDOWS\SYSTEM32\windows.storage.dll
0x00007ffb80510000 - 0x00007ffb80888000 	C:\WINDOWS\System32\combase.dll
0x00007ffb7c6d0000 - 0x00007ffb7c836000 	C:\WINDOWS\SYSTEM32\wintypes.dll
0x00007ffb7fff0000 - 0x00007ffb800da000 	C:\WINDOWS\System32\SHCORE.dll
0x00007ffb81120000 - 0x00007ffb8117d000 	C:\WINDOWS\System32\shlwapi.dll
0x00007ffb7e5f0000 - 0x00007ffb7e611000 	C:\WINDOWS\SYSTEM32\profapi.dll
0x00007ffb4bc10000 - 0x00007ffb4bc2a000 	C:\Program Files\Android\Android Studio\jre\bin\net.dll
0x00007ffb78f60000 - 0x00007ffb7906c000 	C:\WINDOWS\SYSTEM32\WINHTTP.dll
0x00007ffb7dcb0000 - 0x00007ffb7dd17000 	C:\WINDOWS\system32\mswsock.dll
0x00007ffb4ba50000 - 0x00007ffb4ba64000 	C:\Program Files\Android\Android Studio\jre\bin\nio.dll
0x00007ffb3ac00000 - 0x00007ffb3ac26000 	C:\Users\Ashish Pal\.gradle\native\fdc75f09e3144964f2cf3f50f0aa648679c211496f362492102eb8c894070792\windows-amd64\native-platform.dll
0x00007ffb2aec0000 - 0x00007ffb2b051000 	C:\Users\Ashish Pal\.gradle\native\12488b8bf47d2d4c9fbf2f6322a914ad602e24e48041cd04a747c6da556b65c4\windows-amd64\native-platform-file-events.dll
0x00007ffb568c0000 - 0x00007ffb568ca000 	C:\Program Files\Android\Android Studio\jre\bin\management.dll
0x00007ffb56880000 - 0x00007ffb5688c000 	C:\Program Files\Android\Android Studio\jre\bin\management_ext.dll
0x00007ffb7df10000 - 0x00007ffb7df28000 	C:\WINDOWS\SYSTEM32\CRYPTSP.dll
0x00007ffb7d800000 - 0x00007ffb7d835000 	C:\WINDOWS\system32\rsaenh.dll
0x00007ffb7ddc0000 - 0x00007ffb7dde9000 	C:\WINDOWS\SYSTEM32\USERENV.dll
0x00007ffb7e0b0000 - 0x00007ffb7e0d7000 	C:\WINDOWS\SYSTEM32\bcrypt.dll
0x00007ffb7df30000 - 0x00007ffb7df3c000 	C:\WINDOWS\SYSTEM32\CRYPTBASE.dll
0x00007ffb7d3e0000 - 0x00007ffb7d40d000 	C:\WINDOWS\SYSTEM32\IPHLPAPI.DLL
0x00007ffb803f0000 - 0x00007ffb803f9000 	C:\WINDOWS\System32\NSI.dll
0x00007ffb78f40000 - 0x00007ffb78f59000 	C:\WINDOWS\SYSTEM32\dhcpcsvc6.DLL
0x00007ffb79220000 - 0x00007ffb7923e000 	C:\WINDOWS\SYSTEM32\dhcpcsvc.DLL
0x00007ffb7d410000 - 0x00007ffb7d4f7000 	C:\WINDOWS\SYSTEM32\DNSAPI.dll

dbghelp: loaded successfully - version: 4.0.5 - missing functions: none
symbol engine: initialized successfully - sym options: 0x614 - pdb path: .;C:\Program Files\Android\Android Studio\jre\bin;C:\WINDOWS\SYSTEM32;C:\WINDOWS\WinSxS\amd64_microsoft.windows.common-controls_6595b64144ccf1df_6.0.22000.51_none_25c0e06ad7789dba;C:\Program Files\Android\Android Studio\jre\bin\server;C:\Users\Ashish Pal\.gradle\native\fdc75f09e3144964f2cf3f50f0aa648679c211496f362492102eb8c894070792\windows-amd64;C:\Users\Ashish Pal\.gradle\native\12488b8bf47d2d4c9fbf2f6322a914ad602e24e48041cd04a747c6da556b65c4\windows-amd64

VM Arguments:
jvm_args: -Dorg.gradle.appname=gradlew 
java_command: org.gradle.wrapper.GradleWrapperMain -q -Ptarget-platform=android-arm64 -Ptarget=D:\a_dev\AndroidStudioProjects\untitled3\lib\main.dart -Ptrack-widget-creation=true -Pfilesystem-scheme=org-dartlang-root -Pdart-defines=flutter.inspector.structuredErrors%3Dtrue assembleDebug
java_class_path (initial): D:\a_dev\AndroidStudioProjects\untitled3\android\\gradle\wrapper\gradle-wrapper.jar
Launcher Type: SUN_STANDARD

[Global flags]
     intx CICompilerCount                          = 4                                         {product} {ergonomic}
     uint ConcGCThreads                            = 2                                         {product} {ergonomic}
     uint G1ConcRefinementThreads                  = 8                                         {product} {ergonomic}
   size_t G1HeapRegionSize                         = 1048576                                   {product} {ergonomic}
    uintx GCDrainStackTargetSize                   = 64                                        {product} {ergonomic}
   size_t InitialHeapSize                          = 132120576                                 {product} {ergonomic}
   size_t MarkStackSize                            = 4194304                                   {product} {ergonomic}
   size_t MaxHeapSize                              = 2109734912                                {product} {ergonomic}
   size_t MaxNewSize                               = 1265631232                                {product} {ergonomic}
   size_t MinHeapDeltaBytes                        = 1048576                                   {product} {ergonomic}
    uintx NonNMethodCodeHeapSize                   = 5836300                                {pd product} {ergonomic}
    uintx NonProfiledCodeHeapSize                  = 122910970                              {pd product} {ergonomic}
    uintx ProfiledCodeHeapSize                     = 122910970                              {pd product} {ergonomic}
    uintx ReservedCodeCacheSize                    = 251658240                              {pd product} {ergonomic}
     bool SegmentedCodeCache                       = true                                      {product} {ergonomic}
     bool UseCompressedClassPointers               = true                                 {lp64_product} {ergonomic}
     bool UseCompressedOops                        = true                                 {lp64_product} {ergonomic}
     bool UseG1GC                                  = true                                      {product} {ergonomic}
     bool UseLargePagesIndividualAllocation        = false                                  {pd product} {ergonomic}

Logging:
Log output configuration:
 #0: stdout all=warning uptime,level,tags
 #1: stderr all=off uptime,level,tags

Environment Variables:
JAVA_HOME=C:\Program Files\Android\Android Studio\jre
CLASSPATH=D:\a_dev\AndroidStudioProjects\untitled3\android\\gradle\wrapper\gradle-wrapper.jar
PATH=C:\Python39\Scripts\;C:\Python39\;C:\Program Files\Python37\Scripts\;C:\Program Files\Python37\;D:\a_dev\anaconda;D:\a_dev\anaconda\Library\mingw-w64\bin;D:\a_dev\anaconda\Library\usr\bin;D:\a_dev\anaconda\Library\bin;D:\a_dev\anaconda\Scripts;C:\Program Files (x86)\Intel\Intel(R) Management Engine Components\iCLS\;C:\Program Files\Intel\Intel(R) Management Engine Components\iCLS\;C:\Windows\system32;C:\Windows;C:\Windows\System32\Wbem;C:\Windows\System32\WindowsPowerShell\v1.0\;C:\Windows\System32\OpenSSH\;C:\Program Files (x86)\Intel\Intel(R) Management Engine Components\DAL;C:\Program Files\Intel\Intel(R) Management Engine Components\DAL;C:\Program Files\Intel\WiFi\bin\;C:\Program Files\Common Files\Intel\WirelessCommon\;C:\Program Files (x86)\NVIDIA Corporation\PhysX\Common;C:\WINDOWS\system32;C:\WINDOWS;C:\WINDOWS\System32\Wbem;C:\WINDOWS\System32\WindowsPowerShell\v1.0\;C:\WINDOWS\System32\OpenSSH\;C:\Program Files\dotnet\;C:\Program Files\NVIDIA Corporation\NVIDIA NvDLISR;C:\Users\Ashish Pal\AppData\Roaming\Python\Python37\Scripts;C:\Program Files\nodejs\;C:\ProgramData\chocolatey\bin;D:\a_dev\MinGW\bin;;%SystemRoot%\system32;%SystemRoot%;%SystemRoot%\System32\Wbem;%SYSTEMROOT%\System32\WindowsPowerShell\v1.0\;%SYSTEMROOT%\System32\OpenSSH\;C:\Users\Ashish Pal\AppData\Local\Programs\Python\Python37\Scripts\;C:\Users\Ashish Pal\AppData\Local\Programs\Python\Python37\;C:\Users\Ashish Pal\AppData\Local\Programs\Python\Python39\Scripts\;C:\Users\Ashish Pal\AppData\Local\Programs\Python\Python39\;C:\Users\Ashish Pal\AppData\Local\Microsoft\WindowsApps;C:\Program Files\Java\jdk-14.0.1\bin;D:\a_dev\flutter\bin;C:\Users\Ashish Pal\AppData\Local\Programs\Microsoft VS Code\bin;C:\Users\Ashish Pal\AppData\Roaming\Python\Python38\Scripts;C:\Program Files\NVIDIA GPU Computing Toolkit\CUDA\v11.1\bin;C:\Users\Ashish Pal\AppData\Roaming\Python\Python37\Scripts;Path: C:\Users\Ashish Pal\.android\avd\Pixel_3_XL_API_30.avd;D:\a_dev\flutter\.pub-cache\bin;C:\Users\Ashish Pal\A
USERNAME=Ashish Pal
OS=Windows_NT
PROCESSOR_IDENTIFIER=Intel64 Family 6 Model 142 Stepping 11, GenuineIntel



---------------  S Y S T E M  ---------------

OS: Windows 10 , 64 bit Build 22000 (10.0.22000.37)
OS uptime: 0 days 19:31 hours
HyperV virtualization detected

CPU:total 8 (initial active 8) (4 cores per cpu, 2 threads per core) family 6 model 142 stepping 11, cmov, cx8, fxsr, mmx, sse, sse2, sse3, ssse3, sse4.1, sse4.2, popcnt, avx, avx2, aes, clmul, erms, 3dnowpref, lzcnt, ht, tsc, tscinvbit, bmi1, bmi2, adx, fma

Memory: 4k page, system-wide physical 8042M (693M free)
TotalPageFile size 16042M (AvailPageFile size 209M)
current process WorkingSet (physical memory assigned to process): 96M, peak: 96M
current process commit charge ("private bytes"): 224M, peak: 225M

vm_info: OpenJDK 64-Bit Server VM (11.0.8+10-b944.6842174) for windows-amd64 JRE (11.0.8+10-b944.6842174), built on Sep 19 2020 01:11:42 by "builder" with MS VC++ 14.0 (VS2015)

END.
