#
# There is insufficient memory for the Java Runtime Environment to continue.
# Native memory allocation (malloc) failed to allocate 68176 bytes for Chunk::new
# Possible reasons:
#   The system is out of physical RAM or swap space
#   The process is running with CompressedOops enabled, and the Java Heap may be blocking the growth of the native heap
# Possible solutions:
#   Reduce memory load on the system
#   Increase physical memory or swap space
#   Check if swap backing store is full
#   Decrease Java heap size (-Xmx/-Xms)
#   Decrease number of Java threads
#   Decrease Java thread stack sizes (-Xss)
#   Set larger code cache with -XX:ReservedCodeCacheSize=
#   JVM is running with Unscaled Compressed Oops mode in which the Java heap is
#     placed in the first 4GB address space. The Java Heap base address is the
#     maximum limit for the native heap growth. Please use -XX:HeapBaseMinAddress
#     to set the Java Heap base and to place the Java Heap above 4GB virtual address.
# This output file may be truncated or incomplete.
#
#  Out of Memory Error (./src/hotspot/share/memory/arena.cpp:197), pid=7436, tid=1208
#
# JRE version: OpenJDK Runtime Environment (11.0.8+10) (build 11.0.8+10-b944.6842174)
# Java VM: OpenJDK 64-Bit Server VM (11.0.8+10-b944.6842174, mixed mode, tiered, compressed oops, g1 gc, windows-amd64)
# No core dump will be written. Minidumps are not enabled by default on client versions of Windows
#

---------------  S U M M A R Y ------------

Command Line: --add-opens=java.base/java.util=ALL-UNNAMED --add-opens=java.base/java.lang=ALL-UNNAMED --add-opens=java.base/java.lang.invoke=ALL-UNNAMED --add-opens=java.prefs/java.util.prefs=ALL-UNNAMED -Xmx1536M -Dfile.encoding=windows-1252 -Duser.country=IN -Duser.language=en -Duser.variant org.gradle.launcher.daemon.bootstrap.GradleDaemon 6.7

Host: Intel(R) Core(TM) i5-8265U CPU @ 1.60GHz, 8 cores, 7G,  Windows 10 , 64 bit Build 22000 (10.0.22000.37)
Time: Mon Jul 19 15:07:25 2021 India Standard Time elapsed time: 29 seconds (0d 0h 0m 29s)

---------------  T H R E A D  ---------------

Current thread (0x00000231ced06800):  JavaThread "C2 CompilerThread0" daemon [_thread_in_native, id=1208, stack(0x000000dda5100000,0x000000dda5200000)]


Current CompileTask:
C2:  29331 11191       4       java.util.concurrent.locks.AbstractQueuedSynchronizer::enq (37 bytes)

Stack: [0x000000dda5100000,0x000000dda5200000]
Native frames: (J=compiled Java code, j=interpreted, Vv=VM code, C=native code)
V  [jvm.dll+0x5de50a]
V  [jvm.dll+0x7122f5]
V  [jvm.dll+0x71384d]
V  [jvm.dll+0x713f03]
V  [jvm.dll+0x23e728]
V  [jvm.dll+0xb899c]
V  [jvm.dll+0xb8e9c]
V  [jvm.dll+0x2b20e4]
V  [jvm.dll+0x502098]
V  [jvm.dll+0x1f8cde]
V  [jvm.dll+0x1f685f]
V  [jvm.dll+0x17f32c]
V  [jvm.dll+0x205047]
V  [jvm.dll+0x203891]
V  [jvm.dll+0x6dad3f]
V  [jvm.dll+0x6d3895]
V  [jvm.dll+0x5dd4a6]
C  [ucrtbase.dll+0x26c0c]
C  [KERNEL32.DLL+0x154e0]
C  [ntdll.dll+0x485b]


---------------  P R O C E S S  ---------------

Threads class SMR info:
_java_thread_list=0x00000231d86c8390, length=164, elements={
0x00000231b33c1000, 0x00000231ce350000, 0x00000231ce351000, 0x00000231ced03800,
0x00000231ced05000, 0x00000231ced06800, 0x00000231ced0b000, 0x00000231ced10000,
0x00000231cee67000, 0x00000231cee72000, 0x00000231d123d800, 0x00000231d05e6000,
0x00000231cf0bd800, 0x00000231d05c4800, 0x00000231d0291000, 0x00000231d1120800,
0x00000231d0ce8800, 0x00000231d088e800, 0x00000231d0cd3800, 0x00000231d102c000,
0x00000231d117d000, 0x00000231d1180800, 0x00000231d117e000, 0x00000231d117f800,
0x00000231d117e800, 0x00000231d1183800, 0x00000231d1181000, 0x00000231d1183000,
0x00000231d1182000, 0x00000231d2b02000, 0x00000231d2b00800, 0x00000231d2b03000,
0x00000231d2b04000, 0x00000231d2b04800, 0x00000231d2aff000, 0x00000231d2b05800,
0x00000231d2aff800, 0x00000231d2b09800, 0x00000231d2b08800, 0x00000231d2b07000,
0x00000231d2b0b000, 0x00000231d2b0a800, 0x00000231d2b06800, 0x00000231d2b0c000,
0x00000231d2b0d000, 0x00000231d2b08000, 0x00000231d2355800, 0x00000231d2359000,
0x00000231d2357800, 0x00000231d2358000, 0x00000231d2353800, 0x00000231d235a000,
0x00000231d2354000, 0x00000231d2356800, 0x00000231d235a800, 0x00000231d2355000,
0x00000231d235e800, 0x00000231d2361000, 0x00000231d235b800, 0x00000231d235f800,
0x00000231d235d000, 0x00000231d2362000, 0x00000231d235e000, 0x00000231d2360800,
0x00000231d235c000, 0x00000231d2b7d800, 0x00000231d2b7e800, 0x00000231d2b7b000,
0x00000231d2b7d000, 0x00000231d2b79000, 0x00000231d2b7f800, 0x00000231d2b7a800,
0x00000231d2b79800, 0x00000231d2b80000, 0x00000231d2b81000, 0x00000231d2b82000,
0x00000231d2b7c000, 0x00000231d2b82800, 0x00000231d2b86000, 0x00000231d2b87800,
0x00000231d2b85000, 0x00000231d2b84000, 0x00000231d2b86800, 0x00000231d2b83800,
0x00000231d23ff800, 0x00000231d23fe000, 0x00000231d2404800, 0x00000231d23ff000,
0x00000231d2401800, 0x00000231d2400800, 0x00000231d2403000, 0x00000231d2405800,
0x00000231d2407000, 0x00000231d2404000, 0x00000231d2402000, 0x00000231d2408000,
0x00000231d2406000, 0x00000231d2409800, 0x00000231d240b000, 0x00000231d240a800,
0x00000231d240c000, 0x00000231d240d000, 0x00000231d2408800, 0x00000231d1506800,
0x00000231d1507000, 0x00000231d1503000, 0x00000231d1501800, 0x00000231d1505800,
0x00000231d1504000, 0x00000231d1508000, 0x00000231d1502800, 0x00000231d1509000,
0x00000231d1509800, 0x00000231d150a800, 0x00000231d1505000, 0x00000231d150c000,
0x00000231d150d000, 0x00000231d150e800, 0x00000231d150f800, 0x00000231d150e000,
0x00000231d1510000, 0x00000231d150b800, 0x00000231d29f2800, 0x00000231d29f1000,
0x00000231d29f3800, 0x00000231d29f0000, 0x00000231d29f6800, 0x00000231d29f7800,
0x00000231d29f6000, 0x00000231d29f2000, 0x00000231d29fa000, 0x00000231d29f8800,
0x00000231d29f9000, 0x00000231d29f4000, 0x00000231d29f5000, 0x00000231d29fc800,
0x00000231d29fd000, 0x00000231d29fe000, 0x00000231d29ff000, 0x00000231d29fa800,
0x00000231d29fb800, 0x00000231d25a7000, 0x00000231d25a2800, 0x00000231d25a3800,
0x00000231d25a7800, 0x00000231d25a2000, 0x00000231d25a8800, 0x00000231d25a9000,
0x00000231d25aa000, 0x00000231d25a6000, 0x00000231d25a5000, 0x00000231d25a4800,
0x00000231d25ad800, 0x00000231d25ab800, 0x00000231d25ae000, 0x00000231d25af000,
0x00000231d8bcc800, 0x00000231d8bca000, 0x00000231d8bcb800, 0x00000231d8bcd800,
0x00000231d8bd0000, 0x00000231d8bce000, 0x00000231d8bcf000, 0x00000231d8bd0800
}

Java Threads: ( => current thread )
  0x00000231b33c1000 JavaThread "main" [_thread_blocked, id=7660, stack(0x000000dda4600000,0x000000dda4700000)]
  0x00000231ce350000 JavaThread "Reference Handler" daemon [_thread_blocked, id=576, stack(0x000000dda4d00000,0x000000dda4e00000)]
  0x00000231ce351000 JavaThread "Finalizer" daemon [_thread_blocked, id=14316, stack(0x000000dda4e00000,0x000000dda4f00000)]
  0x00000231ced03800 JavaThread "Signal Dispatcher" daemon [_thread_blocked, id=16860, stack(0x000000dda4f00000,0x000000dda5000000)]
  0x00000231ced05000 JavaThread "Attach Listener" daemon [_thread_blocked, id=13848, stack(0x000000dda5000000,0x000000dda5100000)]
=>0x00000231ced06800 JavaThread "C2 CompilerThread0" daemon [_thread_in_native, id=1208, stack(0x000000dda5100000,0x000000dda5200000)]
  0x00000231ced0b000 JavaThread "C1 CompilerThread0" daemon [_thread_blocked, id=14164, stack(0x000000dda5200000,0x000000dda5300000)]
  0x00000231ced10000 JavaThread "Sweeper thread" daemon [_thread_blocked, id=16016, stack(0x000000dda5300000,0x000000dda5400000)]
  0x00000231cee67000 JavaThread "Common-Cleaner" daemon [_thread_blocked, id=12572, stack(0x000000dda5400000,0x000000dda5500000)]
  0x00000231cee72000 JavaThread "Service Thread" daemon [_thread_blocked, id=580, stack(0x000000dda5500000,0x000000dda5600000)]
  0x00000231d123d800 JavaThread "Daemon health stats" [_thread_blocked, id=10572, stack(0x000000dda5b00000,0x000000dda5c00000)]
  0x00000231d05e6000 JavaThread "Incoming local TCP Connector on port 59038" [_thread_in_native, id=3580, stack(0x000000dda5c00000,0x000000dda5d00000)]
  0x00000231cf0bd800 JavaThread "Daemon periodic checks" [_thread_blocked, id=3372, stack(0x000000dda5d00000,0x000000dda5e00000)]
  0x00000231d05c4800 JavaThread "Daemon" [_thread_blocked, id=2148, stack(0x000000dda5e00000,0x000000dda5f00000)]
  0x00000231d0291000 JavaThread "Handler for socket connection from /127.0.0.1:59038 to /127.0.0.1:59039" [_thread_in_native, id=10968, stack(0x000000dda5f00000,0x000000dda6000000)]
  0x00000231d1120800 JavaThread "Cancel handler" [_thread_blocked, id=13760, stack(0x000000dda6000000,0x000000dda6100000)]
  0x00000231d0ce8800 JavaThread "Daemon worker" [_thread_blocked, id=16948, stack(0x000000dda6100000,0x000000dda6200000)]
  0x00000231d088e800 JavaThread "Asynchronous log dispatcher for DefaultDaemonConnection: socket connection from /127.0.0.1:59038 to /127.0.0.1:59039" [_thread_blocked, id=14456, stack(0x000000dda6200000,0x000000dda6300000)]
  0x00000231d0cd3800 JavaThread "Stdin handler" [_thread_blocked, id=18088, stack(0x000000dda6300000,0x000000dda6400000)]
  0x00000231d102c000 JavaThread "Thread-8" [_thread_blocked, id=8796, stack(0x000000dda6400000,0x000000dda6500000)]
  0x00000231d117d000 JavaThread "Cache worker for file hash cache (C:\Users\Ashish Pal\.gradle\caches\6.7\fileHashes)" [_thread_blocked, id=4000, stack(0x000000dda6a00000,0x000000dda6b00000)]
  0x00000231d1180800 JavaThread "File lock request listener" [_thread_in_native, id=10068, stack(0x000000dda6b00000,0x000000dda6c00000)]
  0x00000231d117e000 JavaThread "Cache worker for journal cache (C:\Users\Ashish Pal\.gradle\caches\journal-1)" [_thread_blocked, id=7892, stack(0x000000dda6c00000,0x000000dda6d00000)]
  0x00000231d117f800 JavaThread "Cache worker for file hash cache (D:\a_dev\AndroidStudioProjects\untitled3\android\.gradle\6.7\fileHashes)" [_thread_blocked, id=11848, stack(0x000000dda6f00000,0x000000dda7000000)]
  0x00000231d117e800 JavaThread "Cache worker for checksums cache (D:\a_dev\AndroidStudioProjects\untitled3\android\.gradle\checksums)" [_thread_blocked, id=11392, stack(0x000000dda7000000,0x000000dda7100000)]
  0x00000231d1183800 JavaThread "Cache worker for cache directory md-supplier (C:\Users\Ashish Pal\.gradle\caches\6.7\md-supplier)" [_thread_blocked, id=17496, stack(0x000000dda7100000,0x000000dda7200000)]
  0x00000231d1181000 JavaThread "Cache worker for cache directory md-rule (C:\Users\Ashish Pal\.gradle\caches\6.7\md-rule)" [_thread_blocked, id=5668, stack(0x000000dda7200000,0x000000dda7300000)]
  0x00000231d1183000 JavaThread "Cache worker for execution history cache (C:\Users\Ashish Pal\.gradle\caches\6.7\executionHistory)" [_thread_blocked, id=16444, stack(0x000000dda7400000,0x000000dda7500000)]
  0x00000231d1182000 JavaThread "jar transforms" [_thread_blocked, id=7008, stack(0x000000dda7500000,0x000000dda7600000)]
  0x00000231d2b02000 JavaThread "Cache worker for file content cache (C:\Users\Ashish Pal\.gradle\caches\6.7\fileContent)" [_thread_blocked, id=2388, stack(0x000000dda7600000,0x000000dda7700000)]
  0x00000231d2b00800 JavaThread "Cache worker for Build Output Cleanup Cache (D:\a_dev\AndroidStudioProjects\untitled3\android\.gradle\buildOutputCleanup)" [_thread_blocked, id=6604, stack(0x000000dda7700000,0x000000dda7800000)]
  0x00000231d2b03000 JavaThread "Build operations" [_thread_blocked, id=15124, stack(0x000000dda7300000,0x000000dda7400000)]
  0x00000231d2b04000 JavaThread "Build operations Thread 2" [_thread_blocked, id=18204, stack(0x000000dda7800000,0x000000dda7900000)]
  0x00000231d2b04800 JavaThread "Build operations Thread 3" [_thread_blocked, id=7828, stack(0x000000dda7900000,0x000000dda7a00000)]
  0x00000231d2aff000 JavaThread "Build operations Thread 4" [_thread_blocked, id=15564, stack(0x000000dda7a00000,0x000000dda7b00000)]
  0x00000231d2b05800 JavaThread "Build operations Thread 5" [_thread_blocked, id=14380, stack(0x000000dda7b00000,0x000000dda7c00000)]
  0x00000231d2aff800 JavaThread "Build operations Thread 6" [_thread_blocked, id=18568, stack(0x000000dda7c00000,0x000000dda7d00000)]
  0x00000231d2b09800 JavaThread "Build operations Thread 7" [_thread_blocked, id=19152, stack(0x000000dda7d00000,0x000000dda7e00000)]
  0x00000231d2b08800 JavaThread "Build operations Thread 8" [_thread_blocked, id=15752, stack(0x000000dda7e00000,0x000000dda7f00000)]
  0x00000231d2b07000 JavaThread "jar transforms Thread 2" [_thread_blocked, id=15108, stack(0x000000dda7f00000,0x000000dda8000000)]
  0x00000231d2b0b000 JavaThread "jar transforms Thread 3" [_thread_blocked, id=5140, stack(0x000000dda8000000,0x000000dda8100000)]
  0x00000231d2b0a800 JavaThread "jar transforms Thread 4" [_thread_blocked, id=13940, stack(0x000000dda8100000,0x000000dda8200000)]
  0x00000231d2b06800 JavaThread "jar transforms Thread 5" [_thread_blocked, id=18596, stack(0x000000dda8200000,0x000000dda8300000)]
  0x00000231d2b0c000 JavaThread "jar transforms Thread 6" [_thread_blocked, id=14448, stack(0x000000dda8300000,0x000000dda8400000)]
  0x00000231d2b0d000 JavaThread "jar transforms Thread 7" [_thread_blocked, id=3480, stack(0x000000dda8400000,0x000000dda8500000)]
  0x00000231d2b08000 JavaThread "jar transforms Thread 8" [_thread_blocked, id=12252, stack(0x000000dda8500000,0x000000dda8600000)]
  0x00000231d2355800 JavaThread "jar transforms Thread 9" [_thread_blocked, id=7692, stack(0x000000dda8600000,0x000000dda8700000)]
  0x00000231d2359000 JavaThread "jar transforms Thread 10" [_thread_blocked, id=17576, stack(0x000000dda8700000,0x000000dda8800000)]
  0x00000231d2357800 JavaThread "jar transforms Thread 11" [_thread_blocked, id=14544, stack(0x000000dda8800000,0x000000dda8900000)]
  0x00000231d2358000 JavaThread "jar transforms Thread 12" [_thread_blocked, id=1236, stack(0x000000dda8900000,0x000000dda8a00000)]
  0x00000231d2353800 JavaThread "jar transforms Thread 13" [_thread_blocked, id=3264, stack(0x000000dda8a00000,0x000000dda8b00000)]
  0x00000231d235a000 JavaThread "jar transforms Thread 14" [_thread_blocked, id=8744, stack(0x000000dda8b00000,0x000000dda8c00000)]
  0x00000231d2354000 JavaThread "jar transforms Thread 15" [_thread_blocked, id=4972, stack(0x000000dda8c00000,0x000000dda8d00000)]
  0x00000231d2356800 JavaThread "jar transforms Thread 16" [_thread_blocked, id=856, stack(0x000000dda8d00000,0x000000dda8e00000)]
  0x00000231d235a800 JavaThread "jar transforms Thread 17" [_thread_blocked, id=12088, stack(0x000000dda8e00000,0x000000dda8f00000)]
  0x00000231d2355000 JavaThread "jar transforms Thread 18" [_thread_blocked, id=7684, stack(0x000000dda8f00000,0x000000dda9000000)]
  0x00000231d235e800 JavaThread "jar transforms Thread 19" [_thread_blocked, id=8056, stack(0x000000dda9000000,0x000000dda9100000)]
  0x00000231d2361000 JavaThread "jar transforms Thread 20" [_thread_blocked, id=10376, stack(0x000000dda9100000,0x000000dda9200000)]
  0x00000231d235b800 JavaThread "jar transforms Thread 21" [_thread_blocked, id=7320, stack(0x000000dda9200000,0x000000dda9300000)]
  0x00000231d235f800 JavaThread "jar transforms Thread 22" [_thread_blocked, id=19248, stack(0x000000dda9300000,0x000000dda9400000)]
  0x00000231d235d000 JavaThread "jar transforms Thread 23" [_thread_blocked, id=17168, stack(0x000000dda9400000,0x000000dda9500000)]
  0x00000231d2362000 JavaThread "jar transforms Thread 24" [_thread_blocked, id=9436, stack(0x000000dda9500000,0x000000dda9600000)]
  0x00000231d235e000 JavaThread "jar transforms Thread 25" [_thread_blocked, id=11280, stack(0x000000dda9600000,0x000000dda9700000)]
  0x00000231d2360800 JavaThread "jar transforms Thread 26" [_thread_blocked, id=10016, stack(0x000000dda9700000,0x000000dda9800000)]
  0x00000231d235c000 JavaThread "jar transforms Thread 27" [_thread_blocked, id=10036, stack(0x000000dda9800000,0x000000dda9900000)]
  0x00000231d2b7d800 JavaThread "jar transforms Thread 28" [_thread_blocked, id=4052, stack(0x000000dda9900000,0x000000dda9a00000)]
  0x00000231d2b7e800 JavaThread "jar transforms Thread 29" [_thread_blocked, id=8424, stack(0x000000dda9a00000,0x000000dda9b00000)]
  0x00000231d2b7b000 JavaThread "jar transforms Thread 30" [_thread_blocked, id=10680, stack(0x000000dda9b00000,0x000000dda9c00000)]
  0x00000231d2b7d000 JavaThread "jar transforms Thread 31" [_thread_blocked, id=5888, stack(0x000000dda9c00000,0x000000dda9d00000)]
  0x00000231d2b79000 JavaThread "jar transforms Thread 32" [_thread_blocked, id=18672, stack(0x000000dda9d00000,0x000000dda9e00000)]
  0x00000231d2b7f800 JavaThread "jar transforms Thread 33" [_thread_blocked, id=2728, stack(0x000000dda9e00000,0x000000dda9f00000)]
  0x00000231d2b7a800 JavaThread "jar transforms Thread 34" [_thread_blocked, id=7092, stack(0x000000dda9f00000,0x000000ddaa000000)]
  0x00000231d2b79800 JavaThread "jar transforms Thread 35" [_thread_blocked, id=17816, stack(0x000000ddaa000000,0x000000ddaa100000)]
  0x00000231d2b80000 JavaThread "jar transforms Thread 36" [_thread_blocked, id=3712, stack(0x000000ddaa100000,0x000000ddaa200000)]
  0x00000231d2b81000 JavaThread "jar transforms Thread 37" [_thread_blocked, id=14292, stack(0x000000ddaa200000,0x000000ddaa300000)]
  0x00000231d2b82000 JavaThread "jar transforms Thread 38" [_thread_blocked, id=15628, stack(0x000000ddaa300000,0x000000ddaa400000)]
  0x00000231d2b7c000 JavaThread "jar transforms Thread 39" [_thread_blocked, id=15920, stack(0x000000ddaa400000,0x000000ddaa500000)]
  0x00000231d2b82800 JavaThread "jar transforms Thread 40" [_thread_blocked, id=14708, stack(0x000000ddaa500000,0x000000ddaa600000)]
  0x00000231d2b86000 JavaThread "jar transforms Thread 41" [_thread_blocked, id=12624, stack(0x000000ddaa600000,0x000000ddaa700000)]
  0x00000231d2b87800 JavaThread "jar transforms Thread 42" [_thread_blocked, id=6924, stack(0x000000ddaa700000,0x000000ddaa800000)]
  0x00000231d2b85000 JavaThread "jar transforms Thread 43" [_thread_blocked, id=12436, stack(0x000000ddaa800000,0x000000ddaa900000)]
  0x00000231d2b84000 JavaThread "jar transforms Thread 44" [_thread_blocked, id=19256, stack(0x000000ddaa900000,0x000000ddaaa00000)]
  0x00000231d2b86800 JavaThread "jar transforms Thread 45" [_thread_blocked, id=7416, stack(0x000000ddaaa00000,0x000000ddaab00000)]
  0x00000231d2b83800 JavaThread "jar transforms Thread 46" [_thread_blocked, id=4432, stack(0x000000ddaab00000,0x000000ddaac00000)]
  0x00000231d23ff800 JavaThread "jar transforms Thread 47" [_thread_blocked, id=8676, stack(0x000000ddaac00000,0x000000ddaad00000)]
  0x00000231d23fe000 JavaThread "jar transforms Thread 48" [_thread_blocked, id=13136, stack(0x000000ddaad00000,0x000000ddaae00000)]
  0x00000231d2404800 JavaThread "jar transforms Thread 49" [_thread_blocked, id=3328, stack(0x000000ddaae00000,0x000000ddaaf00000)]
  0x00000231d23ff000 JavaThread "jar transforms Thread 50" [_thread_blocked, id=19016, stack(0x000000ddaaf00000,0x000000ddab000000)]
  0x00000231d2401800 JavaThread "jar transforms Thread 51" [_thread_blocked, id=15368, stack(0x000000ddab000000,0x000000ddab100000)]
  0x00000231d2400800 JavaThread "jar transforms Thread 52" [_thread_blocked, id=9288, stack(0x000000ddab100000,0x000000ddab200000)]
  0x00000231d2403000 JavaThread "jar transforms Thread 53" [_thread_blocked, id=11372, stack(0x000000ddab200000,0x000000ddab300000)]
  0x00000231d2405800 JavaThread "jar transforms Thread 54" [_thread_blocked, id=19124, stack(0x000000ddab300000,0x000000ddab400000)]
  0x00000231d2407000 JavaThread "jar transforms Thread 55" [_thread_blocked, id=14268, stack(0x000000ddab400000,0x000000ddab500000)]
  0x00000231d2404000 JavaThread "jar transforms Thread 56" [_thread_blocked, id=184, stack(0x000000ddab500000,0x000000ddab600000)]
  0x00000231d2402000 JavaThread "jar transforms Thread 57" [_thread_blocked, id=9296, stack(0x000000ddab600000,0x000000ddab700000)]
  0x00000231d2408000 JavaThread "jar transforms Thread 58" [_thread_blocked, id=14340, stack(0x000000ddab700000,0x000000ddab800000)]
  0x00000231d2406000 JavaThread "jar transforms Thread 59" [_thread_blocked, id=13368, stack(0x000000ddab800000,0x000000ddab900000)]
  0x00000231d2409800 JavaThread "jar transforms Thread 60" [_thread_blocked, id=11436, stack(0x000000ddab900000,0x000000ddaba00000)]
  0x00000231d240b000 JavaThread "jar transforms Thread 61" [_thread_blocked, id=19420, stack(0x000000ddaba00000,0x000000ddabb00000)]
  0x00000231d240a800 JavaThread "jar transforms Thread 62" [_thread_blocked, id=9100, stack(0x000000ddabb00000,0x000000ddabc00000)]
  0x00000231d240c000 JavaThread "jar transforms Thread 63" [_thread_blocked, id=4940, stack(0x000000ddabc00000,0x000000ddabd00000)]
  0x00000231d240d000 JavaThread "jar transforms Thread 64" [_thread_blocked, id=10744, stack(0x000000ddabd00000,0x000000ddabe00000)]
  0x00000231d2408800 JavaThread "jar transforms Thread 65" [_thread_blocked, id=12032, stack(0x000000ddabe00000,0x000000ddabf00000)]
  0x00000231d1506800 JavaThread "jar transforms Thread 66" [_thread_blocked, id=12396, stack(0x000000ddabf00000,0x000000ddac000000)]
  0x00000231d1507000 JavaThread "jar transforms Thread 67" [_thread_blocked, id=6832, stack(0x000000ddac000000,0x000000ddac100000)]
  0x00000231d1503000 JavaThread "jar transforms Thread 68" [_thread_blocked, id=7868, stack(0x000000ddac100000,0x000000ddac200000)]
  0x00000231d1501800 JavaThread "jar transforms Thread 69" [_thread_blocked, id=7468, stack(0x000000ddac200000,0x000000ddac300000)]
  0x00000231d1505800 JavaThread "jar transforms Thread 70" [_thread_blocked, id=17956, stack(0x000000ddac300000,0x000000ddac400000)]
  0x00000231d1504000 JavaThread "jar transforms Thread 71" [_thread_blocked, id=4252, stack(0x000000ddac400000,0x000000ddac500000)]
  0x00000231d1508000 JavaThread "jar transforms Thread 72" [_thread_blocked, id=9512, stack(0x000000ddac500000,0x000000ddac600000)]
  0x00000231d1502800 JavaThread "jar transforms Thread 73" [_thread_blocked, id=15660, stack(0x000000ddac600000,0x000000ddac700000)]
  0x00000231d1509000 JavaThread "jar transforms Thread 74" [_thread_blocked, id=8908, stack(0x000000ddac700000,0x000000ddac800000)]
  0x00000231d1509800 JavaThread "jar transforms Thread 75" [_thread_blocked, id=4908, stack(0x000000ddac800000,0x000000ddac900000)]
  0x00000231d150a800 JavaThread "jar transforms Thread 76" [_thread_blocked, id=14940, stack(0x000000ddac900000,0x000000ddaca00000)]
  0x00000231d1505000 JavaThread "jar transforms Thread 77" [_thread_blocked, id=8356, stack(0x000000ddaca00000,0x000000ddacb00000)]
  0x00000231d150c000 JavaThread "jar transforms Thread 78" [_thread_blocked, id=9896, stack(0x000000ddacb00000,0x000000ddacc00000)]
  0x00000231d150d000 JavaThread "jar transforms Thread 79" [_thread_blocked, id=18320, stack(0x000000ddacc00000,0x000000ddacd00000)]
  0x00000231d150e800 JavaThread "jar transforms Thread 80" [_thread_blocked, id=18464, stack(0x000000ddacd00000,0x000000ddace00000)]
  0x00000231d150f800 JavaThread "jar transforms Thread 81" [_thread_blocked, id=3192, stack(0x000000ddace00000,0x000000ddacf00000)]
  0x00000231d150e000 JavaThread "jar transforms Thread 82" [_thread_blocked, id=18512, stack(0x000000ddacf00000,0x000000ddad000000)]
  0x00000231d1510000 JavaThread "jar transforms Thread 83" [_thread_blocked, id=17396, stack(0x000000ddad000000,0x000000ddad100000)]
  0x00000231d150b800 JavaThread "jar transforms Thread 84" [_thread_blocked, id=2132, stack(0x000000ddad100000,0x000000ddad200000)]
  0x00000231d29f2800 JavaThread "jar transforms Thread 85" [_thread_blocked, id=11888, stack(0x000000ddad200000,0x000000ddad300000)]
  0x00000231d29f1000 JavaThread "jar transforms Thread 86" [_thread_blocked, id=11592, stack(0x000000ddad300000,0x000000ddad400000)]
  0x00000231d29f3800 JavaThread "jar transforms Thread 87" [_thread_blocked, id=11328, stack(0x000000ddad400000,0x000000ddad500000)]
  0x00000231d29f0000 JavaThread "jar transforms Thread 88" [_thread_blocked, id=15296, stack(0x000000ddad500000,0x000000ddad600000)]
  0x00000231d29f6800 JavaThread "jar transforms Thread 89" [_thread_blocked, id=19240, stack(0x000000ddad600000,0x000000ddad700000)]
  0x00000231d29f7800 JavaThread "jar transforms Thread 90" [_thread_blocked, id=16796, stack(0x000000ddad700000,0x000000ddad800000)]
  0x00000231d29f6000 JavaThread "jar transforms Thread 91" [_thread_blocked, id=14160, stack(0x000000ddad800000,0x000000ddad900000)]
  0x00000231d29f2000 JavaThread "jar transforms Thread 92" [_thread_blocked, id=13416, stack(0x000000ddad900000,0x000000ddada00000)]
  0x00000231d29fa000 JavaThread "jar transforms Thread 93" [_thread_blocked, id=1312, stack(0x000000ddada00000,0x000000ddadb00000)]
  0x00000231d29f8800 JavaThread "jar transforms Thread 94" [_thread_blocked, id=15104, stack(0x000000ddadb00000,0x000000ddadc00000)]
  0x00000231d29f9000 JavaThread "jar transforms Thread 95" [_thread_blocked, id=11856, stack(0x000000ddadc00000,0x000000ddadd00000)]
  0x00000231d29f4000 JavaThread "jar transforms Thread 96" [_thread_blocked, id=9988, stack(0x000000ddadd00000,0x000000ddade00000)]
  0x00000231d29f5000 JavaThread "jar transforms Thread 97" [_thread_blocked, id=2384, stack(0x000000ddade00000,0x000000ddadf00000)]
  0x00000231d29fc800 JavaThread "jar transforms Thread 98" [_thread_blocked, id=16192, stack(0x000000ddadf00000,0x000000ddae000000)]
  0x00000231d29fd000 JavaThread "jar transforms Thread 99" [_thread_blocked, id=15384, stack(0x000000ddae000000,0x000000ddae100000)]
  0x00000231d29fe000 JavaThread "jar transforms Thread 100" [_thread_blocked, id=13560, stack(0x000000ddae100000,0x000000ddae200000)]
  0x00000231d29ff000 JavaThread "jar transforms Thread 101" [_thread_blocked, id=14168, stack(0x000000ddae200000,0x000000ddae300000)]
  0x00000231d29fa800 JavaThread "jar transforms Thread 102" [_thread_blocked, id=10372, stack(0x000000ddae300000,0x000000ddae400000)]
  0x00000231d29fb800 JavaThread "jar transforms Thread 103" [_thread_blocked, id=9304, stack(0x000000ddae400000,0x000000ddae500000)]
  0x00000231d25a7000 JavaThread "jar transforms Thread 104" [_thread_blocked, id=19020, stack(0x000000ddae500000,0x000000ddae600000)]
  0x00000231d25a2800 JavaThread "jar transforms Thread 105" [_thread_blocked, id=7712, stack(0x000000ddae600000,0x000000ddae700000)]
  0x00000231d25a3800 JavaThread "jar transforms Thread 106" [_thread_blocked, id=1680, stack(0x000000ddae700000,0x000000ddae800000)]
  0x00000231d25a7800 JavaThread "jar transforms Thread 107" [_thread_blocked, id=1296, stack(0x000000ddae800000,0x000000ddae900000)]
  0x00000231d25a2000 JavaThread "jar transforms Thread 108" [_thread_blocked, id=11872, stack(0x000000ddae900000,0x000000ddaea00000)]
  0x00000231d25a8800 JavaThread "jar transforms Thread 109" [_thread_blocked, id=16480, stack(0x000000ddaea00000,0x000000ddaeb00000)]
  0x00000231d25a9000 JavaThread "jar transforms Thread 110" [_thread_blocked, id=14928, stack(0x000000ddaeb00000,0x000000ddaec00000)]
  0x00000231d25aa000 JavaThread "jar transforms Thread 111" [_thread_blocked, id=9852, stack(0x000000ddaec00000,0x000000ddaed00000)]
  0x00000231d25a6000 JavaThread "jar transforms Thread 112" [_thread_blocked, id=9492, stack(0x000000ddaed00000,0x000000ddaee00000)]
  0x00000231d25a5000 JavaThread "jar transforms Thread 113" [_thread_blocked, id=13592, stack(0x000000ddaee00000,0x000000ddaef00000)]
  0x00000231d25a4800 JavaThread "jar transforms Thread 114" [_thread_blocked, id=17188, stack(0x000000ddaef00000,0x000000ddaf000000)]
  0x00000231d25ad800 JavaThread "Memory manager" [_thread_blocked, id=16660, stack(0x000000ddaf000000,0x000000ddaf100000)]
  0x00000231d25ab800 JavaThread "Execution worker for ':'" [_thread_blocked, id=2888, stack(0x000000ddaf100000,0x000000ddaf200000)]
  0x00000231d25ae000 JavaThread "Execution worker for ':' Thread 2" [_thread_blocked, id=12908, stack(0x000000ddaf200000,0x000000ddaf300000)]
  0x00000231d25af000 JavaThread "Execution worker for ':' Thread 3" [_thread_blocked, id=6940, stack(0x000000ddaf300000,0x000000ddaf400000)]
  0x00000231d8bcc800 JavaThread "Execution worker for ':' Thread 4" [_thread_blocked, id=16620, stack(0x000000ddaf400000,0x000000ddaf500000)]
  0x00000231d8bca000 JavaThread "Execution worker for ':' Thread 5" [_thread_blocked, id=9256, stack(0x000000ddaf500000,0x000000ddaf600000)]
  0x00000231d8bcb800 JavaThread "Execution worker for ':' Thread 6" [_thread_blocked, id=12440, stack(0x000000ddaf600000,0x000000ddaf700000)]
  0x00000231d8bcd800 JavaThread "Execution worker for ':' Thread 7" [_thread_blocked, id=16112, stack(0x000000ddaf700000,0x000000ddaf800000)]
  0x00000231d8bd0000 JavaThread "Cache worker for execution history cache (D:\a_dev\AndroidStudioProjects\untitled3\android\.gradle\6.7\executionHistory)" [_thread_blocked, id=15232, stack(0x000000ddaf800000,0x000000ddaf900000)]
  0x00000231d8bce000 JavaThread "Exec process" [_thread_in_native, id=14440, stack(0x000000ddaf900000,0x000000ddafa00000)]
  0x00000231d8bcf000 JavaThread "Exec process Thread 2" [_thread_in_native, id=19432, stack(0x000000ddafa00000,0x000000ddafb00000)]
  0x00000231d8bd0800 JavaThread "Exec process Thread 3" [_thread_in_native, id=5104, stack(0x000000ddafb00000,0x000000ddafc00000)]

Other Threads:
  0x00000231ce32a000 VMThread "VM Thread" [stack: 0x000000dda4c00000,0x000000dda4d00000] [id=284]
  0x00000231cee73800 WatcherThread [stack: 0x000000dda5600000,0x000000dda5700000] [id=15928]
  0x00000231b33d8000 GCTaskThread "GC Thread#0" [stack: 0x000000dda4700000,0x000000dda4800000] [id=17532]
  0x00000231cf8a2800 GCTaskThread "GC Thread#1" [stack: 0x000000dda5900000,0x000000dda5a00000] [id=9532]
  0x00000231cf8e1800 GCTaskThread "GC Thread#2" [stack: 0x000000dda5a00000,0x000000dda5b00000] [id=724]
  0x00000231d0c96800 GCTaskThread "GC Thread#3" [stack: 0x000000dda6500000,0x000000dda6600000] [id=14672]
  0x00000231d11d1000 GCTaskThread "GC Thread#4" [stack: 0x000000dda6600000,0x000000dda6700000] [id=6356]
  0x00000231d15c4000 GCTaskThread "GC Thread#5" [stack: 0x000000dda6700000,0x000000dda6800000] [id=6512]
  0x00000231d1745800 GCTaskThread "GC Thread#6" [stack: 0x000000dda6800000,0x000000dda6900000] [id=9960]
  0x00000231d018b800 GCTaskThread "GC Thread#7" [stack: 0x000000dda6900000,0x000000dda6a00000] [id=14276]
  0x00000231b33ff000 ConcurrentGCThread "G1 Main Marker" [stack: 0x000000dda4800000,0x000000dda4900000] [id=5504]
  0x00000231b3400800 ConcurrentGCThread "G1 Conc#0" [stack: 0x000000dda4900000,0x000000dda4a00000] [id=12852]
  0x00000231d1d1a800 ConcurrentGCThread "G1 Conc#1" [stack: 0x000000dda6d00000,0x000000dda6e00000] [id=6616]
  0x00000231b348d800 ConcurrentGCThread "G1 Refine#0" [stack: 0x000000dda4a00000,0x000000dda4b00000] [id=8528]
  0x00000231ce192800 ConcurrentGCThread "G1 Young RemSet Sampling" [stack: 0x000000dda4b00000,0x000000dda4c00000] [id=11212]

Threads with active compile tasks:
C2 CompilerThread0  29439 11191       4       java.util.concurrent.locks.AbstractQueuedSynchronizer::enq (37 bytes)

VM state:not at safepoint (normal execution)

VM Mutex/Monitor currently owned by a thread: None

Heap address: 0x00000000a0000000, size: 1536 MB, Compressed Oops mode: 32-bit
Narrow klass base: 0x0000000000000000, Narrow klass shift: 3
Compressed class space size: 1073741824 Address: 0x0000000100000000

Heap:
 garbage-first heap   total 155648K, used 116892K [0x00000000a0000000, 0x0000000100000000)
  region size 1024K, 22 young (22528K), 5 survivors (5120K)
 Metaspace       used 81967K, capacity 85589K, committed 85764K, reserved 1124352K
  class space    used 10715K, capacity 11839K, committed 11880K, reserved 1048576K
Heap Regions: E=young(eden), S=young(survivor), O=old, HS=humongous(starts), HC=humongous(continues), CS=collection set, F=free, A=archive, TAMS=top-at-mark-start (previous, next)
|   0|0x00000000a0000000, 0x00000000a0100000, 0x00000000a0100000|100%| O|  |TAMS 0x00000000a0100000, 0x00000000a0000000| Untracked 
|   1|0x00000000a0100000, 0x00000000a0200000, 0x00000000a0200000|100%| O|  |TAMS 0x00000000a0200000, 0x00000000a0100000| Untracked 
|   2|0x00000000a0200000, 0x00000000a0300000, 0x00000000a0300000|100%| O|  |TAMS 0x00000000a0300000, 0x00000000a0200000| Untracked 
|   3|0x00000000a0300000, 0x00000000a0400000, 0x00000000a0400000|100%|HS|  |TAMS 0x00000000a0400000, 0x00000000a0300000| Complete 
|   4|0x00000000a0400000, 0x00000000a0500000, 0x00000000a0500000|100%|HC|  |TAMS 0x00000000a0500000, 0x00000000a0400000| Complete 
|   5|0x00000000a0500000, 0x00000000a0600000, 0x00000000a0600000|100%|HC|  |TAMS 0x00000000a0600000, 0x00000000a0500000| Complete 
|   6|0x00000000a0600000, 0x00000000a0700000, 0x00000000a0700000|100%| O|  |TAMS 0x00000000a0700000, 0x00000000a0600000| Untracked 
|   7|0x00000000a0700000, 0x00000000a0800000, 0x00000000a0800000|100%| O|  |TAMS 0x00000000a0800000, 0x00000000a0700000| Untracked 
|   8|0x00000000a0800000, 0x00000000a0900000, 0x00000000a0900000|100%| O|  |TAMS 0x00000000a0900000, 0x00000000a0800000| Untracked 
|   9|0x00000000a0900000, 0x00000000a0a00000, 0x00000000a0a00000|100%| O|  |TAMS 0x00000000a0a00000, 0x00000000a0900000| Untracked 
|  10|0x00000000a0a00000, 0x00000000a0b00000, 0x00000000a0b00000|100%| O|  |TAMS 0x00000000a0b00000, 0x00000000a0a00000| Untracked 
|  11|0x00000000a0b00000, 0x00000000a0c00000, 0x00000000a0c00000|100%| O|  |TAMS 0x00000000a0c00000, 0x00000000a0b00000| Untracked 
|  12|0x00000000a0c00000, 0x00000000a0d00000, 0x00000000a0d00000|100%| O|  |TAMS 0x00000000a0d00000, 0x00000000a0c00000| Untracked 
|  13|0x00000000a0d00000, 0x00000000a0e00000, 0x00000000a0e00000|100%| O|  |TAMS 0x00000000a0e00000, 0x00000000a0d00000| Untracked 
|  14|0x00000000a0e00000, 0x00000000a0f00000, 0x00000000a0f00000|100%| O|  |TAMS 0x00000000a0f00000, 0x00000000a0e00000| Untracked 
|  15|0x00000000a0f00000, 0x00000000a1000000, 0x00000000a1000000|100%| O|  |TAMS 0x00000000a1000000, 0x00000000a0f00000| Untracked 
|  16|0x00000000a1000000, 0x00000000a1100000, 0x00000000a1100000|100%| O|  |TAMS 0x00000000a1100000, 0x00000000a1000000| Untracked 
|  17|0x00000000a1100000, 0x00000000a1200000, 0x00000000a1200000|100%| O|  |TAMS 0x00000000a1200000, 0x00000000a1100000| Untracked 
|  18|0x00000000a1200000, 0x00000000a1300000, 0x00000000a1300000|100%| O|  |TAMS 0x00000000a1300000, 0x00000000a1200000| Untracked 
|  19|0x00000000a1300000, 0x00000000a1400000, 0x00000000a1400000|100%| O|  |TAMS 0x00000000a1400000, 0x00000000a1300000| Untracked 
|  20|0x00000000a1400000, 0x00000000a1500000, 0x00000000a1500000|100%| O|  |TAMS 0x00000000a1500000, 0x00000000a1400000| Untracked 
|  21|0x00000000a1500000, 0x00000000a1600000, 0x00000000a1600000|100%|HS|  |TAMS 0x00000000a1600000, 0x00000000a1500000| Complete 
|  22|0x00000000a1600000, 0x00000000a1700000, 0x00000000a1700000|100%|HS|  |TAMS 0x00000000a1700000, 0x00000000a1600000| Complete 
|  23|0x00000000a1700000, 0x00000000a1800000, 0x00000000a1800000|100%|HC|  |TAMS 0x00000000a1800000, 0x00000000a1700000| Complete 
|  24|0x00000000a1800000, 0x00000000a1900000, 0x00000000a1900000|100%|HC|  |TAMS 0x00000000a1900000, 0x00000000a1800000| Complete 
|  25|0x00000000a1900000, 0x00000000a1a00000, 0x00000000a1a00000|100%|HS|  |TAMS 0x00000000a1a00000, 0x00000000a1900000| Complete 
|  26|0x00000000a1a00000, 0x00000000a1b00000, 0x00000000a1b00000|100%|HC|  |TAMS 0x00000000a1b00000, 0x00000000a1a00000| Complete 
|  27|0x00000000a1b00000, 0x00000000a1c00000, 0x00000000a1c00000|100%| O|  |TAMS 0x00000000a1c00000, 0x00000000a1b00000| Untracked 
|  28|0x00000000a1c00000, 0x00000000a1d00000, 0x00000000a1d00000|100%| O|  |TAMS 0x00000000a1d00000, 0x00000000a1c00000| Untracked 
|  29|0x00000000a1d00000, 0x00000000a1e00000, 0x00000000a1e00000|100%| O|  |TAMS 0x00000000a1e00000, 0x00000000a1d00000| Untracked 
|  30|0x00000000a1e00000, 0x00000000a1f00000, 0x00000000a1f00000|100%| O|  |TAMS 0x00000000a1f00000, 0x00000000a1e00000| Untracked 
|  31|0x00000000a1f00000, 0x00000000a2000000, 0x00000000a2000000|100%| O|  |TAMS 0x00000000a2000000, 0x00000000a1f00000| Untracked 
|  32|0x00000000a2000000, 0x00000000a2100000, 0x00000000a2100000|100%| O|  |TAMS 0x00000000a2100000, 0x00000000a2000000| Untracked 
|  33|0x00000000a2100000, 0x00000000a2200000, 0x00000000a2200000|100%| O|  |TAMS 0x00000000a2200000, 0x00000000a2100000| Untracked 
|  34|0x00000000a2200000, 0x00000000a2300000, 0x00000000a2300000|100%| O|  |TAMS 0x00000000a2300000, 0x00000000a2200000| Untracked 
|  35|0x00000000a2300000, 0x00000000a2400000, 0x00000000a2400000|100%| O|  |TAMS 0x00000000a2400000, 0x00000000a2300000| Untracked 
|  36|0x00000000a2400000, 0x00000000a2500000, 0x00000000a2500000|100%| O|  |TAMS 0x00000000a2500000, 0x00000000a2400000| Untracked 
|  37|0x00000000a2500000, 0x00000000a2600000, 0x00000000a2600000|100%| O|  |TAMS 0x00000000a2600000, 0x00000000a2500000| Untracked 
|  38|0x00000000a2600000, 0x00000000a2700000, 0x00000000a2700000|100%| O|  |TAMS 0x00000000a2700000, 0x00000000a2600000| Untracked 
|  39|0x00000000a2700000, 0x00000000a2800000, 0x00000000a2800000|100%| O|  |TAMS 0x00000000a2800000, 0x00000000a2700000| Untracked 
|  40|0x00000000a2800000, 0x00000000a2900000, 0x00000000a2900000|100%| O|  |TAMS 0x00000000a2900000, 0x00000000a2800000| Untracked 
|  41|0x00000000a2900000, 0x00000000a2a00000, 0x00000000a2a00000|100%| O|  |TAMS 0x00000000a2a00000, 0x00000000a2900000| Untracked 
|  42|0x00000000a2a00000, 0x00000000a2b00000, 0x00000000a2b00000|100%| O|  |TAMS 0x00000000a2b00000, 0x00000000a2a00000| Untracked 
|  43|0x00000000a2b00000, 0x00000000a2c00000, 0x00000000a2c00000|100%| O|  |TAMS 0x00000000a2c00000, 0x00000000a2b00000| Untracked 
|  44|0x00000000a2c00000, 0x00000000a2d00000, 0x00000000a2d00000|100%| O|  |TAMS 0x00000000a2d00000, 0x00000000a2c00000| Untracked 
|  45|0x00000000a2d00000, 0x00000000a2e00000, 0x00000000a2e00000|100%| O|  |TAMS 0x00000000a2e00000, 0x00000000a2d00000| Untracked 
|  46|0x00000000a2e00000, 0x00000000a2f00000, 0x00000000a2f00000|100%| O|  |TAMS 0x00000000a2f00000, 0x00000000a2e00000| Untracked 
|  47|0x00000000a2f00000, 0x00000000a3000000, 0x00000000a3000000|100%| O|  |TAMS 0x00000000a3000000, 0x00000000a2f00000| Untracked 
|  48|0x00000000a3000000, 0x00000000a3100000, 0x00000000a3100000|100%| O|  |TAMS 0x00000000a3100000, 0x00000000a3000000| Untracked 
|  49|0x00000000a3100000, 0x00000000a3200000, 0x00000000a3200000|100%| O|  |TAMS 0x00000000a3200000, 0x00000000a3100000| Untracked 
|  50|0x00000000a3200000, 0x00000000a3300000, 0x00000000a3300000|100%| O|  |TAMS 0x00000000a3300000, 0x00000000a3200000| Untracked 
|  51|0x00000000a3300000, 0x00000000a3400000, 0x00000000a3400000|100%| O|  |TAMS 0x00000000a3400000, 0x00000000a3300000| Untracked 
|  52|0x00000000a3400000, 0x00000000a3500000, 0x00000000a3500000|100%| O|  |TAMS 0x00000000a3500000, 0x00000000a3400000| Untracked 
|  53|0x00000000a3500000, 0x00000000a3600000, 0x00000000a3600000|100%| O|  |TAMS 0x00000000a3600000, 0x00000000a3500000| Untracked 
|  54|0x00000000a3600000, 0x00000000a3700000, 0x00000000a3700000|100%| O|  |TAMS 0x00000000a3700000, 0x00000000a3600000| Untracked 
|  55|0x00000000a3700000, 0x00000000a3800000, 0x00000000a3800000|100%| O|  |TAMS 0x00000000a3800000, 0x00000000a3700000| Untracked 
|  56|0x00000000a3800000, 0x00000000a3900000, 0x00000000a3900000|100%| O|  |TAMS 0x00000000a3900000, 0x00000000a3800000| Untracked 
|  57|0x00000000a3900000, 0x00000000a3a00000, 0x00000000a3a00000|100%| O|  |TAMS 0x00000000a3a00000, 0x00000000a3900000| Untracked 
|  58|0x00000000a3a00000, 0x00000000a3b00000, 0x00000000a3b00000|100%| O|  |TAMS 0x00000000a3b00000, 0x00000000a3a00000| Untracked 
|  59|0x00000000a3b00000, 0x00000000a3c00000, 0x00000000a3c00000|100%| O|  |TAMS 0x00000000a3c00000, 0x00000000a3b00000| Untracked 
|  60|0x00000000a3c00000, 0x00000000a3d00000, 0x00000000a3d00000|100%| O|  |TAMS 0x00000000a3d00000, 0x00000000a3c00000| Untracked 
|  61|0x00000000a3d00000, 0x00000000a3e00000, 0x00000000a3e00000|100%| O|  |TAMS 0x00000000a3e00000, 0x00000000a3d00000| Untracked 
|  62|0x00000000a3e00000, 0x00000000a3f00000, 0x00000000a3f00000|100%| O|  |TAMS 0x00000000a3f00000, 0x00000000a3e00000| Untracked 
|  63|0x00000000a3f00000, 0x00000000a4000000, 0x00000000a4000000|100%| O|  |TAMS 0x00000000a4000000, 0x00000000a3f00000| Untracked 
|  64|0x00000000a4000000, 0x00000000a4100000, 0x00000000a4100000|100%| O|  |TAMS 0x00000000a4100000, 0x00000000a4000000| Untracked 
|  65|0x00000000a4100000, 0x00000000a4200000, 0x00000000a4200000|100%| O|  |TAMS 0x00000000a4200000, 0x00000000a4100000| Untracked 
|  66|0x00000000a4200000, 0x00000000a4300000, 0x00000000a4300000|100%| O|  |TAMS 0x00000000a4300000, 0x00000000a4200000| Untracked 
|  67|0x00000000a4300000, 0x00000000a4400000, 0x00000000a4400000|100%| O|  |TAMS 0x00000000a4400000, 0x00000000a4300000| Untracked 
|  68|0x00000000a4400000, 0x00000000a4500000, 0x00000000a4500000|100%| O|  |TAMS 0x00000000a4500000, 0x00000000a4400000| Untracked 
|  69|0x00000000a4500000, 0x00000000a4600000, 0x00000000a4600000|100%| O|  |TAMS 0x00000000a4600000, 0x00000000a4500000| Untracked 
|  70|0x00000000a4600000, 0x00000000a4700000, 0x00000000a4700000|100%| O|  |TAMS 0x00000000a4700000, 0x00000000a4600000| Untracked 
|  71|0x00000000a4700000, 0x00000000a4800000, 0x00000000a4800000|100%| O|  |TAMS 0x00000000a4800000, 0x00000000a4700000| Untracked 
|  72|0x00000000a4800000, 0x00000000a4900000, 0x00000000a4900000|100%| O|  |TAMS 0x00000000a4900000, 0x00000000a4800000| Untracked 
|  73|0x00000000a4900000, 0x00000000a4a00000, 0x00000000a4a00000|100%| O|  |TAMS 0x00000000a4a00000, 0x00000000a4900000| Untracked 
|  74|0x00000000a4a00000, 0x00000000a4b00000, 0x00000000a4b00000|100%| O|  |TAMS 0x00000000a4b00000, 0x00000000a4a00000| Untracked 
|  75|0x00000000a4b00000, 0x00000000a4c00000, 0x00000000a4c00000|100%| O|  |TAMS 0x00000000a4c00000, 0x00000000a4b00000| Untracked 
|  76|0x00000000a4c00000, 0x00000000a4d00000, 0x00000000a4d00000|100%| O|  |TAMS 0x00000000a4d00000, 0x00000000a4c00000| Untracked 
|  77|0x00000000a4d00000, 0x00000000a4e00000, 0x00000000a4e00000|100%| O|  |TAMS 0x00000000a4e00000, 0x00000000a4d00000| Untracked 
|  78|0x00000000a4e00000, 0x00000000a4f00000, 0x00000000a4f00000|100%| O|  |TAMS 0x00000000a4f00000, 0x00000000a4e00000| Untracked 
|  79|0x00000000a4f00000, 0x00000000a5000000, 0x00000000a5000000|100%| O|  |TAMS 0x00000000a5000000, 0x00000000a4f00000| Untracked 
|  80|0x00000000a5000000, 0x00000000a5100000, 0x00000000a5100000|100%| O|  |TAMS 0x00000000a5100000, 0x00000000a5000000| Untracked 
|  81|0x00000000a5100000, 0x00000000a5200000, 0x00000000a5200000|100%| O|  |TAMS 0x00000000a5200000, 0x00000000a5100000| Untracked 
|  82|0x00000000a5200000, 0x00000000a5300000, 0x00000000a5300000|100%| O|  |TAMS 0x00000000a5300000, 0x00000000a5200000| Untracked 
|  83|0x00000000a5300000, 0x00000000a5400000, 0x00000000a5400000|100%| O|  |TAMS 0x00000000a5400000, 0x00000000a5300000| Untracked 
|  84|0x00000000a5400000, 0x00000000a5500000, 0x00000000a5500000|100%| O|  |TAMS 0x00000000a5500000, 0x00000000a5400000| Untracked 
|  85|0x00000000a5500000, 0x00000000a5600000, 0x00000000a5600000|100%| O|  |TAMS 0x00000000a5600000, 0x00000000a5500000| Untracked 
|  86|0x00000000a5600000, 0x00000000a5700000, 0x00000000a5700000|100%| O|  |TAMS 0x00000000a5700000, 0x00000000a5600000| Untracked 
|  87|0x00000000a5700000, 0x00000000a5800000, 0x00000000a5800000|100%| O|  |TAMS 0x00000000a5800000, 0x00000000a5700000| Untracked 
|  88|0x00000000a5800000, 0x00000000a5900000, 0x00000000a5900000|100%| O|  |TAMS 0x00000000a5900000, 0x00000000a5800000| Untracked 
|  89|0x00000000a5900000, 0x00000000a5a00000, 0x00000000a5a00000|100%| O|  |TAMS 0x00000000a598fc00, 0x00000000a5900000| Untracked 
|  90|0x00000000a5a00000, 0x00000000a5b00000, 0x00000000a5b00000|100%| O|  |TAMS 0x00000000a5a00000, 0x00000000a5a00000| Untracked 
|  91|0x00000000a5b00000, 0x00000000a5c00000, 0x00000000a5c00000|100%| O|  |TAMS 0x00000000a5b00000, 0x00000000a5b00000| Untracked 
|  92|0x00000000a5c00000, 0x00000000a5d00000, 0x00000000a5d00000|100%| O|  |TAMS 0x00000000a5c00000, 0x00000000a5c00000| Untracked 
|  93|0x00000000a5d00000, 0x00000000a5e00000, 0x00000000a5e00000|100%| O|  |TAMS 0x00000000a5d00000, 0x00000000a5d00000| Untracked 
|  94|0x00000000a5e00000, 0x00000000a5e27000, 0x00000000a5f00000| 15%| O|  |TAMS 0x00000000a5e00000, 0x00000000a5e00000| Untracked 
|  95|0x00000000a5f00000, 0x00000000a5f00000, 0x00000000a6000000|  0%| F|  |TAMS 0x00000000a5f00000, 0x00000000a5f00000| Untracked 
|  96|0x00000000a6000000, 0x00000000a6000000, 0x00000000a6100000|  0%| F|  |TAMS 0x00000000a6000000, 0x00000000a6000000| Untracked 
|  97|0x00000000a6100000, 0x00000000a6100000, 0x00000000a6200000|  0%| F|  |TAMS 0x00000000a6100000, 0x00000000a6100000| Untracked 
|  98|0x00000000a6200000, 0x00000000a6200000, 0x00000000a6300000|  0%| F|  |TAMS 0x00000000a6200000, 0x00000000a6200000| Untracked 
|  99|0x00000000a6300000, 0x00000000a6300000, 0x00000000a6400000|  0%| F|  |TAMS 0x00000000a6300000, 0x00000000a6300000| Untracked 
| 100|0x00000000a6400000, 0x00000000a6400000, 0x00000000a6500000|  0%| F|  |TAMS 0x00000000a6400000, 0x00000000a6400000| Untracked 
| 101|0x00000000a6500000, 0x00000000a6500000, 0x00000000a6600000|  0%| F|  |TAMS 0x00000000a6500000, 0x00000000a6500000| Untracked 
| 102|0x00000000a6600000, 0x00000000a6600000, 0x00000000a6700000|  0%| F|  |TAMS 0x00000000a6600000, 0x00000000a6600000| Untracked 
| 103|0x00000000a6700000, 0x00000000a6700000, 0x00000000a6800000|  0%| F|  |TAMS 0x00000000a6700000, 0x00000000a6700000| Untracked 
| 104|0x00000000a6800000, 0x00000000a6800000, 0x00000000a6900000|  0%| F|  |TAMS 0x00000000a6800000, 0x00000000a6800000| Untracked 
| 105|0x00000000a6900000, 0x00000000a6900000, 0x00000000a6a00000|  0%| F|  |TAMS 0x00000000a6900000, 0x00000000a6900000| Untracked 
| 106|0x00000000a6a00000, 0x00000000a6a00000, 0x00000000a6b00000|  0%| F|  |TAMS 0x00000000a6a00000, 0x00000000a6a00000| Untracked 
| 107|0x00000000a6b00000, 0x00000000a6b00000, 0x00000000a6c00000|  0%| F|  |TAMS 0x00000000a6b00000, 0x00000000a6b00000| Untracked 
| 108|0x00000000a6c00000, 0x00000000a6c00000, 0x00000000a6d00000|  0%| F|  |TAMS 0x00000000a6c00000, 0x00000000a6c00000| Untracked 
| 109|0x00000000a6d00000, 0x00000000a6d00000, 0x00000000a6e00000|  0%| F|  |TAMS 0x00000000a6d00000, 0x00000000a6d00000| Untracked 
| 110|0x00000000a6e00000, 0x00000000a6e00000, 0x00000000a6f00000|  0%| F|  |TAMS 0x00000000a6e00000, 0x00000000a6e00000| Untracked 
| 111|0x00000000a6f00000, 0x00000000a6f00000, 0x00000000a7000000|  0%| F|  |TAMS 0x00000000a6f00000, 0x00000000a6f00000| Untracked 
| 112|0x00000000a7000000, 0x00000000a7000000, 0x00000000a7100000|  0%| F|  |TAMS 0x00000000a7000000, 0x00000000a7000000| Untracked 
| 113|0x00000000a7100000, 0x00000000a7100000, 0x00000000a7200000|  0%| F|  |TAMS 0x00000000a7100000, 0x00000000a7100000| Untracked 
| 114|0x00000000a7200000, 0x00000000a7200000, 0x00000000a7300000|  0%| F|  |TAMS 0x00000000a7200000, 0x00000000a7200000| Untracked 
| 115|0x00000000a7300000, 0x00000000a7400000, 0x00000000a7400000|100%| S|CS|TAMS 0x00000000a7300000, 0x00000000a7300000| Complete 
| 116|0x00000000a7400000, 0x00000000a7500000, 0x00000000a7500000|100%| S|CS|TAMS 0x00000000a7400000, 0x00000000a7400000| Complete 
| 117|0x00000000a7500000, 0x00000000a7600000, 0x00000000a7600000|100%| S|CS|TAMS 0x00000000a7500000, 0x00000000a7500000| Complete 
| 118|0x00000000a7600000, 0x00000000a7700000, 0x00000000a7700000|100%| S|CS|TAMS 0x00000000a7600000, 0x00000000a7600000| Complete 
| 119|0x00000000a7700000, 0x00000000a7700000, 0x00000000a7800000|  0%| F|  |TAMS 0x00000000a7700000, 0x00000000a7700000| Untracked 
| 120|0x00000000a7800000, 0x00000000a7800000, 0x00000000a7900000|  0%| F|  |TAMS 0x00000000a7800000, 0x00000000a7800000| Untracked 
| 121|0x00000000a7900000, 0x00000000a7a00000, 0x00000000a7a00000|100%| S|CS|TAMS 0x00000000a7900000, 0x00000000a7900000| Complete 
| 122|0x00000000a7a00000, 0x00000000a7a00000, 0x00000000a7b00000|  0%| F|  |TAMS 0x00000000a7a00000, 0x00000000a7a00000| Untracked 
| 123|0x00000000a7b00000, 0x00000000a7b00000, 0x00000000a7c00000|  0%| F|  |TAMS 0x00000000a7b00000, 0x00000000a7b00000| Untracked 
| 124|0x00000000a7c00000, 0x00000000a7c00000, 0x00000000a7d00000|  0%| F|  |TAMS 0x00000000a7c00000, 0x00000000a7c00000| Untracked 
| 125|0x00000000a7d00000, 0x00000000a7d00000, 0x00000000a7e00000|  0%| F|  |TAMS 0x00000000a7d00000, 0x00000000a7d00000| Untracked 
| 126|0x00000000a7e00000, 0x00000000a7e00000, 0x00000000a7f00000|  0%| F|  |TAMS 0x00000000a7e00000, 0x00000000a7e00000| Untracked 
| 127|0x00000000a7f00000, 0x00000000a7f00000, 0x00000000a8000000|  0%| F|  |TAMS 0x00000000a7f00000, 0x00000000a7f00000| Untracked 
| 128|0x00000000a8000000, 0x00000000a8000000, 0x00000000a8100000|  0%| F|  |TAMS 0x00000000a8000000, 0x00000000a8000000| Untracked 
| 129|0x00000000a8100000, 0x00000000a8100000, 0x00000000a8200000|  0%| F|  |TAMS 0x00000000a8100000, 0x00000000a8100000| Untracked 
| 130|0x00000000a8200000, 0x00000000a8200000, 0x00000000a8300000|  0%| F|  |TAMS 0x00000000a8200000, 0x00000000a8200000| Untracked 
| 131|0x00000000a8300000, 0x00000000a8300000, 0x00000000a8400000|  0%| F|  |TAMS 0x00000000a8300000, 0x00000000a8300000| Untracked 
| 132|0x00000000a8400000, 0x00000000a8400000, 0x00000000a8500000|  0%| F|  |TAMS 0x00000000a8400000, 0x00000000a8400000| Untracked 
| 133|0x00000000a8500000, 0x00000000a8500000, 0x00000000a8600000|  0%| F|  |TAMS 0x00000000a8500000, 0x00000000a8500000| Untracked 
| 134|0x00000000a8600000, 0x00000000a8600000, 0x00000000a8700000|  0%| F|  |TAMS 0x00000000a8600000, 0x00000000a8600000| Untracked 
| 135|0x00000000a8700000, 0x00000000a8751438, 0x00000000a8800000| 31%| E|  |TAMS 0x00000000a8700000, 0x00000000a8700000| Complete 
| 136|0x00000000a8800000, 0x00000000a88ffc88, 0x00000000a8900000| 99%| E|  |TAMS 0x00000000a8800000, 0x00000000a8800000| Complete 
| 137|0x00000000a8900000, 0x00000000a8a00000, 0x00000000a8a00000|100%| E|CS|TAMS 0x00000000a8900000, 0x00000000a8900000| Complete 
| 138|0x00000000a8a00000, 0x00000000a8b00000, 0x00000000a8b00000|100%| E|CS|TAMS 0x00000000a8a00000, 0x00000000a8a00000| Complete 
| 139|0x00000000a8b00000, 0x00000000a8c00000, 0x00000000a8c00000|100%| E|CS|TAMS 0x00000000a8b00000, 0x00000000a8b00000| Complete 
| 140|0x00000000a8c00000, 0x00000000a8d00000, 0x00000000a8d00000|100%| E|CS|TAMS 0x00000000a8c00000, 0x00000000a8c00000| Complete 
| 141|0x00000000a8d00000, 0x00000000a8e00000, 0x00000000a8e00000|100%| E|CS|TAMS 0x00000000a8d00000, 0x00000000a8d00000| Complete 
| 142|0x00000000a8e00000, 0x00000000a8f00000, 0x00000000a8f00000|100%| E|CS|TAMS 0x00000000a8e00000, 0x00000000a8e00000| Complete 
| 143|0x00000000a8f00000, 0x00000000a9000000, 0x00000000a9000000|100%| E|CS|TAMS 0x00000000a8f00000, 0x00000000a8f00000| Complete 
| 144|0x00000000a9000000, 0x00000000a9100000, 0x00000000a9100000|100%| E|CS|TAMS 0x00000000a9000000, 0x00000000a9000000| Complete 
| 145|0x00000000a9100000, 0x00000000a9200000, 0x00000000a9200000|100%| E|CS|TAMS 0x00000000a9100000, 0x00000000a9100000| Complete 
| 146|0x00000000a9200000, 0x00000000a9300000, 0x00000000a9300000|100%| E|CS|TAMS 0x00000000a9200000, 0x00000000a9200000| Complete 
| 147|0x00000000a9300000, 0x00000000a9400000, 0x00000000a9400000|100%| E|CS|TAMS 0x00000000a9300000, 0x00000000a9300000| Complete 
| 148|0x00000000a9400000, 0x00000000a9500000, 0x00000000a9500000|100%| E|CS|TAMS 0x00000000a9400000, 0x00000000a9400000| Complete 
| 149|0x00000000a9500000, 0x00000000a9600000, 0x00000000a9600000|100%| E|CS|TAMS 0x00000000a9500000, 0x00000000a9500000| Complete 
| 150|0x00000000a9600000, 0x00000000a9700000, 0x00000000a9700000|100%| E|CS|TAMS 0x00000000a9600000, 0x00000000a9600000| Complete 
| 151|0x00000000a9700000, 0x00000000a9800000, 0x00000000a9800000|100%| E|CS|TAMS 0x00000000a9700000, 0x00000000a9700000| Complete 

Card table byte_map: [0x00000231c8270000,0x00000231c8570000] _byte_map_base: 0x00000231c7d70000

Marking Bits (Prev, Next): (CMBitMap*) 0x00000231b33f8698, (CMBitMap*) 0x00000231b33f86d0
 Prev Bits: [0x00000231c8870000, 0x00000231ca070000)
 Next Bits: [0x00000231ca070000, 0x00000231cb870000)

Polling page: 0x00000231b3490000

Metaspace:

Usage:
  Non-class:     72.02 MB capacity,    69.58 MB ( 97%) used,     2.20 MB (  3%) free+waste,   241.38 KB ( <1%) overhead. 
      Class:     11.56 MB capacity,    10.46 MB ( 91%) used,  1009.26 KB (  9%) free+waste,   113.94 KB ( <1%) overhead. 
       Both:     83.58 MB capacity,    80.05 MB ( 96%) used,     3.19 MB (  4%) free+waste,   355.31 KB ( <1%) overhead. 

Virtual space:
  Non-class space:       74.00 MB reserved,      72.15 MB ( 98%) committed 
      Class space:        1.00 GB reserved,      11.60 MB (  1%) committed 
             Both:        1.07 GB reserved,      83.75 MB (  8%) committed 

Chunk freelists:
   Non-Class:  6.00 KB
       Class:  1.00 KB
        Both:  7.00 KB

MaxMetaspaceSize: 17179869184.00 GB
CompressedClassSpaceSize: 1.00 GB

CodeHeap 'non-profiled nmethods': size=120000Kb used=5032Kb max_used=5938Kb free=114967Kb
 bounds [0x00000231bffe0000, 0x00000231c05b0000, 0x00000231c7510000]
CodeHeap 'profiled nmethods': size=120000Kb used=19137Kb max_used=22637Kb free=100862Kb
 bounds [0x00000231b8ab0000, 0x00000231ba0d0000, 0x00000231bffe0000]
CodeHeap 'non-nmethods': size=5760Kb used=2256Kb max_used=2331Kb free=3503Kb
 bounds [0x00000231b8510000, 0x00000231b8780000, 0x00000231b8ab0000]
 total_blobs=10491 nmethods=9641 adapters=761
 compilation: enabled
              stopped_count=0, restarted_count=0
 full_count=0

Compilation events (20 events):
Event: 28.302 Thread 0x00000231ced0b000 11185   !   3       java.io.PrintStream::write (66 bytes)
Event: 28.303 Thread 0x00000231ced0b000 nmethod 11185 0x00000231b8ae3c90 code [0x00000231b8ae3ec0, 0x00000231b8ae45f8]
Event: 28.303 Thread 0x00000231ced0b000 11186       3       org.gradle.internal.io.LineBufferingOutputStream::write (59 bytes)
Event: 28.306 Thread 0x00000231ced0b000 nmethod 11186 0x00000231b8aebf10 code [0x00000231b8aec1c0, 0x00000231b8aecf18]
Event: 28.306 Thread 0x00000231ced0b000 11187       3       org.gradle.internal.io.StreamByteBuffer$StreamByteBufferOutputStream::write (22 bytes)
Event: 28.307 Thread 0x00000231ced0b000 nmethod 11187 0x00000231b8ac9690 code [0x00000231b8ac9860, 0x00000231b8ac9ae8]
Event: 28.307 Thread 0x00000231ced0b000 11188       3       org.gradle.internal.io.StreamByteBuffer$StreamByteBufferChunk::write (32 bytes)
Event: 28.307 Thread 0x00000231ced0b000 nmethod 11188 0x00000231b8ad9a90 code [0x00000231b8ad9c40, 0x00000231b8ad9dd8]
Event: 28.307 Thread 0x00000231ced0b000 11189       3       org.gradle.internal.io.LineBufferingOutputStream::endsWithLineSeparator (27 bytes)
Event: 28.307 Thread 0x00000231ced0b000 nmethod 11189 0x00000231b8adc410 code [0x00000231b8adc5c0, 0x00000231b8adc758]
Event: 28.320 Thread 0x00000231ced06800 nmethod 11179 0x00000231c0028390 code [0x00000231c00285a0, 0x00000231c0028d30]
Event: 28.320 Thread 0x00000231ced06800 11184       4       org.gradle.internal.logging.text.AbstractLineChoppingStyledTextOutput$StateContext::hasChar (22 bytes)
Event: 28.321 Thread 0x00000231ced06800 nmethod 11184 0x00000231c0007890 code [0x00000231c0007a20, 0x00000231c0007a98]
Event: 28.321 Thread 0x00000231ced06800 11180       4       org.gradle.internal.logging.text.AbstractLineChoppingStyledTextOutput$1::execute (130 bytes)
Event: 28.338 Thread 0x00000231ced06800 nmethod 11180 0x00000231c0036a90 code [0x00000231c0036ca0, 0x00000231c0037410]
Event: 28.338 Thread 0x00000231ced06800 11181       4       org.gradle.internal.logging.text.AbstractLineChoppingStyledTextOutput$2::execute (73 bytes)
Event: 28.354 Thread 0x00000231ced06800 nmethod 11181 0x00000231c002bb90 code [0x00000231c002bd80, 0x00000231c002c310]
Event: 28.931 Thread 0x00000231ced06800 11190       4       java.util.concurrent.locks.AbstractQueuedSynchronizer$ConditionObject::addConditionWaiter (79 bytes)
Event: 28.950 Thread 0x00000231ced06800 nmethod 11190 0x00000231c002ee90 code [0x00000231c002f040, 0x00000231c002f618]
Event: 29.325 Thread 0x00000231ced06800 11191       4       java.util.concurrent.locks.AbstractQueuedSynchronizer::enq (37 bytes)

GC Heap History (20 events):
Event: 17.191 GC heap before
{Heap before GC invocations=19 (full 0):
 garbage-first heap   total 129024K, used 101629K [0x00000000a0000000, 0x0000000100000000)
  region size 1024K, 42 young (43008K), 4 survivors (4096K)
 Metaspace       used 70865K, capacity 72992K, committed 73220K, reserved 1112064K
  class space    used 9194K, capacity 9964K, committed 10088K, reserved 1048576K
}
Event: 17.208 GC heap after
{Heap after GC invocations=20 (full 0):
 garbage-first heap   total 129024K, used 70162K [0x00000000a0000000, 0x0000000100000000)
  region size 1024K, 6 young (6144K), 6 survivors (6144K)
 Metaspace       used 70865K, capacity 72992K, committed 73220K, reserved 1112064K
  class space    used 9194K, capacity 9964K, committed 10088K, reserved 1048576K
}
Event: 18.152 GC heap before
{Heap before GC invocations=21 (full 0):
 garbage-first heap   total 129024K, used 101906K [0x00000000a0000000, 0x0000000100000000)
  region size 1024K, 38 young (38912K), 6 survivors (6144K)
 Metaspace       used 72061K, capacity 74744K, committed 75012K, reserved 1114112K
  class space    used 9363K, capacity 10245K, committed 10344K, reserved 1048576K
}
Event: 18.168 GC heap after
{Heap after GC invocations=22 (full 0):
 garbage-first heap   total 129024K, used 75873K [0x00000000a0000000, 0x0000000100000000)
  region size 1024K, 5 young (5120K), 5 survivors (5120K)
 Metaspace       used 72061K, capacity 74744K, committed 75012K, reserved 1114112K
  class space    used 9363K, capacity 10245K, committed 10344K, reserved 1048576K
}
Event: 18.845 GC heap before
{Heap before GC invocations=22 (full 0):
 garbage-first heap   total 129024K, used 102497K [0x00000000a0000000, 0x0000000100000000)
  region size 1024K, 32 young (32768K), 5 survivors (5120K)
 Metaspace       used 72576K, capacity 75694K, committed 75908K, reserved 1114112K
  class space    used 9420K, capacity 10372K, committed 10472K, reserved 1048576K
}
Event: 18.862 GC heap after
{Heap after GC invocations=23 (full 0):
 garbage-first heap   total 129024K, used 80543K [0x00000000a0000000, 0x0000000100000000)
  region size 1024K, 4 young (4096K), 4 survivors (4096K)
 Metaspace       used 72576K, capacity 75694K, committed 75908K, reserved 1114112K
  class space    used 9420K, capacity 10372K, committed 10472K, reserved 1048576K
}
Event: 19.382 GC heap before
{Heap before GC invocations=24 (full 0):
 garbage-first heap   total 129024K, used 104095K [0x00000000a0000000, 0x0000000100000000)
  region size 1024K, 27 young (27648K), 4 survivors (4096K)
 Metaspace       used 73839K, capacity 76957K, committed 77060K, reserved 1116160K
  class space    used 9607K, capacity 10548K, committed 10600K, reserved 1048576K
}
Event: 19.396 GC heap after
{Heap after GC invocations=25 (full 0):
 garbage-first heap   total 155648K, used 84398K [0x00000000a0000000, 0x0000000100000000)
  region size 1024K, 4 young (4096K), 4 survivors (4096K)
 Metaspace       used 73839K, capacity 76957K, committed 77060K, reserved 1116160K
  class space    used 9607K, capacity 10548K, committed 10600K, reserved 1048576K
}
Event: 20.094 GC heap before
{Heap before GC invocations=25 (full 0):
 garbage-first heap   total 155648K, used 116142K [0x00000000a0000000, 0x0000000100000000)
  region size 1024K, 35 young (35840K), 4 survivors (4096K)
 Metaspace       used 76810K, capacity 79991K, committed 80132K, reserved 1118208K
  class space    used 10048K, capacity 11017K, committed 11112K, reserved 1048576K
}
Event: 20.104 GC heap after
{Heap after GC invocations=26 (full 0):
 garbage-first heap   total 155648K, used 85669K [0x00000000a0000000, 0x0000000100000000)
  region size 1024K, 2 young (2048K), 2 survivors (2048K)
 Metaspace       used 76810K, capacity 79991K, committed 80132K, reserved 1118208K
  class space    used 10048K, capacity 11017K, committed 11112K, reserved 1048576K
}
Event: 21.108 GC heap before
{Heap before GC invocations=27 (full 0):
 garbage-first heap   total 155648K, used 118437K [0x00000000a0000000, 0x0000000100000000)
  region size 1024K, 34 young (34816K), 2 survivors (2048K)
 Metaspace       used 78259K, capacity 81631K, committed 81924K, reserved 1120256K
  class space    used 10224K, capacity 11270K, committed 11368K, reserved 1048576K
}
Event: 21.122 GC heap after
{Heap after GC invocations=28 (full 0):
 garbage-first heap   total 155648K, used 89851K [0x00000000a0000000, 0x0000000100000000)
  region size 1024K, 5 young (5120K), 5 survivors (5120K)
 Metaspace       used 78259K, capacity 81631K, committed 81924K, reserved 1120256K
  class space    used 10224K, capacity 11270K, committed 11368K, reserved 1048576K
}
Event: 21.867 GC heap before
{Heap before GC invocations=28 (full 0):
 garbage-first heap   total 155648K, used 120571K [0x00000000a0000000, 0x0000000100000000)
  region size 1024K, 36 young (36864K), 5 survivors (5120K)
 Metaspace       used 79128K, capacity 82562K, committed 82820K, reserved 1120256K
  class space    used 10370K, capacity 11447K, committed 11496K, reserved 1048576K
}
Event: 21.883 GC heap after
{Heap after GC invocations=29 (full 0):
 garbage-first heap   total 155648K, used 91941K [0x00000000a0000000, 0x0000000100000000)
  region size 1024K, 2 young (2048K), 2 survivors (2048K)
 Metaspace       used 79128K, capacity 82562K, committed 82820K, reserved 1120256K
  class space    used 10370K, capacity 11447K, committed 11496K, reserved 1048576K
}
Event: 22.595 GC heap before
{Heap before GC invocations=30 (full 0):
 garbage-first heap   total 155648K, used 122661K [0x00000000a0000000, 0x0000000100000000)
  region size 1024K, 33 young (33792K), 2 survivors (2048K)
 Metaspace       used 79470K, capacity 83025K, committed 83076K, reserved 1120256K
  class space    used 10381K, capacity 11483K, committed 11496K, reserved 1048576K
}
Event: 22.602 GC heap after
{Heap after GC invocations=31 (full 0):
 garbage-first heap   total 155648K, used 93842K [0x00000000a0000000, 0x0000000100000000)
  region size 1024K, 4 young (4096K), 4 survivors (4096K)
 Metaspace       used 79470K, capacity 83025K, committed 83076K, reserved 1120256K
  class space    used 10381K, capacity 11483K, committed 11496K, reserved 1048576K
}
Event: 23.035 GC heap before
{Heap before GC invocations=31 (full 0):
 garbage-first heap   total 155648K, used 125586K [0x00000000a0000000, 0x0000000100000000)
  region size 1024K, 35 young (35840K), 4 survivors (4096K)
 Metaspace       used 79759K, capacity 83252K, committed 83332K, reserved 1122304K
  class space    used 10406K, capacity 11493K, committed 11496K, reserved 1048576K
}
Event: 23.047 GC heap after
{Heap after GC invocations=32 (full 0):
 garbage-first heap   total 155648K, used 96831K [0x00000000a0000000, 0x0000000100000000)
  region size 1024K, 5 young (5120K), 5 survivors (5120K)
 Metaspace       used 79759K, capacity 83252K, committed 83332K, reserved 1122304K
  class space    used 10406K, capacity 11493K, committed 11496K, reserved 1048576K
}
Event: 23.633 GC heap before
{Heap before GC invocations=33 (full 0):
 garbage-first heap   total 155648K, used 127551K [0x00000000a0000000, 0x0000000100000000)
  region size 1024K, 35 young (35840K), 5 survivors (5120K)
 Metaspace       used 80834K, capacity 84412K, committed 84612K, reserved 1122304K
  class space    used 10542K, capacity 11637K, committed 11752K, reserved 1048576K
}
Event: 23.650 GC heap after
{Heap after GC invocations=34 (full 0):
 garbage-first heap   total 155648K, used 101532K [0x00000000a0000000, 0x0000000100000000)
  region size 1024K, 5 young (5120K), 5 survivors (5120K)
 Metaspace       used 80834K, capacity 84412K, committed 84612K, reserved 1122304K
  class space    used 10542K, capacity 11637K, committed 11752K, reserved 1048576K
}

Deoptimization events (20 events):
Event: 28.298 Thread 0x00000231d8bcf000 Uncommon trap: trap_request=0xffffffc6 fr.pc=0x00000231c04121a4 relative=0x0000000000000324
Event: 28.298 Thread 0x00000231d8bcf000 Uncommon trap: reason=bimorphic_or_optimized_type_check action=maybe_recompile pc=0x00000231c04121a4 method=org.gradle.internal.logging.sink.OutputEventRenderer.onOutput(Lorg/gradle/internal/logging/events/OutputEvent;)V @ 1 c2
Event: 28.298 Thread 0x00000231d8bcf000 DEOPT PACKING pc=0x00000231c04121a4 sp=0x000000ddafafe740
Event: 28.298 Thread 0x00000231d8bcf000 DEOPT UNPACKING pc=0x00000231b85374af sp=0x000000ddafafe6f8 mode 2
Event: 28.299 Thread 0x00000231d8bcf000 Uncommon trap: trap_request=0xffffff4d fr.pc=0x00000231c0476028 relative=0x0000000000000088
Event: 28.299 Thread 0x00000231d8bcf000 Uncommon trap: reason=unstable_if action=reinterpret pc=0x00000231c0476028 method=org.gradle.internal.operations.logging.LoggingBuildOperationProgressBroadcaster.onOutput(Lorg/gradle/internal/logging/events/OutputEvent;)V @ 4 c2
Event: 28.299 Thread 0x00000231d8bcf000 DEOPT PACKING pc=0x00000231c0476028 sp=0x000000ddafafe770
Event: 28.299 Thread 0x00000231d8bcf000 DEOPT UNPACKING pc=0x00000231b85374af sp=0x000000ddafafe700 mode 2
Event: 28.299 Thread 0x00000231d8bcf000 Uncommon trap: trap_request=0xffffffc6 fr.pc=0x00000231c04121a4 relative=0x0000000000000324
Event: 28.299 Thread 0x00000231d8bcf000 Uncommon trap: reason=bimorphic_or_optimized_type_check action=maybe_recompile pc=0x00000231c04121a4 method=org.gradle.internal.logging.sink.OutputEventRenderer.onOutput(Lorg/gradle/internal/logging/events/OutputEvent;)V @ 1 c2
Event: 28.299 Thread 0x00000231d8bcf000 DEOPT PACKING pc=0x00000231c04121a4 sp=0x000000ddafafe740
Event: 28.299 Thread 0x00000231d8bcf000 DEOPT UNPACKING pc=0x00000231b85374af sp=0x000000ddafafe6f8 mode 2
Event: 28.300 Thread 0x00000231d8bcf000 Uncommon trap: trap_request=0xffffffc6 fr.pc=0x00000231c04121a4 relative=0x0000000000000324
Event: 28.300 Thread 0x00000231d8bcf000 Uncommon trap: reason=bimorphic_or_optimized_type_check action=maybe_recompile pc=0x00000231c04121a4 method=org.gradle.internal.logging.sink.OutputEventRenderer.onOutput(Lorg/gradle/internal/logging/events/OutputEvent;)V @ 1 c2
Event: 28.300 Thread 0x00000231d8bcf000 DEOPT PACKING pc=0x00000231c04121a4 sp=0x000000ddafafe740
Event: 28.300 Thread 0x00000231d8bcf000 DEOPT UNPACKING pc=0x00000231b85374af sp=0x000000ddafafe6f8 mode 2
Event: 28.300 Thread 0x00000231d8bcf000 Uncommon trap: trap_request=0xffffffc6 fr.pc=0x00000231c04121a4 relative=0x0000000000000324
Event: 28.300 Thread 0x00000231d8bcf000 Uncommon trap: reason=bimorphic_or_optimized_type_check action=maybe_recompile pc=0x00000231c04121a4 method=org.gradle.internal.logging.sink.OutputEventRenderer.onOutput(Lorg/gradle/internal/logging/events/OutputEvent;)V @ 1 c2
Event: 28.300 Thread 0x00000231d8bcf000 DEOPT PACKING pc=0x00000231c04121a4 sp=0x000000ddafafe740
Event: 28.300 Thread 0x00000231d8bcf000 DEOPT UNPACKING pc=0x00000231b85374af sp=0x000000ddafafe6f8 mode 2

Classes redefined (0 events):
No events

Internal exceptions (20 events):
Event: 23.931 Thread 0x00000231d25af000 Exception <a 'java/lang/NoSuchMethodError'{0x00000000a8c41b38}: 'void java.lang.invoke.DirectMethodHandle$Holder.invokeVirtual(java.lang.Object, java.lang.Object)'> (0x00000000a8c41b38) thrown at [./src/hotspot/share/interpreter/linkResolver.cpp, line 773]
Event: 23.970 Thread 0x00000231d25af000 Exception <a 'java/lang/ClassNotFoundException'{0x00000000a8bd4310}: org/gradle/process/internal/DefaultExecAction_DecoratedBeanInfo> (0x00000000a8bd4310) thrown at [./src/hotspot/share/classfile/systemDictionary.cpp, line 231]
Event: 23.972 Thread 0x00000231d25af000 Exception <a 'java/lang/ClassNotFoundException'{0x00000000a8bf80b8}: org/gradle/process/internal/DefaultExecActionBeanInfo> (0x00000000a8bf80b8) thrown at [./src/hotspot/share/classfile/systemDictionary.cpp, line 231]
Event: 23.973 Thread 0x00000231d25af000 Exception <a 'java/lang/ClassNotFoundException'{0x00000000a8a1e5f8}: org/gradle/process/internal/DefaultExecHandleBuilderBeanInfo> (0x00000000a8a1e5f8) thrown at [./src/hotspot/share/classfile/systemDictionary.cpp, line 231]
Event: 23.974 Thread 0x00000231d25af000 Exception <a 'java/lang/ClassNotFoundException'{0x00000000a8a44730}: org/gradle/process/internal/AbstractExecHandleBuilderBeanInfo> (0x00000000a8a44730) thrown at [./src/hotspot/share/classfile/systemDictionary.cpp, line 231]
Event: 23.975 Thread 0x00000231d25af000 Exception <a 'java/lang/ClassNotFoundException'{0x00000000a8a6a8c8}: org/gradle/process/internal/DefaultProcessForkOptionsBeanInfo> (0x00000000a8a6a8c8) thrown at [./src/hotspot/share/classfile/systemDictionary.cpp, line 231]
Event: 23.976 Thread 0x00000231d25af000 Exception <a 'java/lang/ClassNotFoundException'{0x00000000a8a90a68}: org/gradle/process/internal/DefaultProcessForkOptionsCustomizer> (0x00000000a8a90a68) thrown at [./src/hotspot/share/classfile/systemDictionary.cpp, line 231]
Event: 23.982 Thread 0x00000231d25af000 Exception <a 'java/lang/ClassNotFoundException'{0x00000000a8ac2fe0}: org/gradle/process/internal/AbstractExecHandleBuilderCustomizer> (0x00000000a8ac2fe0) thrown at [./src/hotspot/share/classfile/systemDictionary.cpp, line 231]
Event: 23.984 Thread 0x00000231d25af000 Exception <a 'java/lang/ClassNotFoundException'{0x00000000a8afb1c0}: org/gradle/process/internal/DefaultExecHandleBuilderCustomizer> (0x00000000a8afb1c0) thrown at [./src/hotspot/share/classfile/systemDictionary.cpp, line 231]
Event: 23.988 Thread 0x00000231d25af000 Exception <a 'java/lang/ClassNotFoundException'{0x00000000a894c2c8}: org/gradle/process/internal/DefaultExecActionCustomizer> (0x00000000a894c2c8) thrown at [./src/hotspot/share/classfile/systemDictionary.cpp, line 231]
Event: 23.990 Thread 0x00000231d25af000 Exception <a 'java/lang/ClassNotFoundException'{0x00000000a897c2c0}: org/gradle/process/internal/DefaultExecAction_DecoratedCustomizer> (0x00000000a897c2c0) thrown at [./src/hotspot/share/classfile/systemDictionary.cpp, line 231]
Event: 23.993 Thread 0x00000231d25af000 Exception <a 'java/lang/ClassNotFoundException'{0x00000000a89c47c0}: org/gradle/api/logging/LogLevelBeanInfo> (0x00000000a89c47c0) thrown at [./src/hotspot/share/classfile/systemDictionary.cpp, line 231]
Event: 23.995 Thread 0x00000231d25af000 Exception <a 'java/lang/ClassNotFoundException'{0x00000000a89e3738}: org/gradle/api/logging/LogLevelCustomizer> (0x00000000a89e3738) thrown at [./src/hotspot/share/classfile/systemDictionary.cpp, line 231]
Event: 24.003 Thread 0x00000231d25af000 Exception <a 'java/lang/ClassNotFoundException'{0x00000000a8838758}: org/gradle/internal/logging/compatbridge/LoggingManagerInternalCompatibilityBridgeBeanInfo> (0x00000000a8838758) thrown at [./src/hotspot/share/classfile/systemDictionary.cpp, line 231]
Event: 24.004 Thread 0x00000231d25af000 Exception <a 'java/lang/ClassNotFoundException'{0x00000000a88657c0}: org/gradle/internal/logging/compatbridge/LoggingManagerInternalCompatibilityBridgeCustomizer> (0x00000000a88657c0) thrown at [./src/hotspot/share/classfile/systemDictionary.cpp, line 231]
Event: 24.037 Thread 0x00000231d8bce000 Exception <a 'java/lang/NoSuchMethodError'{0x00000000a88d8ca8}: 'void java.lang.invoke.DirectMethodHandle$Holder.invokeStatic(java.lang.Object, long)'> (0x00000000a88d8ca8) thrown at [./src/hotspot/share/interpreter/linkResolver.cpp, line 773]
Event: 24.038 Thread 0x00000231d8bce000 Exception <a 'java/lang/NoSuchMethodError'{0x00000000a88ddec0}: 'java.lang.Object java.lang.invoke.DirectMethodHandle$Holder.invokeStatic(java.lang.Object, long)'> (0x00000000a88ddec0) thrown at [./src/hotspot/share/interpreter/linkResolver.cpp, line 773]
Event: 24.041 Thread 0x00000231d8bce000 Exception <a 'java/lang/NoSuchMethodError'{0x00000000a88ec4d8}: 'java.lang.Object java.lang.invoke.DirectMethodHandle$Holder.invokeStaticInit(java.lang.Object, java.lang.Object, long, java.lang.Object)'> (0x00000000a88ec4d8) thrown at [./src/hotspot/share/interpreter/linkResolver.cpp, line 773]
Event: 24.042 Thread 0x00000231d8bce000 Exception <a 'java/lang/NoSuchMethodError'{0x00000000a88f23c8}: 'java.lang.Object java.lang.invoke.DirectMethodHandle$Holder.invokeStatic(java.lang.Object, java.lang.Object, long)'> (0x00000000a88f23c8) thrown at [./src/hotspot/share/interpreter/linkResolver.cpp, line 773]
Event: 24.043 Thread 0x00000231d8bce000 Exception <a 'java/lang/NoSuchMethodError'{0x00000000a88f88e0}: 'java.lang.Object java.lang.invoke.Invokers$Holder.linkToTargetMethod(java.lang.Object, long, java.lang.Object)'> (0x00000000a88f88e0) thrown at [./src/hotspot/share/interpreter/linkResolver.cpp, line 773]

Events (20 events):
Event: 24.034 Thread 0x00000231ced10000 flushing nmethod 0x00000231b9fd5910
Event: 24.034 Thread 0x00000231ced10000 flushing nmethod 0x00000231b9fd6310
Event: 24.034 Thread 0x00000231ced10000 flushing nmethod 0x00000231ba06d790
Event: 24.039 loading class java/lang/ProcessHandleImpl
Event: 24.040 loading class java/lang/ProcessHandleImpl done
Event: 24.043 loading class java/lang/ProcessImpl$2
Event: 24.044 loading class java/lang/ProcessImpl$2 done
Event: 24.044 loading class java/lang/Process$PipeInputStream
Event: 24.044 loading class java/lang/Process$PipeInputStream done
Event: 24.044 Executing VM operation: Deoptimize
Event: 24.046 Executing VM operation: Deoptimize done
Event: 24.047 loading class org/gradle/process/internal/streams/ExecOutputHandleRunner
Event: 24.047 loading class org/gradle/process/internal/streams/ExecOutputHandleRunner done
Event: 24.049 Thread 0x00000231d8bcf000 Thread added: 0x00000231d8bcf000
Event: 24.049 Thread 0x00000231d8bd0800 Thread added: 0x00000231d8bd0800
Event: 25.428 Thread 0x00000231d48f3800 Thread exited: 0x00000231d48f3800
Event: 28.297 loading class org/gradle/internal/logging/events/StyledTextOutputEvent$Span
Event: 28.297 loading class org/gradle/internal/logging/events/StyledTextOutputEvent$Span done
Event: 28.297 loading class org/gradle/internal/logging/events/operations/StyledTextBuildOperationProgressDetails$Span
Event: 28.297 loading class org/gradle/internal/logging/events/operations/StyledTextBuildOperationProgressDetails$Span done


Dynamic libraries:
0x00007ff6ff830000 - 0x00007ff6ff83a000 	C:\Program Files\Android\Android Studio\jre\bin\java.exe
0x00007ffed72e0000 - 0x00007ffed74e7000 	C:\WINDOWS\SYSTEM32\ntdll.dll
0x00007ffed5760000 - 0x00007ffed581d000 	C:\WINDOWS\System32\KERNEL32.DLL
0x00007ffed47c0000 - 0x00007ffed4b34000 	C:\WINDOWS\System32\KERNELBASE.dll
0x00007ffed1960000 - 0x00007ffed19f1000 	C:\WINDOWS\SYSTEM32\apphelp.dll
0x00007ffed5050000 - 0x00007ffed5161000 	C:\WINDOWS\System32\ucrtbase.dll
0x00007ffec2e10000 - 0x00007ffec2e27000 	C:\Program Files\Android\Android Studio\jre\bin\VCRUNTIME140.dll
0x00007ffec53d0000 - 0x00007ffec53e9000 	C:\Program Files\Android\Android Studio\jre\bin\jli.dll
0x00007ffed6500000 - 0x00007ffed66ac000 	C:\WINDOWS\System32\USER32.dll
0x00007ffed4e40000 - 0x00007ffed4e66000 	C:\WINDOWS\System32\win32u.dll
0x00007ffeb3360000 - 0x00007ffeb3605000 	C:\WINDOWS\WinSxS\amd64_microsoft.windows.common-controls_6595b64144ccf1df_6.0.22000.51_none_25c0e06ad7789dba\COMCTL32.dll
0x00007ffed6450000 - 0x00007ffed64f3000 	C:\WINDOWS\System32\msvcrt.dll
0x00007ffed7070000 - 0x00007ffed7099000 	C:\WINDOWS\System32\GDI32.dll
0x00007ffed4d20000 - 0x00007ffed4e32000 	C:\WINDOWS\System32\gdi32full.dll
0x00007ffed4b40000 - 0x00007ffed4bdd000 	C:\WINDOWS\System32\msvcp_win.dll
0x00007ffed7190000 - 0x00007ffed71c1000 	C:\WINDOWS\System32\IMM32.DLL
0x00007ffe951e0000 - 0x00007ffe9527d000 	C:\Program Files\Android\Android Studio\jre\bin\msvcp140.dll
0x00007ffe79040000 - 0x00007ffe79afc000 	C:\Program Files\Android\Android Studio\jre\bin\server\jvm.dll
0x00007ffed71f0000 - 0x00007ffed729c000 	C:\WINDOWS\System32\ADVAPI32.dll
0x00007ffed5410000 - 0x00007ffed54ad000 	C:\WINDOWS\System32\sechost.dll
0x00007ffed5200000 - 0x00007ffed5321000 	C:\WINDOWS\System32\RPCRT4.dll
0x00007ffed51f0000 - 0x00007ffed51f8000 	C:\WINDOWS\System32\PSAPI.DLL
0x00007ffeba7d0000 - 0x00007ffeba7d9000 	C:\WINDOWS\SYSTEM32\WSOCK32.dll
0x00007ffeccdb0000 - 0x00007ffeccde3000 	C:\WINDOWS\SYSTEM32\WINMM.dll
0x00007ffed56f0000 - 0x00007ffed575f000 	C:\WINDOWS\System32\WS2_32.dll
0x00007ffec84c0000 - 0x00007ffec84ca000 	C:\WINDOWS\SYSTEM32\VERSION.dll
0x00007ffed39a0000 - 0x00007ffed39b8000 	C:\WINDOWS\SYSTEM32\kernel.appcore.dll
0x00007ffec7080000 - 0x00007ffec7091000 	C:\Program Files\Android\Android Studio\jre\bin\verify.dll
0x00007ffed2320000 - 0x00007ffed2541000 	C:\WINDOWS\SYSTEM32\DBGHELP.DLL
0x00007ffec7a00000 - 0x00007ffec7a31000 	C:\WINDOWS\SYSTEM32\dbgcore.DLL
0x00007ffed4be0000 - 0x00007ffed4c60000 	C:\WINDOWS\System32\bcryptPrimitives.dll
0x00007ffec7050000 - 0x00007ffec7079000 	C:\Program Files\Android\Android Studio\jre\bin\java.dll
0x00007ffec7040000 - 0x00007ffec704b000 	C:\Program Files\Android\Android Studio\jre\bin\jimage.dll
0x00007ffec7020000 - 0x00007ffec7038000 	C:\Program Files\Android\Android Studio\jre\bin\zip.dll
0x00007ffed5820000 - 0x00007ffed5fc8000 	C:\WINDOWS\System32\SHELL32.dll
0x00007ffed2940000 - 0x00007ffed31a2000 	C:\WINDOWS\SYSTEM32\windows.storage.dll
0x00007ffed66c0000 - 0x00007ffed6a38000 	C:\WINDOWS\System32\combase.dll
0x00007ffed27d0000 - 0x00007ffed2936000 	C:\WINDOWS\SYSTEM32\wintypes.dll
0x00007ffed6dd0000 - 0x00007ffed6eba000 	C:\WINDOWS\System32\SHCORE.dll
0x00007ffed5190000 - 0x00007ffed51ed000 	C:\WINDOWS\System32\shlwapi.dll
0x00007ffed46f0000 - 0x00007ffed4711000 	C:\WINDOWS\SYSTEM32\profapi.dll
0x00007ffec69e0000 - 0x00007ffec69fa000 	C:\Program Files\Android\Android Studio\jre\bin\net.dll
0x00007ffecf8d0000 - 0x00007ffecf9dc000 	C:\WINDOWS\SYSTEM32\WINHTTP.dll
0x00007ffed3db0000 - 0x00007ffed3e17000 	C:\WINDOWS\system32\mswsock.dll
0x00007ffec69c0000 - 0x00007ffec69d4000 	C:\Program Files\Android\Android Studio\jre\bin\nio.dll
0x00007ffeb9d90000 - 0x00007ffeb9db6000 	C:\Users\Ashish Pal\.gradle\native\fdc75f09e3144964f2cf3f50f0aa648679c211496f362492102eb8c894070792\windows-amd64\native-platform.dll
0x00007ffe93870000 - 0x00007ffe93a01000 	C:\Users\Ashish Pal\.gradle\native\12488b8bf47d2d4c9fbf2f6322a914ad602e24e48041cd04a747c6da556b65c4\windows-amd64\native-platform-file-events.dll
0x00007ffec6900000 - 0x00007ffec690a000 	C:\Program Files\Android\Android Studio\jre\bin\management.dll
0x00007ffec68f0000 - 0x00007ffec68fc000 	C:\Program Files\Android\Android Studio\jre\bin\management_ext.dll
0x00007ffed4020000 - 0x00007ffed4038000 	C:\WINDOWS\SYSTEM32\CRYPTSP.dll
0x00007ffed3900000 - 0x00007ffed3935000 	C:\WINDOWS\system32\rsaenh.dll
0x00007ffed3ec0000 - 0x00007ffed3ee9000 	C:\WINDOWS\SYSTEM32\USERENV.dll
0x00007ffed41b0000 - 0x00007ffed41d7000 	C:\WINDOWS\SYSTEM32\bcrypt.dll
0x00007ffed4010000 - 0x00007ffed401c000 	C:\WINDOWS\SYSTEM32\CRYPTBASE.dll
0x00007ffed34e0000 - 0x00007ffed350d000 	C:\WINDOWS\SYSTEM32\IPHLPAPI.DLL
0x00007ffed6ec0000 - 0x00007ffed6ec9000 	C:\WINDOWS\System32\NSI.dll
0x00007ffecf500000 - 0x00007ffecf519000 	C:\WINDOWS\SYSTEM32\dhcpcsvc6.DLL
0x00007ffecf5d0000 - 0x00007ffecf5ee000 	C:\WINDOWS\SYSTEM32\dhcpcsvc.DLL
0x00007ffed3510000 - 0x00007ffed35f7000 	C:\WINDOWS\SYSTEM32\DNSAPI.dll
0x00007ffed0050000 - 0x00007ffed005c000 	C:\WINDOWS\SYSTEM32\WINNSI.DLL

dbghelp: loaded successfully - version: 4.0.5 - missing functions: none
symbol engine: initialized successfully - sym options: 0x614 - pdb path: .;C:\Program Files\Android\Android Studio\jre\bin;C:\WINDOWS\SYSTEM32;C:\WINDOWS\WinSxS\amd64_microsoft.windows.common-controls_6595b64144ccf1df_6.0.22000.51_none_25c0e06ad7789dba;C:\Program Files\Android\Android Studio\jre\bin\server;C:\Users\Ashish Pal\.gradle\native\fdc75f09e3144964f2cf3f50f0aa648679c211496f362492102eb8c894070792\windows-amd64;C:\Users\Ashish Pal\.gradle\native\12488b8bf47d2d4c9fbf2f6322a914ad602e24e48041cd04a747c6da556b65c4\windows-amd64

VM Arguments:
jvm_args: --add-opens=java.base/java.util=ALL-UNNAMED --add-opens=java.base/java.lang=ALL-UNNAMED --add-opens=java.base/java.lang.invoke=ALL-UNNAMED --add-opens=java.prefs/java.util.prefs=ALL-UNNAMED -Xmx1536M -Dfile.encoding=windows-1252 -Duser.country=IN -Duser.language=en -Duser.variant 
java_command: org.gradle.launcher.daemon.bootstrap.GradleDaemon 6.7
java_class_path (initial): C:\Users\Ashish Pal\.gradle\wrapper\dists\gradle-6.7-all\cuy9mc7upwgwgeb72wkcrupxe\gradle-6.7\lib\gradle-launcher-6.7.jar
Launcher Type: SUN_STANDARD

[Global flags]
     intx CICompilerCount                          = 4                                         {product} {ergonomic}
     uint ConcGCThreads                            = 2                                         {product} {ergonomic}
     uint G1ConcRefinementThreads                  = 8                                         {product} {ergonomic}
   size_t G1HeapRegionSize                         = 1048576                                   {product} {ergonomic}
    uintx GCDrainStackTargetSize                   = 64                                        {product} {ergonomic}
   size_t InitialHeapSize                          = 132120576                                 {product} {ergonomic}
   size_t MarkStackSize                            = 4194304                                   {product} {ergonomic}
   size_t MaxHeapSize                              = 1610612736                                {product} {command line}
   size_t MaxNewSize                               = 965738496                                 {product} {ergonomic}
   size_t MinHeapDeltaBytes                        = 1048576                                   {product} {ergonomic}
    uintx NonNMethodCodeHeapSize                   = 5836300                                {pd product} {ergonomic}
    uintx NonProfiledCodeHeapSize                  = 122910970                              {pd product} {ergonomic}
    uintx ProfiledCodeHeapSize                     = 122910970                              {pd product} {ergonomic}
    uintx ReservedCodeCacheSize                    = 251658240                              {pd product} {ergonomic}
     bool SegmentedCodeCache                       = true                                      {product} {ergonomic}
     bool UseCompressedClassPointers               = true                                 {lp64_product} {ergonomic}
     bool UseCompressedOops                        = true                                 {lp64_product} {ergonomic}
     bool UseG1GC                                  = true                                      {product} {ergonomic}
     bool UseLargePagesIndividualAllocation        = false                                  {pd product} {ergonomic}

Logging:
Log output configuration:
 #0: stdout all=warning uptime,level,tags
 #1: stderr all=off uptime,level,tags

Environment Variables:
JAVA_HOME=C:\Program Files\Android\Android Studio\jre
CLASSPATH=D:\a_dev\AndroidStudioProjects\untitled3\android\\gradle\wrapper\gradle-wrapper.jar
PATH=C:\Python39\Scripts\;C:\Python39\;C:\Program Files\Python37\Scripts\;C:\Program Files\Python37\;D:\a_dev\anaconda;D:\a_dev\anaconda\Library\mingw-w64\bin;D:\a_dev\anaconda\Library\usr\bin;D:\a_dev\anaconda\Library\bin;D:\a_dev\anaconda\Scripts;C:\Program Files (x86)\Intel\Intel(R) Management Engine Components\iCLS\;C:\Program Files\Intel\Intel(R) Management Engine Components\iCLS\;C:\Windows\system32;C:\Windows;C:\Windows\System32\Wbem;C:\Windows\System32\WindowsPowerShell\v1.0\;C:\Windows\System32\OpenSSH\;C:\Program Files (x86)\Intel\Intel(R) Management Engine Components\DAL;C:\Program Files\Intel\Intel(R) Management Engine Components\DAL;C:\Program Files\Intel\WiFi\bin\;C:\Program Files\Common Files\Intel\WirelessCommon\;C:\Program Files (x86)\NVIDIA Corporation\PhysX\Common;C:\WINDOWS\system32;C:\WINDOWS;C:\WINDOWS\System32\Wbem;C:\WINDOWS\System32\WindowsPowerShell\v1.0\;C:\WINDOWS\System32\OpenSSH\;C:\Program Files\dotnet\;C:\Program Files\NVIDIA Corporation\NVIDIA NvDLISR;C:\Users\Ashish Pal\AppData\Roaming\Python\Python37\Scripts;C:\Program Files\nodejs\;C:\ProgramData\chocolatey\bin;D:\a_dev\MinGW\bin;;%SystemRoot%\system32;%SystemRoot%;%SystemRoot%\System32\Wbem;%SYSTEMROOT%\System32\WindowsPowerShell\v1.0\;%SYSTEMROOT%\System32\OpenSSH\;C:\Users\Ashish Pal\AppData\Local\Programs\Python\Python37\Scripts\;C:\Users\Ashish Pal\AppData\Local\Programs\Python\Python37\;C:\Users\Ashish Pal\AppData\Local\Programs\Python\Python39\Scripts\;C:\Users\Ashish Pal\AppData\Local\Programs\Python\Python39\;C:\Users\Ashish Pal\AppData\Local\Microsoft\WindowsApps;C:\Program Files\Java\jdk-14.0.1\bin;D:\a_dev\flutter\bin;C:\Users\Ashish Pal\AppData\Local\Programs\Microsoft VS Code\bin;C:\Users\Ashish Pal\AppData\Roaming\Python\Python38\Scripts;C:\Program Files\NVIDIA GPU Computing Toolkit\CUDA\v11.1\bin;C:\Users\Ashish Pal\AppData\Roaming\Python\Python37\Scripts;Path: C:\Users\Ashish Pal\.android\avd\Pixel_3_XL_API_30.avd;D:\a_dev\flutter\.pub-cache\bin;C:\Users\Ashish Pal\A
USERNAME=Ashish Pal
OS=Windows_NT
PROCESSOR_IDENTIFIER=Intel64 Family 6 Model 142 Stepping 11, GenuineIntel



---------------  S Y S T E M  ---------------

OS: Windows 10 , 64 bit Build 22000 (10.0.22000.37)
OS uptime: 1 days 17:57 hours
HyperV virtualization detected

CPU:total 8 (initial active 8) (4 cores per cpu, 2 threads per core) family 6 model 142 stepping 11, cmov, cx8, fxsr, mmx, sse, sse2, sse3, ssse3, sse4.1, sse4.2, popcnt, avx, avx2, aes, clmul, erms, 3dnowpref, lzcnt, ht, tsc, tscinvbit, bmi1, bmi2, adx, fma

Memory: 4k page, system-wide physical 8042M (394M free)
TotalPageFile size 16042M (AvailPageFile size 0M)
current process WorkingSet (physical memory assigned to process): 374M, peak: 414M
current process commit charge ("private bytes"): 419M, peak: 454M

vm_info: OpenJDK 64-Bit Server VM (11.0.8+10-b944.6842174) for windows-amd64 JRE (11.0.8+10-b944.6842174), built on Sep 19 2020 01:11:42 by "builder" with MS VC++ 14.0 (VS2015)

END.
