#
# There is insufficient memory for the Java Runtime Environment to continue.
# Native memory allocation (malloc) failed to allocate 32784 bytes for Chunk::new
# Possible reasons:
#   The system is out of physical RAM or swap space
#   The process is running with CompressedOops enabled, and the Java Heap may be blocking the growth of the native heap
# Possible solutions:
#   Reduce memory load on the system
#   Increase physical memory or swap space
#   Check if swap backing store is full
#   Decrease Java heap size (-Xmx/-Xms)
#   Decrease number of Java threads
#   Decrease Java thread stack sizes (-Xss)
#   Set larger code cache with -XX:ReservedCodeCacheSize=
#   JVM is running with Unscaled Compressed Oops mode in which the Java heap is
#     placed in the first 4GB address space. The Java Heap base address is the
#     maximum limit for the native heap growth. Please use -XX:HeapBaseMinAddress
#     to set the Java Heap base and to place the Java Heap above 4GB virtual address.
# This output file may be truncated or incomplete.
#
#  Out of Memory Error (./src/hotspot/share/memory/arena.cpp:197), pid=15964, tid=2376
#
# JRE version: OpenJDK Runtime Environment (11.0.8+10) (build 11.0.8+10-b944.6842174)
# Java VM: OpenJDK 64-Bit Server VM (11.0.8+10-b944.6842174, mixed mode, tiered, compressed oops, g1 gc, windows-amd64)
# No core dump will be written. Minidumps are not enabled by default on client versions of Windows
#

---------------  S U M M A R Y ------------

Command Line: --add-opens=java.base/java.util=ALL-UNNAMED --add-opens=java.base/java.lang=ALL-UNNAMED --add-opens=java.base/java.lang.invoke=ALL-UNNAMED --add-opens=java.prefs/java.util.prefs=ALL-UNNAMED -Xmx1536M -Dfile.encoding=windows-1252 -Duser.country=IN -Duser.language=en -Duser.variant org.gradle.launcher.daemon.bootstrap.GradleDaemon 6.7

Host: Intel(R) Core(TM) i5-8265U CPU @ 1.60GHz, 8 cores, 7G,  Windows 10 , 64 bit Build 22000 (10.0.22000.37)
Time: Sun Jul 18 19:01:08 2021 India Standard Time elapsed time: 7 seconds (0d 0h 0m 7s)

---------------  T H R E A D  ---------------

Current thread (0x00000146ea9c5800):  JavaThread "C2 CompilerThread0" daemon [_thread_in_native, id=2376, stack(0x00000009df300000,0x00000009df400000)]


Current CompileTask:
C2:   7112 1870   !   4       java.lang.ClassLoader::loadClass (122 bytes)

Stack: [0x00000009df300000,0x00000009df400000]
Native frames: (J=compiled Java code, j=interpreted, Vv=VM code, C=native code)
V  [jvm.dll+0x5de50a]
V  [jvm.dll+0x7122f5]
V  [jvm.dll+0x71384d]
V  [jvm.dll+0x713f03]
V  [jvm.dll+0x23e728]
V  [jvm.dll+0xb899c]
V  [jvm.dll+0xb8e9c]
V  [jvm.dll+0xb8a98]
V  [jvm.dll+0x5be3b0]
V  [jvm.dll+0xad72e]
V  [jvm.dll+0x5f5810]
V  [jvm.dll+0x5f558b]
V  [jvm.dll+0x5f36a7]
V  [jvm.dll+0x5f2cb8]
V  [jvm.dll+0x5f0cb2]
V  [jvm.dll+0x181b0c]
V  [jvm.dll+0x2b11b3]
V  [jvm.dll+0x5fb7e9]
V  [jvm.dll+0x5f364a]
V  [jvm.dll+0x5f2cb8]
V  [jvm.dll+0x5f0cb2]
V  [jvm.dll+0x181b0c]
V  [jvm.dll+0x2b11b3]
V  [jvm.dll+0x5fb7e9]
V  [jvm.dll+0x5f364a]
V  [jvm.dll+0x5f2cb8]
V  [jvm.dll+0x5f0cb2]
V  [jvm.dll+0x181b0c]
V  [jvm.dll+0x2b11b3]
V  [jvm.dll+0x5fb7e9]
V  [jvm.dll+0x5f364a]
V  [jvm.dll+0x5f2cb8]
V  [jvm.dll+0x5f0cb2]
V  [jvm.dll+0x181b0c]
V  [jvm.dll+0x2b11b3]
V  [jvm.dll+0x5fb7e9]
V  [jvm.dll+0x5f364a]
V  [jvm.dll+0x5f2cb8]
V  [jvm.dll+0x5f0cb2]
V  [jvm.dll+0x181b0c]
V  [jvm.dll+0x182869]
V  [jvm.dll+0x1827ae]
V  [jvm.dll+0x2b11b3]
V  [jvm.dll+0x5fb7e9]
V  [jvm.dll+0x5f364a]
V  [jvm.dll+0x5f2cb8]
V  [jvm.dll+0x5f0cb2]
V  [jvm.dll+0x181b0c]
V  [jvm.dll+0x182869]
V  [jvm.dll+0x2b11b3]
V  [jvm.dll+0x5fb7e9]
V  [jvm.dll+0x5f364a]
V  [jvm.dll+0x5f2cb8]
V  [jvm.dll+0x5f0cb2]
V  [jvm.dll+0x181b0c]
V  [jvm.dll+0x1f65f5]
V  [jvm.dll+0x17f32c]
V  [jvm.dll+0x205047]
V  [jvm.dll+0x203891]
V  [jvm.dll+0x6dad3f]
V  [jvm.dll+0x6d3895]
V  [jvm.dll+0x5dd4a6]
C  [ucrtbase.dll+0x26c0c]
C  [KERNEL32.DLL+0x154e0]
C  [ntdll.dll+0x485b]


---------------  P R O C E S S  ---------------

Threads class SMR info:
_java_thread_list=0x00000146ebaeb750, length=23, elements={
0x00000146cf0b2000, 0x00000146ea040000, 0x00000146ea04b000, 0x00000146ea9c3800,
0x00000146ea9c4800, 0x00000146ea9c5800, 0x00000146ea05e000, 0x00000146ea060000,
0x00000146eab38000, 0x00000146eab5c000, 0x00000146ec36d800, 0x00000146ec900800,
0x00000146eb9fb000, 0x00000146eb6a9000, 0x00000146eba87800, 0x00000146ebbb7000,
0x00000146ebcde000, 0x00000146ec2b2800, 0x00000146eb6a4000, 0x00000146ebbb4000,
0x00000146eb288000, 0x00000146eb285800, 0x00000146eb283000
}

Java Threads: ( => current thread )
  0x00000146cf0b2000 JavaThread "main" [_thread_blocked, id=14344, stack(0x00000009de800000,0x00000009de900000)]
  0x00000146ea040000 JavaThread "Reference Handler" daemon [_thread_blocked, id=8860, stack(0x00000009def00000,0x00000009df000000)]
  0x00000146ea04b000 JavaThread "Finalizer" daemon [_thread_blocked, id=15084, stack(0x00000009df000000,0x00000009df100000)]
  0x00000146ea9c3800 JavaThread "Signal Dispatcher" daemon [_thread_blocked, id=17856, stack(0x00000009df100000,0x00000009df200000)]
  0x00000146ea9c4800 JavaThread "Attach Listener" daemon [_thread_blocked, id=4432, stack(0x00000009df200000,0x00000009df300000)]
=>0x00000146ea9c5800 JavaThread "C2 CompilerThread0" daemon [_thread_in_native, id=2376, stack(0x00000009df300000,0x00000009df400000)]
  0x00000146ea05e000 JavaThread "C1 CompilerThread0" daemon [_thread_blocked, id=9068, stack(0x00000009df400000,0x00000009df500000)]
  0x00000146ea060000 JavaThread "Sweeper thread" daemon [_thread_blocked, id=16668, stack(0x00000009df500000,0x00000009df600000)]
  0x00000146eab38000 JavaThread "Common-Cleaner" daemon [_thread_blocked, id=17976, stack(0x00000009df600000,0x00000009df700000)]
  0x00000146eab5c000 JavaThread "Service Thread" daemon [_thread_blocked, id=3076, stack(0x00000009df700000,0x00000009df800000)]
  0x00000146ec36d800 JavaThread "Daemon health stats" [_thread_blocked, id=9744, stack(0x00000009dfb00000,0x00000009dfc00000)]
  0x00000146ec900800 JavaThread "Incoming local TCP Connector on port 49714" [_thread_in_native, id=14532, stack(0x00000009dfe00000,0x00000009dff00000)]
  0x00000146eb9fb000 JavaThread "Daemon periodic checks" [_thread_blocked, id=3192, stack(0x00000009dff00000,0x00000009e0000000)]
  0x00000146eb6a9000 JavaThread "Daemon" [_thread_blocked, id=13972, stack(0x00000009e0000000,0x00000009e0100000)]
  0x00000146eba87800 JavaThread "Handler for socket connection from /127.0.0.1:49714 to /127.0.0.1:49715" [_thread_in_native, id=18648, stack(0x00000009e0100000,0x00000009e0200000)]
  0x00000146ebbb7000 JavaThread "Cancel handler" [_thread_blocked, id=4316, stack(0x00000009e0200000,0x00000009e0300000)]
  0x00000146ebcde000 JavaThread "Daemon worker" [_thread_in_vm, id=18084, stack(0x00000009e0300000,0x00000009e0400000)]
  0x00000146ec2b2800 JavaThread "Asynchronous log dispatcher for DefaultDaemonConnection: socket connection from /127.0.0.1:49714 to /127.0.0.1:49715" [_thread_blocked, id=14280, stack(0x00000009e0400000,0x00000009e0500000)]
  0x00000146eb6a4000 JavaThread "Stdin handler" [_thread_blocked, id=14144, stack(0x00000009e0500000,0x00000009e0600000)]
  0x00000146ebbb4000 JavaThread "Thread-8" [_thread_blocked, id=15724, stack(0x00000009e0600000,0x00000009e0700000)]
  0x00000146eb288000 JavaThread "Cache worker for file hash cache (C:\Users\Ashish Pal\.gradle\caches\6.7\fileHashes)" [_thread_blocked, id=9104, stack(0x00000009e0c00000,0x00000009e0d00000)]
  0x00000146eb285800 JavaThread "File lock request listener" [_thread_in_native, id=18764, stack(0x00000009e0d00000,0x00000009e0e00000)]
  0x00000146eb283000 JavaThread "Cache worker for journal cache (C:\Users\Ashish Pal\.gradle\caches\journal-1)" [_thread_blocked, id=10228, stack(0x00000009e0e00000,0x00000009e0f00000)]

Other Threads:
  0x00000146ea01b000 VMThread "VM Thread" [stack: 0x00000009dee00000,0x00000009def00000] [id=9904]
  0x00000146eab60800 WatcherThread [stack: 0x00000009df800000,0x00000009df900000] [id=9804]
  0x00000146cf0c8000 GCTaskThread "GC Thread#0" [stack: 0x00000009de900000,0x00000009dea00000] [id=17484]
  0x00000146eb31e800 GCTaskThread "GC Thread#1" [stack: 0x00000009df900000,0x00000009dfa00000] [id=3332]
  0x00000146eb449800 GCTaskThread "GC Thread#2" [stack: 0x00000009dfa00000,0x00000009dfb00000] [id=3096]
  0x00000146eadd5800 GCTaskThread "GC Thread#3" [stack: 0x00000009e0700000,0x00000009e0800000] [id=8884]
  0x00000146eba64800 GCTaskThread "GC Thread#4" [stack: 0x00000009e0800000,0x00000009e0900000] [id=11464]
  0x00000146ebbb0000 GCTaskThread "GC Thread#5" [stack: 0x00000009e0900000,0x00000009e0a00000] [id=1348]
  0x00000146ebcbd800 GCTaskThread "GC Thread#6" [stack: 0x00000009e0a00000,0x00000009e0b00000] [id=13800]
  0x00000146eb5c2800 GCTaskThread "GC Thread#7" [stack: 0x00000009e0b00000,0x00000009e0c00000] [id=15188]
  0x00000146cf0f0800 ConcurrentGCThread "G1 Main Marker" [stack: 0x00000009dea00000,0x00000009deb00000] [id=18600]
  0x00000146cf0f2000 ConcurrentGCThread "G1 Conc#0" [stack: 0x00000009deb00000,0x00000009dec00000] [id=18908]
  0x00000146eb299000 ConcurrentGCThread "G1 Conc#1" [stack: 0x00000009e0f00000,0x00000009e1000000] [id=14380]
  0x00000146cf17e000 ConcurrentGCThread "G1 Refine#0" [stack: 0x00000009dec00000,0x00000009ded00000] [id=19000]
  0x00000146e9e86800 ConcurrentGCThread "G1 Young RemSet Sampling" [stack: 0x00000009ded00000,0x00000009dee00000] [id=3840]

Threads with active compile tasks:
C2 CompilerThread0   7293 1870   !   4       java.lang.ClassLoader::loadClass (122 bytes)

VM state:not at safepoint (normal execution)

VM Mutex/Monitor currently owned by a thread: None

Heap address: 0x00000000a0000000, size: 1536 MB, Compressed Oops mode: 32-bit
Narrow klass base: 0x0000000000000000, Narrow klass shift: 3
Compressed class space size: 1073741824 Address: 0x0000000100000000

Heap:
 garbage-first heap   total 129024K, used 24486K [0x00000000a0000000, 0x0000000100000000)
  region size 1024K, 10 young (10240K), 1 survivors (1024K)
 Metaspace       used 21335K, capacity 21805K, committed 22144K, reserved 1069056K
  class space    used 2688K, capacity 2857K, committed 2944K, reserved 1048576K
Heap Regions: E=young(eden), S=young(survivor), O=old, HS=humongous(starts), HC=humongous(continues), CS=collection set, F=free, A=archive, TAMS=top-at-mark-start (previous, next)
|   0|0x00000000a0000000, 0x00000000a0100000, 0x00000000a0100000|100%| O|  |TAMS 0x00000000a0100000, 0x00000000a0000000| Untracked 
|   1|0x00000000a0100000, 0x00000000a0200000, 0x00000000a0200000|100%| O|  |TAMS 0x00000000a0200000, 0x00000000a0100000| Untracked 
|   2|0x00000000a0200000, 0x00000000a0300000, 0x00000000a0300000|100%| O|  |TAMS 0x00000000a0300000, 0x00000000a0200000| Untracked 
|   3|0x00000000a0300000, 0x00000000a0400000, 0x00000000a0400000|100%|HS|  |TAMS 0x00000000a0400000, 0x00000000a0300000| Complete 
|   4|0x00000000a0400000, 0x00000000a0500000, 0x00000000a0500000|100%|HC|  |TAMS 0x00000000a0500000, 0x00000000a0400000| Complete 
|   5|0x00000000a0500000, 0x00000000a0600000, 0x00000000a0600000|100%|HC|  |TAMS 0x00000000a0600000, 0x00000000a0500000| Complete 
|   6|0x00000000a0600000, 0x00000000a0700000, 0x00000000a0700000|100%| O|  |TAMS 0x00000000a0700000, 0x00000000a0600000| Untracked 
|   7|0x00000000a0700000, 0x00000000a0800000, 0x00000000a0800000|100%| O|  |TAMS 0x00000000a0800000, 0x00000000a0700000| Untracked 
|   8|0x00000000a0800000, 0x00000000a0900000, 0x00000000a0900000|100%| O|  |TAMS 0x00000000a0900000, 0x00000000a0800000| Untracked 
|   9|0x00000000a0900000, 0x00000000a0a00000, 0x00000000a0a00000|100%| O|  |TAMS 0x00000000a0a00000, 0x00000000a0900000| Untracked 
|  10|0x00000000a0a00000, 0x00000000a0b00000, 0x00000000a0b00000|100%| O|  |TAMS 0x00000000a0b00000, 0x00000000a0a00000| Untracked 
|  11|0x00000000a0b00000, 0x00000000a0c00000, 0x00000000a0c00000|100%| O|  |TAMS 0x00000000a0c00000, 0x00000000a0b00000| Untracked 
|  12|0x00000000a0c00000, 0x00000000a0d00000, 0x00000000a0d00000|100%| O|  |TAMS 0x00000000a0d00000, 0x00000000a0c00000| Untracked 
|  13|0x00000000a0d00000, 0x00000000a0e00000, 0x00000000a0e00000|100%| O|  |TAMS 0x00000000a0e00000, 0x00000000a0d00000| Untracked 
|  14|0x00000000a0e00000, 0x00000000a0f00000, 0x00000000a0f00000|100%| O|  |TAMS 0x00000000a0f00000, 0x00000000a0e00000| Untracked 
|  15|0x00000000a0f00000, 0x00000000a0f35c00, 0x00000000a1000000| 20%| O|  |TAMS 0x00000000a0f35c00, 0x00000000a0f00000| Untracked 
|  16|0x00000000a1000000, 0x00000000a1000000, 0x00000000a1100000|  0%| F|  |TAMS 0x00000000a1000000, 0x00000000a1000000| Untracked 
|  17|0x00000000a1100000, 0x00000000a1100000, 0x00000000a1200000|  0%| F|  |TAMS 0x00000000a1100000, 0x00000000a1100000| Untracked 
|  18|0x00000000a1200000, 0x00000000a1200000, 0x00000000a1300000|  0%| F|  |TAMS 0x00000000a1200000, 0x00000000a1200000| Untracked 
|  19|0x00000000a1300000, 0x00000000a1300000, 0x00000000a1400000|  0%| F|  |TAMS 0x00000000a1300000, 0x00000000a1300000| Untracked 
|  20|0x00000000a1400000, 0x00000000a1400000, 0x00000000a1500000|  0%| F|  |TAMS 0x00000000a1400000, 0x00000000a1400000| Untracked 
|  21|0x00000000a1500000, 0x00000000a1500000, 0x00000000a1600000|  0%| F|  |TAMS 0x00000000a1500000, 0x00000000a1500000| Untracked 
|  22|0x00000000a1600000, 0x00000000a1600000, 0x00000000a1700000|  0%| F|  |TAMS 0x00000000a1600000, 0x00000000a1600000| Untracked 
|  23|0x00000000a1700000, 0x00000000a1700000, 0x00000000a1800000|  0%| F|  |TAMS 0x00000000a1700000, 0x00000000a1700000| Untracked 
|  24|0x00000000a1800000, 0x00000000a1800000, 0x00000000a1900000|  0%| F|  |TAMS 0x00000000a1800000, 0x00000000a1800000| Untracked 
|  25|0x00000000a1900000, 0x00000000a1900000, 0x00000000a1a00000|  0%| F|  |TAMS 0x00000000a1900000, 0x00000000a1900000| Untracked 
|  26|0x00000000a1a00000, 0x00000000a1a00000, 0x00000000a1b00000|  0%| F|  |TAMS 0x00000000a1a00000, 0x00000000a1a00000| Untracked 
|  27|0x00000000a1b00000, 0x00000000a1b00000, 0x00000000a1c00000|  0%| F|  |TAMS 0x00000000a1b00000, 0x00000000a1b00000| Untracked 
|  28|0x00000000a1c00000, 0x00000000a1c00000, 0x00000000a1d00000|  0%| F|  |TAMS 0x00000000a1c00000, 0x00000000a1c00000| Untracked 
|  29|0x00000000a1d00000, 0x00000000a1d00000, 0x00000000a1e00000|  0%| F|  |TAMS 0x00000000a1d00000, 0x00000000a1d00000| Untracked 
|  30|0x00000000a1e00000, 0x00000000a1e00000, 0x00000000a1f00000|  0%| F|  |TAMS 0x00000000a1e00000, 0x00000000a1e00000| Untracked 
|  31|0x00000000a1f00000, 0x00000000a1f00000, 0x00000000a2000000|  0%| F|  |TAMS 0x00000000a1f00000, 0x00000000a1f00000| Untracked 
|  32|0x00000000a2000000, 0x00000000a2000000, 0x00000000a2100000|  0%| F|  |TAMS 0x00000000a2000000, 0x00000000a2000000| Untracked 
|  33|0x00000000a2100000, 0x00000000a2100000, 0x00000000a2200000|  0%| F|  |TAMS 0x00000000a2100000, 0x00000000a2100000| Untracked 
|  34|0x00000000a2200000, 0x00000000a2200000, 0x00000000a2300000|  0%| F|  |TAMS 0x00000000a2200000, 0x00000000a2200000| Untracked 
|  35|0x00000000a2300000, 0x00000000a2300000, 0x00000000a2400000|  0%| F|  |TAMS 0x00000000a2300000, 0x00000000a2300000| Untracked 
|  36|0x00000000a2400000, 0x00000000a2400000, 0x00000000a2500000|  0%| F|  |TAMS 0x00000000a2400000, 0x00000000a2400000| Untracked 
|  37|0x00000000a2500000, 0x00000000a2500000, 0x00000000a2600000|  0%| F|  |TAMS 0x00000000a2500000, 0x00000000a2500000| Untracked 
|  38|0x00000000a2600000, 0x00000000a2600000, 0x00000000a2700000|  0%| F|  |TAMS 0x00000000a2600000, 0x00000000a2600000| Untracked 
|  39|0x00000000a2700000, 0x00000000a2700000, 0x00000000a2800000|  0%| F|  |TAMS 0x00000000a2700000, 0x00000000a2700000| Untracked 
|  40|0x00000000a2800000, 0x00000000a2800000, 0x00000000a2900000|  0%| F|  |TAMS 0x00000000a2800000, 0x00000000a2800000| Untracked 
|  41|0x00000000a2900000, 0x00000000a2900000, 0x00000000a2a00000|  0%| F|  |TAMS 0x00000000a2900000, 0x00000000a2900000| Untracked 
|  42|0x00000000a2a00000, 0x00000000a2a00000, 0x00000000a2b00000|  0%| F|  |TAMS 0x00000000a2a00000, 0x00000000a2a00000| Untracked 
|  43|0x00000000a2b00000, 0x00000000a2b00000, 0x00000000a2c00000|  0%| F|  |TAMS 0x00000000a2b00000, 0x00000000a2b00000| Untracked 
|  44|0x00000000a2c00000, 0x00000000a2c00000, 0x00000000a2d00000|  0%| F|  |TAMS 0x00000000a2c00000, 0x00000000a2c00000| Untracked 
|  45|0x00000000a2d00000, 0x00000000a2d00000, 0x00000000a2e00000|  0%| F|  |TAMS 0x00000000a2d00000, 0x00000000a2d00000| Untracked 
|  46|0x00000000a2e00000, 0x00000000a2e00000, 0x00000000a2f00000|  0%| F|  |TAMS 0x00000000a2e00000, 0x00000000a2e00000| Untracked 
|  47|0x00000000a2f00000, 0x00000000a2f00000, 0x00000000a3000000|  0%| F|  |TAMS 0x00000000a2f00000, 0x00000000a2f00000| Untracked 
|  48|0x00000000a3000000, 0x00000000a3000000, 0x00000000a3100000|  0%| F|  |TAMS 0x00000000a3000000, 0x00000000a3000000| Untracked 
|  49|0x00000000a3100000, 0x00000000a3100000, 0x00000000a3200000|  0%| F|  |TAMS 0x00000000a3100000, 0x00000000a3100000| Untracked 
|  50|0x00000000a3200000, 0x00000000a3200000, 0x00000000a3300000|  0%| F|  |TAMS 0x00000000a3200000, 0x00000000a3200000| Untracked 
|  51|0x00000000a3300000, 0x00000000a3300000, 0x00000000a3400000|  0%| F|  |TAMS 0x00000000a3300000, 0x00000000a3300000| Untracked 
|  52|0x00000000a3400000, 0x00000000a3400000, 0x00000000a3500000|  0%| F|  |TAMS 0x00000000a3400000, 0x00000000a3400000| Untracked 
|  53|0x00000000a3500000, 0x00000000a3500000, 0x00000000a3600000|  0%| F|  |TAMS 0x00000000a3500000, 0x00000000a3500000| Untracked 
|  54|0x00000000a3600000, 0x00000000a3600000, 0x00000000a3700000|  0%| F|  |TAMS 0x00000000a3600000, 0x00000000a3600000| Untracked 
|  55|0x00000000a3700000, 0x00000000a3700000, 0x00000000a3800000|  0%| F|  |TAMS 0x00000000a3700000, 0x00000000a3700000| Untracked 
|  56|0x00000000a3800000, 0x00000000a3800000, 0x00000000a3900000|  0%| F|  |TAMS 0x00000000a3800000, 0x00000000a3800000| Untracked 
|  57|0x00000000a3900000, 0x00000000a3900000, 0x00000000a3a00000|  0%| F|  |TAMS 0x00000000a3900000, 0x00000000a3900000| Untracked 
|  58|0x00000000a3a00000, 0x00000000a3a00000, 0x00000000a3b00000|  0%| F|  |TAMS 0x00000000a3a00000, 0x00000000a3a00000| Untracked 
|  59|0x00000000a3b00000, 0x00000000a3b00000, 0x00000000a3c00000|  0%| F|  |TAMS 0x00000000a3b00000, 0x00000000a3b00000| Untracked 
|  60|0x00000000a3c00000, 0x00000000a3c00000, 0x00000000a3d00000|  0%| F|  |TAMS 0x00000000a3c00000, 0x00000000a3c00000| Untracked 
|  61|0x00000000a3d00000, 0x00000000a3d00000, 0x00000000a3e00000|  0%| F|  |TAMS 0x00000000a3d00000, 0x00000000a3d00000| Untracked 
|  62|0x00000000a3e00000, 0x00000000a3e00000, 0x00000000a3f00000|  0%| F|  |TAMS 0x00000000a3e00000, 0x00000000a3e00000| Untracked 
|  63|0x00000000a3f00000, 0x00000000a3f00000, 0x00000000a4000000|  0%| F|  |TAMS 0x00000000a3f00000, 0x00000000a3f00000| Untracked 
|  64|0x00000000a4000000, 0x00000000a4000000, 0x00000000a4100000|  0%| F|  |TAMS 0x00000000a4000000, 0x00000000a4000000| Untracked 
|  65|0x00000000a4100000, 0x00000000a4100000, 0x00000000a4200000|  0%| F|  |TAMS 0x00000000a4100000, 0x00000000a4100000| Untracked 
|  66|0x00000000a4200000, 0x00000000a4200000, 0x00000000a4300000|  0%| F|  |TAMS 0x00000000a4200000, 0x00000000a4200000| Untracked 
|  67|0x00000000a4300000, 0x00000000a4300000, 0x00000000a4400000|  0%| F|  |TAMS 0x00000000a4300000, 0x00000000a4300000| Untracked 
|  68|0x00000000a4400000, 0x00000000a4400000, 0x00000000a4500000|  0%| F|  |TAMS 0x00000000a4400000, 0x00000000a4400000| Untracked 
|  69|0x00000000a4500000, 0x00000000a4500000, 0x00000000a4600000|  0%| F|  |TAMS 0x00000000a4500000, 0x00000000a4500000| Untracked 
|  70|0x00000000a4600000, 0x00000000a4600000, 0x00000000a4700000|  0%| F|  |TAMS 0x00000000a4600000, 0x00000000a4600000| Untracked 
|  71|0x00000000a4700000, 0x00000000a4700000, 0x00000000a4800000|  0%| F|  |TAMS 0x00000000a4700000, 0x00000000a4700000| Untracked 
|  72|0x00000000a4800000, 0x00000000a4800000, 0x00000000a4900000|  0%| F|  |TAMS 0x00000000a4800000, 0x00000000a4800000| Untracked 
|  73|0x00000000a4900000, 0x00000000a4900000, 0x00000000a4a00000|  0%| F|  |TAMS 0x00000000a4900000, 0x00000000a4900000| Untracked 
|  74|0x00000000a4a00000, 0x00000000a4a00000, 0x00000000a4b00000|  0%| F|  |TAMS 0x00000000a4a00000, 0x00000000a4a00000| Untracked 
|  75|0x00000000a4b00000, 0x00000000a4b00000, 0x00000000a4c00000|  0%| F|  |TAMS 0x00000000a4b00000, 0x00000000a4b00000| Untracked 
|  76|0x00000000a4c00000, 0x00000000a4c00000, 0x00000000a4d00000|  0%| F|  |TAMS 0x00000000a4c00000, 0x00000000a4c00000| Untracked 
|  77|0x00000000a4d00000, 0x00000000a4d00000, 0x00000000a4e00000|  0%| F|  |TAMS 0x00000000a4d00000, 0x00000000a4d00000| Untracked 
|  78|0x00000000a4e00000, 0x00000000a4e00000, 0x00000000a4f00000|  0%| F|  |TAMS 0x00000000a4e00000, 0x00000000a4e00000| Untracked 
|  79|0x00000000a4f00000, 0x00000000a4f00000, 0x00000000a5000000|  0%| F|  |TAMS 0x00000000a4f00000, 0x00000000a4f00000| Untracked 
|  80|0x00000000a5000000, 0x00000000a5000000, 0x00000000a5100000|  0%| F|  |TAMS 0x00000000a5000000, 0x00000000a5000000| Untracked 
|  81|0x00000000a5100000, 0x00000000a5100000, 0x00000000a5200000|  0%| F|  |TAMS 0x00000000a5100000, 0x00000000a5100000| Untracked 
|  82|0x00000000a5200000, 0x00000000a5200000, 0x00000000a5300000|  0%| F|  |TAMS 0x00000000a5200000, 0x00000000a5200000| Untracked 
|  83|0x00000000a5300000, 0x00000000a5300000, 0x00000000a5400000|  0%| F|  |TAMS 0x00000000a5300000, 0x00000000a5300000| Untracked 
|  84|0x00000000a5400000, 0x00000000a5400000, 0x00000000a5500000|  0%| F|  |TAMS 0x00000000a5400000, 0x00000000a5400000| Untracked 
|  85|0x00000000a5500000, 0x00000000a5500000, 0x00000000a5600000|  0%| F|  |TAMS 0x00000000a5500000, 0x00000000a5500000| Untracked 
|  86|0x00000000a5600000, 0x00000000a5600000, 0x00000000a5700000|  0%| F|  |TAMS 0x00000000a5600000, 0x00000000a5600000| Untracked 
|  87|0x00000000a5700000, 0x00000000a5700000, 0x00000000a5800000|  0%| F|  |TAMS 0x00000000a5700000, 0x00000000a5700000| Untracked 
|  88|0x00000000a5800000, 0x00000000a5800000, 0x00000000a5900000|  0%| F|  |TAMS 0x00000000a5800000, 0x00000000a5800000| Untracked 
|  89|0x00000000a5900000, 0x00000000a5900000, 0x00000000a5a00000|  0%| F|  |TAMS 0x00000000a5900000, 0x00000000a5900000| Untracked 
|  90|0x00000000a5a00000, 0x00000000a5a00000, 0x00000000a5b00000|  0%| F|  |TAMS 0x00000000a5a00000, 0x00000000a5a00000| Untracked 
|  91|0x00000000a5b00000, 0x00000000a5b00000, 0x00000000a5c00000|  0%| F|  |TAMS 0x00000000a5b00000, 0x00000000a5b00000| Untracked 
|  92|0x00000000a5c00000, 0x00000000a5c00000, 0x00000000a5d00000|  0%| F|  |TAMS 0x00000000a5c00000, 0x00000000a5c00000| Untracked 
|  93|0x00000000a5d00000, 0x00000000a5d00000, 0x00000000a5e00000|  0%| F|  |TAMS 0x00000000a5d00000, 0x00000000a5d00000| Untracked 
|  94|0x00000000a5e00000, 0x00000000a5e00000, 0x00000000a5f00000|  0%| F|  |TAMS 0x00000000a5e00000, 0x00000000a5e00000| Untracked 
|  95|0x00000000a5f00000, 0x00000000a5f00000, 0x00000000a6000000|  0%| F|  |TAMS 0x00000000a5f00000, 0x00000000a5f00000| Untracked 
|  96|0x00000000a6000000, 0x00000000a6000000, 0x00000000a6100000|  0%| F|  |TAMS 0x00000000a6000000, 0x00000000a6000000| Untracked 
|  97|0x00000000a6100000, 0x00000000a6100000, 0x00000000a6200000|  0%| F|  |TAMS 0x00000000a6100000, 0x00000000a6100000| Untracked 
|  98|0x00000000a6200000, 0x00000000a6200000, 0x00000000a6300000|  0%| F|  |TAMS 0x00000000a6200000, 0x00000000a6200000| Untracked 
|  99|0x00000000a6300000, 0x00000000a6300000, 0x00000000a6400000|  0%| F|  |TAMS 0x00000000a6300000, 0x00000000a6300000| Untracked 
| 100|0x00000000a6400000, 0x00000000a6400000, 0x00000000a6500000|  0%| F|  |TAMS 0x00000000a6400000, 0x00000000a6400000| Untracked 
| 101|0x00000000a6500000, 0x00000000a6500000, 0x00000000a6600000|  0%| F|  |TAMS 0x00000000a6500000, 0x00000000a6500000| Untracked 
| 102|0x00000000a6600000, 0x00000000a6600000, 0x00000000a6700000|  0%| F|  |TAMS 0x00000000a6600000, 0x00000000a6600000| Untracked 
| 103|0x00000000a6700000, 0x00000000a6700000, 0x00000000a6800000|  0%| F|  |TAMS 0x00000000a6700000, 0x00000000a6700000| Untracked 
| 104|0x00000000a6800000, 0x00000000a6800000, 0x00000000a6900000|  0%| F|  |TAMS 0x00000000a6800000, 0x00000000a6800000| Untracked 
| 105|0x00000000a6900000, 0x00000000a6900000, 0x00000000a6a00000|  0%| F|  |TAMS 0x00000000a6900000, 0x00000000a6900000| Untracked 
| 106|0x00000000a6a00000, 0x00000000a6a00000, 0x00000000a6b00000|  0%| F|  |TAMS 0x00000000a6a00000, 0x00000000a6a00000| Untracked 
| 107|0x00000000a6b00000, 0x00000000a6b00000, 0x00000000a6c00000|  0%| F|  |TAMS 0x00000000a6b00000, 0x00000000a6b00000| Untracked 
| 108|0x00000000a6c00000, 0x00000000a6c00000, 0x00000000a6d00000|  0%| F|  |TAMS 0x00000000a6c00000, 0x00000000a6c00000| Untracked 
| 109|0x00000000a6d00000, 0x00000000a6d00000, 0x00000000a6e00000|  0%| F|  |TAMS 0x00000000a6d00000, 0x00000000a6d00000| Untracked 
| 110|0x00000000a6e00000, 0x00000000a6e00000, 0x00000000a6f00000|  0%| F|  |TAMS 0x00000000a6e00000, 0x00000000a6e00000| Untracked 
| 111|0x00000000a6f00000, 0x00000000a6f00000, 0x00000000a7000000|  0%| F|  |TAMS 0x00000000a6f00000, 0x00000000a6f00000| Untracked 
| 112|0x00000000a7000000, 0x00000000a7000000, 0x00000000a7100000|  0%| F|  |TAMS 0x00000000a7000000, 0x00000000a7000000| Untracked 
| 113|0x00000000a7100000, 0x00000000a71b3f28, 0x00000000a7200000| 70%| S|CS|TAMS 0x00000000a7100000, 0x00000000a7100000| Complete 
| 114|0x00000000a7200000, 0x00000000a7200000, 0x00000000a7300000|  0%| F|  |TAMS 0x00000000a7200000, 0x00000000a7200000| Untracked 
| 115|0x00000000a7300000, 0x00000000a7300000, 0x00000000a7400000|  0%| F|  |TAMS 0x00000000a7300000, 0x00000000a7300000| Untracked 
| 116|0x00000000a7400000, 0x00000000a744ac38, 0x00000000a7500000| 29%| E|  |TAMS 0x00000000a7400000, 0x00000000a7400000| Complete 
| 117|0x00000000a7500000, 0x00000000a7600000, 0x00000000a7600000|100%| E|CS|TAMS 0x00000000a7500000, 0x00000000a7500000| Complete 
| 118|0x00000000a7600000, 0x00000000a7700000, 0x00000000a7700000|100%| E|CS|TAMS 0x00000000a7600000, 0x00000000a7600000| Complete 
| 119|0x00000000a7700000, 0x00000000a7800000, 0x00000000a7800000|100%| E|CS|TAMS 0x00000000a7700000, 0x00000000a7700000| Complete 
| 120|0x00000000a7800000, 0x00000000a7900000, 0x00000000a7900000|100%| E|CS|TAMS 0x00000000a7800000, 0x00000000a7800000| Complete 
| 121|0x00000000a7900000, 0x00000000a7a00000, 0x00000000a7a00000|100%| E|CS|TAMS 0x00000000a7900000, 0x00000000a7900000| Complete 
| 122|0x00000000a7a00000, 0x00000000a7b00000, 0x00000000a7b00000|100%| E|CS|TAMS 0x00000000a7a00000, 0x00000000a7a00000| Complete 
| 123|0x00000000a7b00000, 0x00000000a7c00000, 0x00000000a7c00000|100%| E|CS|TAMS 0x00000000a7b00000, 0x00000000a7b00000| Complete 
| 124|0x00000000a7c00000, 0x00000000a7d00000, 0x00000000a7d00000|100%| E|CS|TAMS 0x00000000a7c00000, 0x00000000a7c00000| Complete 
| 125|0x00000000a7d00000, 0x00000000a7e00000, 0x00000000a7e00000|100%| E|CS|TAMS 0x00000000a7d00000, 0x00000000a7d00000| Complete 

Card table byte_map: [0x00000146e3f80000,0x00000146e4280000] _byte_map_base: 0x00000146e3a80000

Marking Bits (Prev, Next): (CMBitMap*) 0x00000146cf0e9c20, (CMBitMap*) 0x00000146cf0e9be8
 Prev Bits: [0x00000146e5d80000, 0x00000146e7580000)
 Next Bits: [0x00000146e4580000, 0x00000146e5d80000)

Polling page: 0x00000146ceea0000

Metaspace:

Usage:
  Non-class:     18.50 MB capacity,    18.22 MB ( 98%) used,   252.56 KB (  1%) free+waste,    35.25 KB ( <1%) overhead. 
      Class:      2.82 MB capacity,     2.63 MB ( 93%) used,   178.95 KB (  6%) free+waste,    17.69 KB ( <1%) overhead. 
       Both:     21.33 MB capacity,    20.85 MB ( 98%) used,   431.51 KB (  2%) free+waste,    52.94 KB ( <1%) overhead. 

Virtual space:
  Non-class space:       20.00 MB reserved,      18.75 MB ( 94%) committed 
      Class space:        1.00 GB reserved,       2.88 MB ( <1%) committed 
             Both:        1.02 GB reserved,      21.63 MB (  2%) committed 

Chunk freelists:
   Non-Class:  60.00 KB
       Class:  23.00 KB
        Both:  83.00 KB

MaxMetaspaceSize: 17179869184.00 GB
CompressedClassSpaceSize: 1.00 GB

CodeHeap 'non-profiled nmethods': size=120000Kb used=730Kb max_used=730Kb free=119269Kb
 bounds [0x00000146dbcf0000, 0x00000146dbf60000, 0x00000146e3220000]
CodeHeap 'profiled nmethods': size=120000Kb used=3512Kb max_used=3512Kb free=116487Kb
 bounds [0x00000146d47c0000, 0x00000146d4b40000, 0x00000146dbcf0000]
CodeHeap 'non-nmethods': size=5760Kb used=1123Kb max_used=1135Kb free=4636Kb
 bounds [0x00000146d4220000, 0x00000146d4490000, 0x00000146d47c0000]
 total_blobs=2151 nmethods=1692 adapters=371
 compilation: enabled
              stopped_count=0, restarted_count=0
 full_count=0

Compilation events (20 events):
Event: 7.044 Thread 0x00000146ea9c5800 nmethod 1864 0x00000146dbda5990 code [0x00000146dbda5b40, 0x00000146dbda5dd8]
Event: 7.089 Thread 0x00000146ea05e000 1865       3       java.util.ArrayList::toArray (57 bytes)
Event: 7.089 Thread 0x00000146ea05e000 nmethod 1865 0x00000146d4946210 code [0x00000146d4946400, 0x00000146d4946918]
Event: 7.089 Thread 0x00000146ea9c5800 1867       4       java.lang.ref.SoftReference::get (29 bytes)
Event: 7.089 Thread 0x00000146ea05e000 1866       3       org.gradle.internal.service.DefaultServiceRegistry$FactoryService::<init> (7 bytes)
Event: 7.090 Thread 0x00000146ea05e000 nmethod 1866 0x00000146d49dfc10 code [0x00000146d49dfe40, 0x00000146d49e0688]
Event: 7.090 Thread 0x00000146ea05e000 1868       3       java.lang.invoke.InnerClassLambdaMetafactory::getLoadOpcode (25 bytes)
Event: 7.090 Thread 0x00000146ea05e000 nmethod 1868 0x00000146d4897210 code [0x00000146d48973e0, 0x00000146d48975f8]
Event: 7.090 Thread 0x00000146ea05e000 1869       3       java.lang.invoke.InnerClassLambdaMetafactory::getParameterSize (27 bytes)
Event: 7.090 Thread 0x00000146ea05e000 nmethod 1869 0x00000146d4862f90 code [0x00000146d4863140, 0x00000146d4863318]
Event: 7.091 Thread 0x00000146ea9c5800 nmethod 1867 0x00000146dbda6090 code [0x00000146dbda6220, 0x00000146dbda62f8]
Event: 7.091 Thread 0x00000146ea9c5800 1870   !   4       java.lang.ClassLoader::loadClass (122 bytes)
Event: 7.095 Thread 0x00000146ea05e000 1871       3       java.util.concurrent.locks.ReentrantLock::unlock (10 bytes)
Event: 7.096 Thread 0x00000146ea05e000 nmethod 1871 0x00000146d48c8690 code [0x00000146d48c8860, 0x00000146d48c8b98]
Event: 7.101 Thread 0x00000146ea05e000 1873       3       org.gradle.internal.service.DefaultServiceRegistry$SingletonService::getAll (23 bytes)
Event: 7.102 Thread 0x00000146ea05e000 nmethod 1873 0x00000146d48b2c90 code [0x00000146d48b2e60, 0x00000146d48b30e8]
Event: 7.102 Thread 0x00000146ea05e000 1874   !   3       org.gradle.internal.service.DefaultServiceRegistry$ManagedObjectServiceProvider::getInstance (81 bytes)
Event: 7.102 Thread 0x00000146ea05e000 nmethod 1874 0x00000146d4993910 code [0x00000146d4993ae0, 0x00000146d4993f28]
Event: 7.106 Thread 0x00000146ea05e000 1875       1       sun.reflect.generics.repository.AbstractRepository::getFactory (5 bytes)
Event: 7.107 Thread 0x00000146ea05e000 nmethod 1875 0x00000146dbda6390 code [0x00000146dbda6540, 0x00000146dbda65f8]

GC Heap History (6 events):
Event: 1.794 GC heap before
{Heap before GC invocations=0 (full 0):
 garbage-first heap   total 129024K, used 29696K [0x00000000a0000000, 0x0000000100000000)
  region size 1024K, 24 young (24576K), 0 survivors (0K)
 Metaspace       used 10528K, capacity 10789K, committed 11008K, reserved 1058816K
  class space    used 1103K, capacity 1195K, committed 1280K, reserved 1048576K
}
Event: 1.815 GC heap after
{Heap after GC invocations=1 (full 0):
 garbage-first heap   total 129024K, used 8641K [0x00000000a0000000, 0x0000000100000000)
  region size 1024K, 3 young (3072K), 3 survivors (3072K)
 Metaspace       used 10528K, capacity 10789K, committed 11008K, reserved 1058816K
  class space    used 1103K, capacity 1195K, committed 1280K, reserved 1048576K
}
Event: 6.460 GC heap before
{Heap before GC invocations=1 (full 0):
 garbage-first heap   total 129024K, used 81345K [0x00000000a0000000, 0x0000000100000000)
  region size 1024K, 75 young (76800K), 3 survivors (3072K)
 Metaspace       used 18636K, capacity 19037K, committed 19328K, reserved 1067008K
  class space    used 2260K, capacity 2376K, committed 2432K, reserved 1048576K
}
Event: 6.477 GC heap after
{Heap after GC invocations=2 (full 0):
 garbage-first heap   total 129024K, used 15411K [0x00000000a0000000, 0x0000000100000000)
  region size 1024K, 10 young (10240K), 10 survivors (10240K)
 Metaspace       used 18636K, capacity 19037K, committed 19328K, reserved 1067008K
  class space    used 2260K, capacity 2376K, committed 2432K, reserved 1048576K
}
Event: 6.997 GC heap before
{Heap before GC invocations=2 (full 0):
 garbage-first heap   total 129024K, used 26675K [0x00000000a0000000, 0x0000000100000000)
  region size 1024K, 22 young (22528K), 10 survivors (10240K)
 Metaspace       used 20670K, capacity 21123K, committed 21248K, reserved 1067008K
  class space    used 2549K, capacity 2693K, committed 2816K, reserved 1048576K
}
Event: 7.016 GC heap after
{Heap after GC invocations=3 (full 0):
 garbage-first heap   total 129024K, used 16294K [0x00000000a0000000, 0x0000000100000000)
  region size 1024K, 1 young (1024K), 1 survivors (1024K)
 Metaspace       used 20670K, capacity 21123K, committed 21248K, reserved 1067008K
  class space    used 2549K, capacity 2693K, committed 2816K, reserved 1048576K
}

Deoptimization events (20 events):
Event: 6.743 Thread 0x00000146ebcde000 Uncommon trap: trap_request=0xffffff4d fr.pc=0x00000146dbd488f8 relative=0x00000000000005b8
Event: 6.743 Thread 0x00000146ebcde000 Uncommon trap: reason=unstable_if action=reinterpret pc=0x00000146dbd488f8 method=java.io.File.getName()Ljava/lang/String; @ 16 c2
Event: 6.743 Thread 0x00000146ebcde000 DEOPT PACKING pc=0x00000146dbd488f8 sp=0x00000009e03fb750
Event: 6.743 Thread 0x00000146ebcde000 DEOPT UNPACKING pc=0x00000146d42474af sp=0x00000009e03fb720 mode 2
Event: 6.743 Thread 0x00000146ebcde000 Uncommon trap: trap_request=0xffffff4d fr.pc=0x00000146dbd47890 relative=0x0000000000000450
Event: 6.743 Thread 0x00000146ebcde000 Uncommon trap: reason=unstable_if action=reinterpret pc=0x00000146dbd47890 method=java.lang.String.substring(I)Ljava/lang/String; @ 34 c2
Event: 6.743 Thread 0x00000146ebcde000 DEOPT PACKING pc=0x00000146dbd47890 sp=0x00000009e03fb6d0
Event: 6.743 Thread 0x00000146ebcde000 DEOPT UNPACKING pc=0x00000146d42474af sp=0x00000009e03fb6a8 mode 2
Event: 6.919 Thread 0x00000146ebcde000 Uncommon trap: trap_request=0xffffff4d fr.pc=0x00000146dbd206d8 relative=0x0000000000000398
Event: 6.919 Thread 0x00000146ebcde000 Uncommon trap: reason=unstable_if action=reinterpret pc=0x00000146dbd206d8 method=jdk.internal.org.objectweb.asm.Type.getArgumentsAndReturnSizes(Ljava/lang/String;)I @ 88 c2
Event: 6.919 Thread 0x00000146ebcde000 DEOPT PACKING pc=0x00000146dbd206d8 sp=0x00000009e03fa6c0
Event: 6.919 Thread 0x00000146ebcde000 DEOPT UNPACKING pc=0x00000146d42474af sp=0x00000009e03fa648 mode 2
Event: 6.937 Thread 0x00000146ebcde000 Uncommon trap: trap_request=0xffffffcc fr.pc=0x00000146dbd9e678 relative=0x00000000000002b8
Event: 6.937 Thread 0x00000146ebcde000 Uncommon trap: reason=intrinsic_or_type_checked_inlining action=make_not_entrant pc=0x00000146dbd9e678 method=java.util.Arrays.copyOf([Ljava/lang/Object;ILjava/lang/Class;)[Ljava/lang/Object; @ 35 c2
Event: 6.937 Thread 0x00000146ebcde000 DEOPT PACKING pc=0x00000146dbd9e678 sp=0x00000009e03fc800
Event: 6.937 Thread 0x00000146ebcde000 DEOPT UNPACKING pc=0x00000146d42474af sp=0x00000009e03fc7a8 mode 2
Event: 6.952 Thread 0x00000146ebcde000 Uncommon trap: trap_request=0xffffff4d fr.pc=0x00000146dbd56624 relative=0x0000000000000b84
Event: 6.952 Thread 0x00000146ebcde000 Uncommon trap: reason=unstable_if action=reinterpret pc=0x00000146dbd56624 method=java.util.Properties$LineReader.readLine()I @ 249 c2
Event: 6.952 Thread 0x00000146ebcde000 DEOPT PACKING pc=0x00000146dbd56624 sp=0x00000009e03fc010
Event: 6.952 Thread 0x00000146ebcde000 DEOPT UNPACKING pc=0x00000146d42474af sp=0x00000009e03fbfa0 mode 2

Classes redefined (0 events):
No events

Internal exceptions (20 events):
Event: 2.904 Thread 0x00000146cf0b2000 Exception <a 'java/security/PrivilegedActionException'{0x00000000a5f75350}> (0x00000000a5f75350) thrown at [./src/hotspot/share/prims/jvm.cpp, line 1297]
Event: 2.904 Thread 0x00000146cf0b2000 Exception <a 'java/security/PrivilegedActionException'{0x00000000a5f76a78}> (0x00000000a5f76a78) thrown at [./src/hotspot/share/prims/jvm.cpp, line 1297]
Event: 2.904 Thread 0x00000146cf0b2000 Exception <a 'java/security/PrivilegedActionException'{0x00000000a5f76ff0}> (0x00000000a5f76ff0) thrown at [./src/hotspot/share/prims/jvm.cpp, line 1297]
Event: 2.904 Thread 0x00000146cf0b2000 Exception <a 'java/security/PrivilegedActionException'{0x00000000a5f787c0}> (0x00000000a5f787c0) thrown at [./src/hotspot/share/prims/jvm.cpp, line 1297]
Event: 2.904 Thread 0x00000146cf0b2000 Exception <a 'java/security/PrivilegedActionException'{0x00000000a5f78d38}> (0x00000000a5f78d38) thrown at [./src/hotspot/share/prims/jvm.cpp, line 1297]
Event: 3.488 Thread 0x00000146cf0b2000 Exception <a 'java/lang/NoSuchMethodError'{0x00000000a4e01720}: 'java.lang.Object java.lang.invoke.DirectMethodHandle$Holder.invokeStaticInit(java.lang.Object, java.lang.Object, java.lang.Object)'> (0x00000000a4e01720) thrown at [./src/hotspot/share/interpreter/linkResolver.cpp, line 773]
Event: 3.672 Thread 0x00000146cf0b2000 Exception <a 'java/lang/NoSuchMethodError'{0x00000000a4920838}: 'java.lang.Object java.lang.invoke.Invokers$Holder.invoker(java.lang.Object, java.lang.Object, java.lang.Object, java.lang.Object, java.lang.Object)'> (0x00000000a4920838) thrown at [./src/hotspot/share/interpreter/linkResolver.cpp, line 773]
Event: 3.676 Thread 0x00000146cf0b2000 Exception <a 'java/lang/NoSuchMethodError'{0x00000000a49314b0}: 'void java.lang.invoke.DelegatingMethodHandle$Holder.delegate(java.lang.Object, java.lang.Object, int, java.lang.Object)'> (0x00000000a49314b0) thrown at [./src/hotspot/share/interpreter/linkResolver.cpp, line 773]
Event: 3.709 Thread 0x00000146cf0b2000 Exception <a 'java/lang/NoSuchMethodError'{0x00000000a49eaef8}: 'java.lang.Object java.lang.invoke.DirectMethodHandle$Holder.invokeStaticInit(java.lang.Object, int, int, int, int)'> (0x00000000a49eaef8) thrown at [./src/hotspot/share/interpreter/linkResolver.cpp, line 773]
Event: 4.211 Thread 0x00000146cf0b2000 Exception <a 'java/lang/NoSuchMethodError'{0x00000000a481dfa8}: 'java.lang.Object java.lang.invoke.DirectMethodHandle$Holder.invokeStaticInit(java.lang.Object, java.lang.Object, int, int, int, int)'> (0x00000000a481dfa8) thrown at [./src/hotspot/share/interpreter/linkResolver.cpp, line 773]
Event: 5.587 Thread 0x00000146cf0b2000 Exception <a 'java/io/IOException'{0x00000000a47c5eb8}> (0x00000000a47c5eb8) thrown at [./src/hotspot/share/prims/jni.cpp, line 615]
Event: 5.826 Thread 0x00000146ebcde000 Exception <a 'java/lang/NoSuchMethodError'{0x00000000a418fa20}: 'void java.lang.invoke.DelegatingMethodHandle$Holder.reinvoke_L(java.lang.Object, java.lang.Object, java.lang.Object, java.lang.Object)'> (0x00000000a418fa20) thrown at [./src/hotspot/share/interpreter/linkResolver.cpp, line 773]
Event: 5.852 Thread 0x00000146ebcde000 Exception <a 'java/lang/NoSuchMethodError'{0x00000000a41c62f8}: 'long java.lang.invoke.DirectMethodHandle$Holder.invokeInterface(java.lang.Object, java.lang.Object)'> (0x00000000a41c62f8) thrown at [./src/hotspot/share/interpreter/linkResolver.cpp, line 773]
Event: 5.858 Thread 0x00000146ebcde000 Exception <a 'java/lang/NoSuchMethodError'{0x00000000a41e7540}: 'void java.lang.invoke.DelegatingMethodHandle$Holder.reinvoke_L(java.lang.Object, java.lang.Object, java.lang.Object, java.lang.Object, java.lang.Object, java.lang.Object, java.lang.Object)'> (0x00000000a41e7540) thrown at [./src/hotspot/share/interpreter/linkResolver.cpp, line 773]
Event: 6.373 Thread 0x00000146ebcde000 Exception <a 'java/lang/NoSuchMethodError'{0x00000000a3587df8}: 'java.lang.Object java.lang.invoke.DirectMethodHandle$Holder.invokeVirtual(java.lang.Object, java.lang.Object, java.lang.Object)'> (0x00000000a3587df8) thrown at [./src/hotspot/share/interpreter/linkResolver.cpp, line 773]
Event: 6.507 Thread 0x00000146ebcde000 Exception <a 'java/lang/NoSuchMethodError'{0x00000000a7dfef10}: 'void java.lang.invoke.DirectMethodHandle$Holder.invokeStaticInit(java.lang.Object)'> (0x00000000a7dfef10) thrown at [./src/hotspot/share/interpreter/linkResolver.cpp, line 773]
Event: 6.859 Thread 0x00000146ebcde000 Exception <a 'java/lang/NoSuchMethodError'{0x00000000a76be180}: 'int java.lang.invoke.DirectMethodHandle$Holder.invokeSpecialIFC(java.lang.Object, java.lang.Object, java.lang.Object, java.lang.Object)'> (0x00000000a76be180) thrown at [./src/hotspot/share/interpreter/linkResolver.cpp, line 773]
Event: 6.862 Thread 0x00000146ebcde000 Exception <a 'java/lang/NoSuchMethodError'{0x00000000a76cbf40}: 'java.lang.Object java.lang.invoke.DirectMethodHandle$Holder.invokeInterface(java.lang.Object, java.lang.Object, java.lang.Object)'> (0x00000000a76cbf40) thrown at [./src/hotspot/share/interpreter/linkResolver.cpp, line 773]
Event: 6.862 Thread 0x00000146ebcde000 Exception <a 'java/lang/IncompatibleClassChangeError'{0x00000000a76cf418}: Found class java.lang.Object, but interface was expected> (0x00000000a76cf418) thrown at [./src/hotspot/share/interpreter/linkResolver.cpp, line 839]
Event: 7.022 Thread 0x00000146ebcde000 Exception <a 'java/lang/NoSuchMethodError'{0x00000000a7d52910}: 'void java.lang.invoke.DirectMethodHandle$Holder.invokeSpecial(java.lang.Object, java.lang.Object)'> (0x00000000a7d52910) thrown at [./src/hotspot/share/interpreter/linkResolver.cpp, line 773]

Events (20 events):
Event: 7.100 loading class org/gradle/api/internal/file/DefaultArchiveOperations
Event: 7.100 loading class org/gradle/api/internal/file/DefaultArchiveOperations done
Event: 7.101 loading class org/gradle/api/file/ArchiveOperations
Event: 7.101 loading class org/gradle/api/file/ArchiveOperations done
Event: 7.101 loading class org/gradle/caching/internal/BuildCacheServices$2
Event: 7.101 loading class org/gradle/caching/internal/BuildCacheServices$2 done
Event: 7.103 loading class org/gradle/caching/local/internal/DirectoryBuildCacheFileStoreFactory
Event: 7.103 loading class org/gradle/caching/local/internal/DirectoryBuildCacheFileStoreFactory done
Event: 7.103 loading class org/gradle/caching/configuration/internal/BuildCacheServiceRegistration
Event: 7.103 loading class org/gradle/caching/configuration/internal/BuildCacheServiceRegistration done
Event: 7.104 loading class org/gradle/caching/configuration/internal/BuildCacheConfigurationInternal
Event: 7.104 loading class org/gradle/caching/configuration/internal/BuildCacheConfigurationInternal done
Event: 7.105 loading class org/gradle/caching/configuration/BuildCacheConfiguration
Event: 7.105 loading class org/gradle/caching/configuration/BuildCacheConfiguration done
Event: 7.105 loading class org/gradle/caching/configuration/CompatibilitySupportForBuildCacheConfiguration
Event: 7.105 loading class org/gradle/caching/configuration/CompatibilitySupportForBuildCacheConfiguration done
Event: 7.106 loading class org/gradle/kotlin/dsl/cache/BuildServices
Event: 7.106 loading class org/gradle/kotlin/dsl/cache/BuildServices done
Event: 7.107 loading class org/gradle/kotlin/dsl/cache/ScriptCache
Event: 7.107 loading class org/gradle/kotlin/dsl/cache/ScriptCache done


Dynamic libraries:
0x00007ff7062f0000 - 0x00007ff7062fa000 	C:\Program Files\Android\Android Studio\jre\bin\java.exe
0x00007ffed72e0000 - 0x00007ffed74e7000 	C:\WINDOWS\SYSTEM32\ntdll.dll
0x00007ffed5760000 - 0x00007ffed581d000 	C:\WINDOWS\System32\KERNEL32.DLL
0x00007ffed47c0000 - 0x00007ffed4b34000 	C:\WINDOWS\System32\KERNELBASE.dll
0x00007ffed1960000 - 0x00007ffed19f1000 	C:\WINDOWS\SYSTEM32\apphelp.dll
0x00007ffed5050000 - 0x00007ffed5161000 	C:\WINDOWS\System32\ucrtbase.dll
0x00007ffec7220000 - 0x00007ffec7239000 	C:\Program Files\Android\Android Studio\jre\bin\jli.dll
0x00007ffec7170000 - 0x00007ffec7187000 	C:\Program Files\Android\Android Studio\jre\bin\VCRUNTIME140.dll
0x00007ffed6500000 - 0x00007ffed66ac000 	C:\WINDOWS\System32\USER32.dll
0x00007ffeb3360000 - 0x00007ffeb3605000 	C:\WINDOWS\WinSxS\amd64_microsoft.windows.common-controls_6595b64144ccf1df_6.0.22000.51_none_25c0e06ad7789dba\COMCTL32.dll
0x00007ffed4e40000 - 0x00007ffed4e66000 	C:\WINDOWS\System32\win32u.dll
0x00007ffed6450000 - 0x00007ffed64f3000 	C:\WINDOWS\System32\msvcrt.dll
0x00007ffed7070000 - 0x00007ffed7099000 	C:\WINDOWS\System32\GDI32.dll
0x00007ffed4d20000 - 0x00007ffed4e32000 	C:\WINDOWS\System32\gdi32full.dll
0x00007ffed4b40000 - 0x00007ffed4bdd000 	C:\WINDOWS\System32\msvcp_win.dll
0x00007ffed7190000 - 0x00007ffed71c1000 	C:\WINDOWS\System32\IMM32.DLL
0x00007ffe91ce0000 - 0x00007ffe91d7d000 	C:\Program Files\Android\Android Studio\jre\bin\msvcp140.dll
0x00007ffe66f10000 - 0x00007ffe679cc000 	C:\Program Files\Android\Android Studio\jre\bin\server\jvm.dll
0x00007ffed71f0000 - 0x00007ffed729c000 	C:\WINDOWS\System32\ADVAPI32.dll
0x00007ffed5410000 - 0x00007ffed54ad000 	C:\WINDOWS\System32\sechost.dll
0x00007ffed5200000 - 0x00007ffed5321000 	C:\WINDOWS\System32\RPCRT4.dll
0x00007ffed51f0000 - 0x00007ffed51f8000 	C:\WINDOWS\System32\PSAPI.DLL
0x00007ffeba7d0000 - 0x00007ffeba7d9000 	C:\WINDOWS\SYSTEM32\WSOCK32.dll
0x00007ffeccdb0000 - 0x00007ffeccde3000 	C:\WINDOWS\SYSTEM32\WINMM.dll
0x00007ffec84c0000 - 0x00007ffec84ca000 	C:\WINDOWS\SYSTEM32\VERSION.dll
0x00007ffed56f0000 - 0x00007ffed575f000 	C:\WINDOWS\System32\WS2_32.dll
0x00007ffed39a0000 - 0x00007ffed39b8000 	C:\WINDOWS\SYSTEM32\kernel.appcore.dll
0x00007ffecd830000 - 0x00007ffecd841000 	C:\Program Files\Android\Android Studio\jre\bin\verify.dll
0x00007ffed2320000 - 0x00007ffed2541000 	C:\WINDOWS\SYSTEM32\DBGHELP.DLL
0x00007ffec7a00000 - 0x00007ffec7a31000 	C:\WINDOWS\SYSTEM32\dbgcore.DLL
0x00007ffed4be0000 - 0x00007ffed4c60000 	C:\WINDOWS\System32\bcryptPrimitives.dll
0x00007ffec7270000 - 0x00007ffec7299000 	C:\Program Files\Android\Android Studio\jre\bin\java.dll
0x00007ffecd800000 - 0x00007ffecd80b000 	C:\Program Files\Android\Android Studio\jre\bin\jimage.dll
0x00007ffec7860000 - 0x00007ffec7878000 	C:\Program Files\Android\Android Studio\jre\bin\zip.dll
0x00007ffed5820000 - 0x00007ffed5fc8000 	C:\WINDOWS\System32\SHELL32.dll
0x00007ffed2940000 - 0x00007ffed31a2000 	C:\WINDOWS\SYSTEM32\windows.storage.dll
0x00007ffed66c0000 - 0x00007ffed6a38000 	C:\WINDOWS\System32\combase.dll
0x00007ffed27d0000 - 0x00007ffed2936000 	C:\WINDOWS\SYSTEM32\wintypes.dll
0x00007ffed6dd0000 - 0x00007ffed6eba000 	C:\WINDOWS\System32\SHCORE.dll
0x00007ffed5190000 - 0x00007ffed51ed000 	C:\WINDOWS\System32\shlwapi.dll
0x00007ffed46f0000 - 0x00007ffed4711000 	C:\WINDOWS\SYSTEM32\profapi.dll
0x00007ffec7840000 - 0x00007ffec785a000 	C:\Program Files\Android\Android Studio\jre\bin\net.dll
0x00007ffecf8d0000 - 0x00007ffecf9dc000 	C:\WINDOWS\SYSTEM32\WINHTTP.dll
0x00007ffed3db0000 - 0x00007ffed3e17000 	C:\WINDOWS\system32\mswsock.dll
0x00007ffec7820000 - 0x00007ffec7834000 	C:\Program Files\Android\Android Studio\jre\bin\nio.dll
0x00007ffea3120000 - 0x00007ffea3146000 	C:\Users\Ashish Pal\.gradle\native\fdc75f09e3144964f2cf3f50f0aa648679c211496f362492102eb8c894070792\windows-amd64\native-platform.dll
0x00007ffe77310000 - 0x00007ffe774a1000 	C:\Users\Ashish Pal\.gradle\native\12488b8bf47d2d4c9fbf2f6322a914ad602e24e48041cd04a747c6da556b65c4\windows-amd64\native-platform-file-events.dll
0x00007ffecbed0000 - 0x00007ffecbeda000 	C:\Program Files\Android\Android Studio\jre\bin\management.dll
0x00007ffec76c0000 - 0x00007ffec76cc000 	C:\Program Files\Android\Android Studio\jre\bin\management_ext.dll
0x00007ffed4020000 - 0x00007ffed4038000 	C:\WINDOWS\SYSTEM32\CRYPTSP.dll
0x00007ffed3900000 - 0x00007ffed3935000 	C:\WINDOWS\system32\rsaenh.dll
0x00007ffed3ec0000 - 0x00007ffed3ee9000 	C:\WINDOWS\SYSTEM32\USERENV.dll
0x00007ffed41b0000 - 0x00007ffed41d7000 	C:\WINDOWS\SYSTEM32\bcrypt.dll
0x00007ffed4010000 - 0x00007ffed401c000 	C:\WINDOWS\SYSTEM32\CRYPTBASE.dll
0x00007ffed34e0000 - 0x00007ffed350d000 	C:\WINDOWS\SYSTEM32\IPHLPAPI.DLL
0x00007ffed6ec0000 - 0x00007ffed6ec9000 	C:\WINDOWS\System32\NSI.dll
0x00007ffecf500000 - 0x00007ffecf519000 	C:\WINDOWS\SYSTEM32\dhcpcsvc6.DLL
0x00007ffecf5d0000 - 0x00007ffecf5ee000 	C:\WINDOWS\SYSTEM32\dhcpcsvc.DLL
0x00007ffed3510000 - 0x00007ffed35f7000 	C:\WINDOWS\SYSTEM32\DNSAPI.dll
0x00007ffed0050000 - 0x00007ffed005c000 	C:\WINDOWS\SYSTEM32\WINNSI.DLL

dbghelp: loaded successfully - version: 4.0.5 - missing functions: none
symbol engine: initialized successfully - sym options: 0x614 - pdb path: .;C:\Program Files\Android\Android Studio\jre\bin;C:\WINDOWS\SYSTEM32;C:\WINDOWS\WinSxS\amd64_microsoft.windows.common-controls_6595b64144ccf1df_6.0.22000.51_none_25c0e06ad7789dba;C:\Program Files\Android\Android Studio\jre\bin\server;C:\Users\Ashish Pal\.gradle\native\fdc75f09e3144964f2cf3f50f0aa648679c211496f362492102eb8c894070792\windows-amd64;C:\Users\Ashish Pal\.gradle\native\12488b8bf47d2d4c9fbf2f6322a914ad602e24e48041cd04a747c6da556b65c4\windows-amd64

VM Arguments:
jvm_args: --add-opens=java.base/java.util=ALL-UNNAMED --add-opens=java.base/java.lang=ALL-UNNAMED --add-opens=java.base/java.lang.invoke=ALL-UNNAMED --add-opens=java.prefs/java.util.prefs=ALL-UNNAMED -Xmx1536M -Dfile.encoding=windows-1252 -Duser.country=IN -Duser.language=en -Duser.variant 
java_command: org.gradle.launcher.daemon.bootstrap.GradleDaemon 6.7
java_class_path (initial): C:\Users\Ashish Pal\.gradle\wrapper\dists\gradle-6.7-all\cuy9mc7upwgwgeb72wkcrupxe\gradle-6.7\lib\gradle-launcher-6.7.jar
Launcher Type: SUN_STANDARD

[Global flags]
     intx CICompilerCount                          = 4                                         {product} {ergonomic}
     uint ConcGCThreads                            = 2                                         {product} {ergonomic}
     uint G1ConcRefinementThreads                  = 8                                         {product} {ergonomic}
   size_t G1HeapRegionSize                         = 1048576                                   {product} {ergonomic}
    uintx GCDrainStackTargetSize                   = 64                                        {product} {ergonomic}
   size_t InitialHeapSize                          = 132120576                                 {product} {ergonomic}
   size_t MarkStackSize                            = 4194304                                   {product} {ergonomic}
   size_t MaxHeapSize                              = 1610612736                                {product} {command line}
   size_t MaxNewSize                               = 965738496                                 {product} {ergonomic}
   size_t MinHeapDeltaBytes                        = 1048576                                   {product} {ergonomic}
    uintx NonNMethodCodeHeapSize                   = 5836300                                {pd product} {ergonomic}
    uintx NonProfiledCodeHeapSize                  = 122910970                              {pd product} {ergonomic}
    uintx ProfiledCodeHeapSize                     = 122910970                              {pd product} {ergonomic}
    uintx ReservedCodeCacheSize                    = 251658240                              {pd product} {ergonomic}
     bool SegmentedCodeCache                       = true                                      {product} {ergonomic}
     bool UseCompressedClassPointers               = true                                 {lp64_product} {ergonomic}
     bool UseCompressedOops                        = true                                 {lp64_product} {ergonomic}
     bool UseG1GC                                  = true                                      {product} {ergonomic}
     bool UseLargePagesIndividualAllocation        = false                                  {pd product} {ergonomic}

Logging:
Log output configuration:
 #0: stdout all=warning uptime,level,tags
 #1: stderr all=off uptime,level,tags

Environment Variables:
JAVA_HOME=C:\Program Files\Android\Android Studio\jre
CLASSPATH=D:\a_dev\AndroidStudioProjects\untitled3\android\\gradle\wrapper\gradle-wrapper.jar
PATH=C:\Python39\Scripts\;C:\Python39\;C:\Program Files\Python37\Scripts\;C:\Program Files\Python37\;D:\a_dev\anaconda;D:\a_dev\anaconda\Library\mingw-w64\bin;D:\a_dev\anaconda\Library\usr\bin;D:\a_dev\anaconda\Library\bin;D:\a_dev\anaconda\Scripts;C:\Program Files (x86)\Intel\Intel(R) Management Engine Components\iCLS\;C:\Program Files\Intel\Intel(R) Management Engine Components\iCLS\;C:\Windows\system32;C:\Windows;C:\Windows\System32\Wbem;C:\Windows\System32\WindowsPowerShell\v1.0\;C:\Windows\System32\OpenSSH\;C:\Program Files (x86)\Intel\Intel(R) Management Engine Components\DAL;C:\Program Files\Intel\Intel(R) Management Engine Components\DAL;C:\Program Files\Intel\WiFi\bin\;C:\Program Files\Common Files\Intel\WirelessCommon\;C:\Program Files (x86)\NVIDIA Corporation\PhysX\Common;C:\WINDOWS\system32;C:\WINDOWS;C:\WINDOWS\System32\Wbem;C:\WINDOWS\System32\WindowsPowerShell\v1.0\;C:\WINDOWS\System32\OpenSSH\;C:\Program Files\dotnet\;C:\Program Files\NVIDIA Corporation\NVIDIA NvDLISR;C:\Users\Ashish Pal\AppData\Roaming\Python\Python37\Scripts;C:\Program Files\nodejs\;C:\ProgramData\chocolatey\bin;D:\a_dev\MinGW\bin;;%SystemRoot%\system32;%SystemRoot%;%SystemRoot%\System32\Wbem;%SYSTEMROOT%\System32\WindowsPowerShell\v1.0\;%SYSTEMROOT%\System32\OpenSSH\;C:\Users\Ashish Pal\AppData\Local\Programs\Python\Python37\Scripts\;C:\Users\Ashish Pal\AppData\Local\Programs\Python\Python37\;C:\Users\Ashish Pal\AppData\Local\Programs\Python\Python39\Scripts\;C:\Users\Ashish Pal\AppData\Local\Programs\Python\Python39\;C:\Users\Ashish Pal\AppData\Local\Microsoft\WindowsApps;C:\Program Files\Java\jdk-14.0.1\bin;D:\a_dev\flutter\bin;C:\Users\Ashish Pal\AppData\Local\Programs\Microsoft VS Code\bin;C:\Users\Ashish Pal\AppData\Roaming\Python\Python38\Scripts;C:\Program Files\NVIDIA GPU Computing Toolkit\CUDA\v11.1\bin;C:\Users\Ashish Pal\AppData\Roaming\Python\Python37\Scripts;Path: C:\Users\Ashish Pal\.android\avd\Pixel_3_XL_API_30.avd;D:\a_dev\flutter\.pub-cache\bin;C:\Users\Ashish Pal\A
USERNAME=Ashish Pal
OS=Windows_NT
PROCESSOR_IDENTIFIER=Intel64 Family 6 Model 142 Stepping 11, GenuineIntel



---------------  S Y S T E M  ---------------

OS: Windows 10 , 64 bit Build 22000 (10.0.22000.37)
OS uptime: 0 days 21:51 hours
HyperV virtualization detected

CPU:total 8 (initial active 8) (4 cores per cpu, 2 threads per core) family 6 model 142 stepping 11, cmov, cx8, fxsr, mmx, sse, sse2, sse3, ssse3, sse4.1, sse4.2, popcnt, avx, avx2, aes, clmul, erms, 3dnowpref, lzcnt, ht, tsc, tscinvbit, bmi1, bmi2, adx, fma

Memory: 4k page, system-wide physical 8042M (216M free)
TotalPageFile size 16042M (AvailPageFile size 0M)
current process WorkingSet (physical memory assigned to process): 180M, peak: 180M
current process commit charge ("private bytes"): 247M, peak: 247M

vm_info: OpenJDK 64-Bit Server VM (11.0.8+10-b944.6842174) for windows-amd64 JRE (11.0.8+10-b944.6842174), built on Sep 19 2020 01:11:42 by "builder" with MS VC++ 14.0 (VS2015)

END.
