#
# There is insufficient memory for the Java Runtime Environment to continue.
# Native memory allocation (malloc) failed to allocate 32744 bytes for ChunkPool::allocate
# Possible reasons:
#   The system is out of physical RAM or swap space
#   The process is running with CompressedOops enabled, and the Java Heap may be blocking the growth of the native heap
# Possible solutions:
#   Reduce memory load on the system
#   Increase physical memory or swap space
#   Check if swap backing store is full
#   Decrease Java heap size (-Xmx/-Xms)
#   Decrease number of Java threads
#   Decrease Java thread stack sizes (-Xss)
#   Set larger code cache with -XX:ReservedCodeCacheSize=
#   JVM is running with Unscaled Compressed Oops mode in which the Java heap is
#     placed in the first 4GB address space. The Java Heap base address is the
#     maximum limit for the native heap growth. Please use -XX:HeapBaseMinAddress
#     to set the Java Heap base and to place the Java Heap above 4GB virtual address.
# This output file may be truncated or incomplete.
#
#  Out of Memory Error (./src/hotspot/share/memory/arena.cpp:81), pid=6428, tid=9500
#
# JRE version: OpenJDK Runtime Environment (11.0.8+10) (build 11.0.8+10-b944.6842174)
# Java VM: OpenJDK 64-Bit Server VM (11.0.8+10-b944.6842174, mixed mode, tiered, compressed oops, g1 gc, windows-amd64)
# No core dump will be written. Minidumps are not enabled by default on client versions of Windows
#

---------------  S U M M A R Y ------------

Command Line: --add-opens=java.base/java.util=ALL-UNNAMED --add-opens=java.base/java.lang=ALL-UNNAMED --add-opens=java.base/java.lang.invoke=ALL-UNNAMED --add-opens=java.prefs/java.util.prefs=ALL-UNNAMED -Xmx1536M -Dfile.encoding=windows-1252 -Duser.country=IN -Duser.language=en -Duser.variant org.gradle.launcher.daemon.bootstrap.GradleDaemon 6.7

Host: Intel(R) Core(TM) i5-8265U CPU @ 1.60GHz, 8 cores, 7G,  Windows 10 , 64 bit Build 22000 (10.0.22000.37)
Time: Mon Jul 19 22:44:45 2021 India Standard Time elapsed time: 21 seconds (0d 0h 0m 21s)

---------------  T H R E A D  ---------------

Current thread (0x0000015fe43ae800):  JavaThread "C2 CompilerThread0" daemon [_thread_in_native, id=9500, stack(0x00000018dbb00000,0x00000018dbc00000)]


Current CompileTask:
C2:  21238 10996       4       org.gradle.internal.logging.text.AbstractLineChoppingStyledTextOutput$1::execute (9 bytes)

Stack: [0x00000018dbb00000,0x00000018dbc00000]
Native frames: (J=compiled Java code, j=interpreted, Vv=VM code, C=native code)
V  [jvm.dll+0x5de50a]
V  [jvm.dll+0x7122f5]
V  [jvm.dll+0x71384d]
V  [jvm.dll+0x713f03]
V  [jvm.dll+0x23e728]
V  [jvm.dll+0xb8beb]
V  [jvm.dll+0xb8e9c]
V  [jvm.dll+0xb8a98]
V  [jvm.dll+0x5be3b0]
V  [jvm.dll+0x60ea9e]
V  [jvm.dll+0x193f88]
V  [jvm.dll+0x1f780e]
V  [jvm.dll+0x1f68d4]
V  [jvm.dll+0x17f32c]
V  [jvm.dll+0x205047]
V  [jvm.dll+0x203891]
V  [jvm.dll+0x6dad3f]
V  [jvm.dll+0x6d3895]
V  [jvm.dll+0x5dd4a6]
C  [ucrtbase.dll+0x26c0c]
C  [KERNEL32.DLL+0x154e0]
C  [ntdll.dll+0x485b]


---------------  P R O C E S S  ---------------

Threads class SMR info:
_java_thread_list=0x0000015fed378440, length=164, elements={
0x0000015fcb382800, 0x0000015fe4391800, 0x0000015fe439a800, 0x0000015fe43ac800,
0x0000015fe43ad800, 0x0000015fe43ae800, 0x0000015fe43b3800, 0x0000015fe43b5000,
0x0000015fe4e5c000, 0x0000015fe4e6a000, 0x0000015fe68ef000, 0x0000015fe74ee800,
0x0000015fe651d000, 0x0000015fe5eba000, 0x0000015fe5b3f800, 0x0000015fe5ee1000,
0x0000015fe622c000, 0x0000015fe62e0000, 0x0000015fe692d000, 0x0000015fe68ee000,
0x0000015fe6ca2000, 0x0000015fe6ca1000, 0x0000015fe6ca3000, 0x0000015fe6ca3800,
0x0000015fe6ca4800, 0x0000015fe6ca0800, 0x0000015fe6ca5000, 0x0000015fe6ca6000,
0x0000015fe6ca7000, 0x0000015fe783c000, 0x0000015fe7841000, 0x0000015fe7842800,
0x0000015fe783d000, 0x0000015fe783f800, 0x0000015fe7843800, 0x0000015fe7840000,
0x0000015fe783d800, 0x0000015fe7844000, 0x0000015fe783e800, 0x0000015fe7848800,
0x0000015fe784a000, 0x0000015fe7846000, 0x0000015fe7847800, 0x0000015fe784a800,
0x0000015fe7849000, 0x0000015fe7846800, 0x0000015fe7845000, 0x0000015fe6cc2800,
0x0000015fe6cc3800, 0x0000015fe6cc4800, 0x0000015fe6cc2000, 0x0000015fe6cc7800,
0x0000015fe6cc9000, 0x0000015fe6cca000, 0x0000015fe6cc8800, 0x0000015fe6cc5000,
0x0000015fe6ccb000, 0x0000015fe6ccb800, 0x0000015fe6cc6000, 0x0000015fe6ccc800,
0x0000015fe6cc7000, 0x0000015fe6cd0800, 0x0000015fe6ccd800, 0x0000015fe6cce000,
0x0000015fe6ccf000, 0x0000015fe6cd0000, 0x0000015fe6f51000, 0x0000015fe6f4d800,
0x0000015fe6f4f000, 0x0000015fe6f51800, 0x0000015fe6f50000, 0x0000015fe6f4e800,
0x0000015fe6f4c000, 0x0000015fe6f52800, 0x0000015fe6f4d000, 0x0000015fe6f57800,
0x0000015fe6f56800, 0x0000015fe6f55800, 0x0000015fe6f53800, 0x0000015fe6f58000,
0x0000015fe6f59000, 0x0000015fe6f5a000, 0x0000015fe6f54000, 0x0000015fe6f5a800,
0x0000015fe6f55000, 0x0000015fe7ba0000, 0x0000015fe7ba1000, 0x0000015fe7ba1800,
0x0000015fe7b9d000, 0x0000015fe7b9f000, 0x0000015fe7b9d800, 0x0000015fe7b9e800,
0x0000015fe7b9c000, 0x0000015fe7ba6800, 0x0000015fe7ba2800, 0x0000015fe7ba4000,
0x0000015fe7ba7800, 0x0000015fe7ba8000, 0x0000015fe7ba5000, 0x0000015fe7ba6000,
0x0000015fe7ba9000, 0x0000015fe7ba3800, 0x0000015fe7baa800, 0x0000015fe7baa000,
0x0000015fe93e9000, 0x0000015fe93e5800, 0x0000015fe93ea000, 0x0000015fe93e6800,
0x0000015fe93e7800, 0x0000015fe93e8000, 0x0000015fe93e4000, 0x0000015fe93ea800,
0x0000015fe93e5000, 0x0000015fe93ef800, 0x0000015fe93f0800, 0x0000015fe93f1000,
0x0000015fe93eb800, 0x0000015fe93ed000, 0x0000015fe93ee000, 0x0000015fe93f2000,
0x0000015fe93ec000, 0x0000015fe93f3000, 0x0000015fe93ee800, 0x0000015fe6f34800,
0x0000015fe6f39800, 0x0000015fe6f3a800, 0x0000015fe6f3b800, 0x0000015fe6f38000,
0x0000015fe6f39000, 0x0000015fe6f35800, 0x0000015fe6f37000, 0x0000015fe6f3c000,
0x0000015fe6f36800, 0x0000015fe6f40000, 0x0000015fe6f41000, 0x0000015fe6f42000,
0x0000015fe6f42800, 0x0000015fe6f3d000, 0x0000015fe6f43800, 0x0000015fe6f3e800,
0x0000015fe6f3d800, 0x0000015fe6f3f800, 0x0000015fe93f6800, 0x0000015fe93f4000,
0x0000015fe93f5000, 0x0000015fe93f8000, 0x0000015fe93fb800, 0x0000015fe93fa000,
0x0000015fe93f5800, 0x0000015fe93f9000, 0x0000015fe93fa800, 0x0000015fe93fc000,
0x0000015fe93fd000, 0x0000015fe93f7800, 0x0000015fe9403000, 0x0000015fe93fe000,
0x0000015fe93fe800, 0x0000015fe9401000, 0x0000015fe9400800, 0x0000015fe93ff800,
0x0000015fe9402000, 0x0000015fed7e6000, 0x0000015fed7ea800, 0x0000015fed7e8800
}

Java Threads: ( => current thread )
  0x0000015fcb382800 JavaThread "main" [_thread_blocked, id=7724, stack(0x00000018db000000,0x00000018db100000)]
  0x0000015fe4391800 JavaThread "Reference Handler" daemon [_thread_blocked, id=1328, stack(0x00000018db700000,0x00000018db800000)]
  0x0000015fe439a800 JavaThread "Finalizer" daemon [_thread_blocked, id=11976, stack(0x00000018db800000,0x00000018db900000)]
  0x0000015fe43ac800 JavaThread "Signal Dispatcher" daemon [_thread_blocked, id=14620, stack(0x00000018db900000,0x00000018dba00000)]
  0x0000015fe43ad800 JavaThread "Attach Listener" daemon [_thread_blocked, id=7768, stack(0x00000018dba00000,0x00000018dbb00000)]
=>0x0000015fe43ae800 JavaThread "C2 CompilerThread0" daemon [_thread_in_native, id=9500, stack(0x00000018dbb00000,0x00000018dbc00000)]
  0x0000015fe43b3800 JavaThread "C1 CompilerThread0" daemon [_thread_blocked, id=1516, stack(0x00000018dbc00000,0x00000018dbd00000)]
  0x0000015fe43b5000 JavaThread "Sweeper thread" daemon [_thread_blocked, id=14744, stack(0x00000018dbd00000,0x00000018dbe00000)]
  0x0000015fe4e5c000 JavaThread "Common-Cleaner" daemon [_thread_blocked, id=13392, stack(0x00000018dbe00000,0x00000018dbf00000)]
  0x0000015fe4e6a000 JavaThread "Service Thread" daemon [_thread_blocked, id=8588, stack(0x00000018dbf00000,0x00000018dc000000)]
  0x0000015fe68ef000 JavaThread "Daemon health stats" [_thread_blocked, id=12128, stack(0x00000018dc300000,0x00000018dc400000)]
  0x0000015fe74ee800 JavaThread "Incoming local TCP Connector on port 64650" [_thread_in_native, id=14800, stack(0x00000018dc600000,0x00000018dc700000)]
  0x0000015fe651d000 JavaThread "Daemon periodic checks" [_thread_blocked, id=13804, stack(0x00000018dc700000,0x00000018dc800000)]
  0x0000015fe5eba000 JavaThread "Daemon" [_thread_blocked, id=13292, stack(0x00000018dc800000,0x00000018dc900000)]
  0x0000015fe5b3f800 JavaThread "Handler for socket connection from /127.0.0.1:64650 to /127.0.0.1:64651" [_thread_in_native, id=11620, stack(0x00000018dc900000,0x00000018dca00000)]
  0x0000015fe5ee1000 JavaThread "Cancel handler" [_thread_blocked, id=8600, stack(0x00000018dca00000,0x00000018dcb00000)]
  0x0000015fe622c000 JavaThread "Daemon worker" [_thread_blocked, id=13708, stack(0x00000018dcb00000,0x00000018dcc00000)]
  0x0000015fe62e0000 JavaThread "Asynchronous log dispatcher for DefaultDaemonConnection: socket connection from /127.0.0.1:64650 to /127.0.0.1:64651" [_thread_blocked, id=12604, stack(0x00000018dcc00000,0x00000018dcd00000)]
  0x0000015fe692d000 JavaThread "Stdin handler" [_thread_blocked, id=7960, stack(0x00000018dcd00000,0x00000018dce00000)]
  0x0000015fe68ee000 JavaThread "Thread-8" [_thread_blocked, id=9136, stack(0x00000018dce00000,0x00000018dcf00000)]
  0x0000015fe6ca2000 JavaThread "Cache worker for file hash cache (C:\Users\Ashish Pal\.gradle\caches\6.7\fileHashes)" [_thread_blocked, id=8520, stack(0x00000018dd400000,0x00000018dd500000)]
  0x0000015fe6ca1000 JavaThread "File lock request listener" [_thread_in_native, id=14964, stack(0x00000018dd500000,0x00000018dd600000)]
  0x0000015fe6ca3000 JavaThread "Cache worker for journal cache (C:\Users\Ashish Pal\.gradle\caches\journal-1)" [_thread_blocked, id=13800, stack(0x00000018dd600000,0x00000018dd700000)]
  0x0000015fe6ca3800 JavaThread "Cache worker for file hash cache (D:\a_dev\AndroidStudioProjects\untitled3\android\.gradle\6.7\fileHashes)" [_thread_blocked, id=14100, stack(0x00000018dd800000,0x00000018dd900000)]
  0x0000015fe6ca4800 JavaThread "Cache worker for checksums cache (D:\a_dev\AndroidStudioProjects\untitled3\android\.gradle\checksums)" [_thread_blocked, id=11812, stack(0x00000018dd900000,0x00000018dda00000)]
  0x0000015fe6ca0800 JavaThread "Cache worker for cache directory md-supplier (C:\Users\Ashish Pal\.gradle\caches\6.7\md-supplier)" [_thread_blocked, id=14444, stack(0x00000018dda00000,0x00000018ddb00000)]
  0x0000015fe6ca5000 JavaThread "Cache worker for cache directory md-rule (C:\Users\Ashish Pal\.gradle\caches\6.7\md-rule)" [_thread_blocked, id=11848, stack(0x00000018ddb00000,0x00000018ddc00000)]
  0x0000015fe6ca6000 JavaThread "Cache worker for execution history cache (C:\Users\Ashish Pal\.gradle\caches\6.7\executionHistory)" [_thread_blocked, id=11132, stack(0x00000018ddc00000,0x00000018ddd00000)]
  0x0000015fe6ca7000 JavaThread "jar transforms" [_thread_blocked, id=7944, stack(0x00000018ddd00000,0x00000018dde00000)]
  0x0000015fe783c000 JavaThread "Cache worker for file content cache (C:\Users\Ashish Pal\.gradle\caches\6.7\fileContent)" [_thread_blocked, id=6512, stack(0x00000018dde00000,0x00000018ddf00000)]
  0x0000015fe7841000 JavaThread "Cache worker for Build Output Cleanup Cache (D:\a_dev\AndroidStudioProjects\untitled3\android\.gradle\buildOutputCleanup)" [_thread_blocked, id=12276, stack(0x00000018ddf00000,0x00000018de000000)]
  0x0000015fe7842800 JavaThread "Build operations" [_thread_blocked, id=8808, stack(0x00000018de000000,0x00000018de100000)]
  0x0000015fe783d000 JavaThread "Build operations Thread 2" [_thread_blocked, id=11668, stack(0x00000018de100000,0x00000018de200000)]
  0x0000015fe783f800 JavaThread "Build operations Thread 3" [_thread_blocked, id=8508, stack(0x00000018de200000,0x00000018de300000)]
  0x0000015fe7843800 JavaThread "Build operations Thread 4" [_thread_blocked, id=2188, stack(0x00000018de300000,0x00000018de400000)]
  0x0000015fe7840000 JavaThread "Build operations Thread 5" [_thread_blocked, id=3280, stack(0x00000018de400000,0x00000018de500000)]
  0x0000015fe783d800 JavaThread "Build operations Thread 6" [_thread_blocked, id=14632, stack(0x00000018de500000,0x00000018de600000)]
  0x0000015fe7844000 JavaThread "Build operations Thread 7" [_thread_blocked, id=12784, stack(0x00000018de600000,0x00000018de700000)]
  0x0000015fe783e800 JavaThread "Build operations Thread 8" [_thread_blocked, id=13604, stack(0x00000018de700000,0x00000018de800000)]
  0x0000015fe7848800 JavaThread "jar transforms Thread 2" [_thread_blocked, id=9940, stack(0x00000018de800000,0x00000018de900000)]
  0x0000015fe784a000 JavaThread "jar transforms Thread 3" [_thread_blocked, id=9276, stack(0x00000018de900000,0x00000018dea00000)]
  0x0000015fe7846000 JavaThread "jar transforms Thread 4" [_thread_blocked, id=13244, stack(0x00000018dea00000,0x00000018deb00000)]
  0x0000015fe7847800 JavaThread "jar transforms Thread 5" [_thread_blocked, id=13216, stack(0x00000018deb00000,0x00000018dec00000)]
  0x0000015fe784a800 JavaThread "jar transforms Thread 6" [_thread_blocked, id=13836, stack(0x00000018dec00000,0x00000018ded00000)]
  0x0000015fe7849000 JavaThread "jar transforms Thread 7" [_thread_blocked, id=5068, stack(0x00000018ded00000,0x00000018dee00000)]
  0x0000015fe7846800 JavaThread "jar transforms Thread 8" [_thread_blocked, id=8280, stack(0x00000018dee00000,0x00000018def00000)]
  0x0000015fe7845000 JavaThread "jar transforms Thread 9" [_thread_blocked, id=13252, stack(0x00000018def00000,0x00000018df000000)]
  0x0000015fe6cc2800 JavaThread "jar transforms Thread 10" [_thread_blocked, id=14540, stack(0x00000018df000000,0x00000018df100000)]
  0x0000015fe6cc3800 JavaThread "jar transforms Thread 11" [_thread_blocked, id=12180, stack(0x00000018df100000,0x00000018df200000)]
  0x0000015fe6cc4800 JavaThread "jar transforms Thread 12" [_thread_blocked, id=11316, stack(0x00000018df200000,0x00000018df300000)]
  0x0000015fe6cc2000 JavaThread "jar transforms Thread 13" [_thread_blocked, id=8664, stack(0x00000018df300000,0x00000018df400000)]
  0x0000015fe6cc7800 JavaThread "jar transforms Thread 14" [_thread_blocked, id=6952, stack(0x00000018df400000,0x00000018df500000)]
  0x0000015fe6cc9000 JavaThread "jar transforms Thread 15" [_thread_blocked, id=10372, stack(0x00000018df500000,0x00000018df600000)]
  0x0000015fe6cca000 JavaThread "jar transforms Thread 16" [_thread_blocked, id=13704, stack(0x00000018df600000,0x00000018df700000)]
  0x0000015fe6cc8800 JavaThread "jar transforms Thread 17" [_thread_blocked, id=15244, stack(0x00000018df700000,0x00000018df800000)]
  0x0000015fe6cc5000 JavaThread "jar transforms Thread 18" [_thread_blocked, id=9604, stack(0x00000018df800000,0x00000018df900000)]
  0x0000015fe6ccb000 JavaThread "jar transforms Thread 19" [_thread_blocked, id=13700, stack(0x00000018df900000,0x00000018dfa00000)]
  0x0000015fe6ccb800 JavaThread "jar transforms Thread 20" [_thread_blocked, id=9428, stack(0x00000018dfa00000,0x00000018dfb00000)]
  0x0000015fe6cc6000 JavaThread "jar transforms Thread 21" [_thread_blocked, id=11384, stack(0x00000018dfb00000,0x00000018dfc00000)]
  0x0000015fe6ccc800 JavaThread "jar transforms Thread 22" [_thread_blocked, id=8788, stack(0x00000018dfc00000,0x00000018dfd00000)]
  0x0000015fe6cc7000 JavaThread "jar transforms Thread 23" [_thread_blocked, id=8212, stack(0x00000018dfd00000,0x00000018dfe00000)]
  0x0000015fe6cd0800 JavaThread "jar transforms Thread 24" [_thread_blocked, id=5672, stack(0x00000018dfe00000,0x00000018dff00000)]
  0x0000015fe6ccd800 JavaThread "jar transforms Thread 25" [_thread_blocked, id=11792, stack(0x00000018dff00000,0x00000018e0000000)]
  0x0000015fe6cce000 JavaThread "jar transforms Thread 26" [_thread_blocked, id=5812, stack(0x00000018e0000000,0x00000018e0100000)]
  0x0000015fe6ccf000 JavaThread "jar transforms Thread 27" [_thread_blocked, id=12076, stack(0x00000018e0100000,0x00000018e0200000)]
  0x0000015fe6cd0000 JavaThread "jar transforms Thread 28" [_thread_blocked, id=11832, stack(0x00000018e0200000,0x00000018e0300000)]
  0x0000015fe6f51000 JavaThread "jar transforms Thread 29" [_thread_blocked, id=180, stack(0x00000018e0300000,0x00000018e0400000)]
  0x0000015fe6f4d800 JavaThread "jar transforms Thread 30" [_thread_blocked, id=15232, stack(0x00000018e0400000,0x00000018e0500000)]
  0x0000015fe6f4f000 JavaThread "jar transforms Thread 31" [_thread_blocked, id=4336, stack(0x00000018e0500000,0x00000018e0600000)]
  0x0000015fe6f51800 JavaThread "jar transforms Thread 32" [_thread_blocked, id=15144, stack(0x00000018e0600000,0x00000018e0700000)]
  0x0000015fe6f50000 JavaThread "jar transforms Thread 33" [_thread_blocked, id=12624, stack(0x00000018e0700000,0x00000018e0800000)]
  0x0000015fe6f4e800 JavaThread "jar transforms Thread 34" [_thread_blocked, id=9996, stack(0x00000018e0800000,0x00000018e0900000)]
  0x0000015fe6f4c000 JavaThread "jar transforms Thread 35" [_thread_blocked, id=4628, stack(0x00000018e0900000,0x00000018e0a00000)]
  0x0000015fe6f52800 JavaThread "jar transforms Thread 36" [_thread_blocked, id=9544, stack(0x00000018e0a00000,0x00000018e0b00000)]
  0x0000015fe6f4d000 JavaThread "jar transforms Thread 37" [_thread_blocked, id=10384, stack(0x00000018e0b00000,0x00000018e0c00000)]
  0x0000015fe6f57800 JavaThread "jar transforms Thread 38" [_thread_blocked, id=8912, stack(0x00000018e0c00000,0x00000018e0d00000)]
  0x0000015fe6f56800 JavaThread "jar transforms Thread 39" [_thread_blocked, id=12824, stack(0x00000018e0d00000,0x00000018e0e00000)]
  0x0000015fe6f55800 JavaThread "jar transforms Thread 40" [_thread_blocked, id=14120, stack(0x00000018e0e00000,0x00000018e0f00000)]
  0x0000015fe6f53800 JavaThread "jar transforms Thread 41" [_thread_blocked, id=10360, stack(0x00000018e0f00000,0x00000018e1000000)]
  0x0000015fe6f58000 JavaThread "jar transforms Thread 42" [_thread_blocked, id=9944, stack(0x00000018e1000000,0x00000018e1100000)]
  0x0000015fe6f59000 JavaThread "jar transforms Thread 43" [_thread_blocked, id=1452, stack(0x00000018e1100000,0x00000018e1200000)]
  0x0000015fe6f5a000 JavaThread "jar transforms Thread 44" [_thread_blocked, id=11028, stack(0x00000018e1200000,0x00000018e1300000)]
  0x0000015fe6f54000 JavaThread "jar transforms Thread 45" [_thread_blocked, id=15300, stack(0x00000018e1300000,0x00000018e1400000)]
  0x0000015fe6f5a800 JavaThread "jar transforms Thread 46" [_thread_blocked, id=7816, stack(0x00000018e1400000,0x00000018e1500000)]
  0x0000015fe6f55000 JavaThread "jar transforms Thread 47" [_thread_blocked, id=508, stack(0x00000018e1500000,0x00000018e1600000)]
  0x0000015fe7ba0000 JavaThread "jar transforms Thread 48" [_thread_blocked, id=12480, stack(0x00000018e1600000,0x00000018e1700000)]
  0x0000015fe7ba1000 JavaThread "jar transforms Thread 49" [_thread_blocked, id=7028, stack(0x00000018e1700000,0x00000018e1800000)]
  0x0000015fe7ba1800 JavaThread "jar transforms Thread 50" [_thread_blocked, id=4420, stack(0x00000018e1800000,0x00000018e1900000)]
  0x0000015fe7b9d000 JavaThread "jar transforms Thread 51" [_thread_blocked, id=3360, stack(0x00000018e1900000,0x00000018e1a00000)]
  0x0000015fe7b9f000 JavaThread "jar transforms Thread 52" [_thread_blocked, id=7344, stack(0x00000018e1a00000,0x00000018e1b00000)]
  0x0000015fe7b9d800 JavaThread "jar transforms Thread 53" [_thread_blocked, id=6644, stack(0x00000018e1b00000,0x00000018e1c00000)]
  0x0000015fe7b9e800 JavaThread "jar transforms Thread 54" [_thread_blocked, id=11528, stack(0x00000018e1c00000,0x00000018e1d00000)]
  0x0000015fe7b9c000 JavaThread "jar transforms Thread 55" [_thread_blocked, id=10496, stack(0x00000018e1d00000,0x00000018e1e00000)]
  0x0000015fe7ba6800 JavaThread "jar transforms Thread 56" [_thread_blocked, id=12956, stack(0x00000018e1e00000,0x00000018e1f00000)]
  0x0000015fe7ba2800 JavaThread "jar transforms Thread 57" [_thread_blocked, id=4176, stack(0x00000018e1f00000,0x00000018e2000000)]
  0x0000015fe7ba4000 JavaThread "jar transforms Thread 58" [_thread_blocked, id=8572, stack(0x00000018e2000000,0x00000018e2100000)]
  0x0000015fe7ba7800 JavaThread "jar transforms Thread 59" [_thread_blocked, id=9916, stack(0x00000018e2100000,0x00000018e2200000)]
  0x0000015fe7ba8000 JavaThread "jar transforms Thread 60" [_thread_blocked, id=14412, stack(0x00000018e2200000,0x00000018e2300000)]
  0x0000015fe7ba5000 JavaThread "jar transforms Thread 61" [_thread_blocked, id=4656, stack(0x00000018e2300000,0x00000018e2400000)]
  0x0000015fe7ba6000 JavaThread "jar transforms Thread 62" [_thread_blocked, id=10784, stack(0x00000018e2400000,0x00000018e2500000)]
  0x0000015fe7ba9000 JavaThread "jar transforms Thread 63" [_thread_blocked, id=1448, stack(0x00000018e2500000,0x00000018e2600000)]
  0x0000015fe7ba3800 JavaThread "jar transforms Thread 64" [_thread_blocked, id=13564, stack(0x00000018e2600000,0x00000018e2700000)]
  0x0000015fe7baa800 JavaThread "jar transforms Thread 65" [_thread_blocked, id=13364, stack(0x00000018e2700000,0x00000018e2800000)]
  0x0000015fe7baa000 JavaThread "jar transforms Thread 66" [_thread_blocked, id=2504, stack(0x00000018e2800000,0x00000018e2900000)]
  0x0000015fe93e9000 JavaThread "jar transforms Thread 67" [_thread_blocked, id=11680, stack(0x00000018e2900000,0x00000018e2a00000)]
  0x0000015fe93e5800 JavaThread "jar transforms Thread 68" [_thread_blocked, id=14564, stack(0x00000018e2a00000,0x00000018e2b00000)]
  0x0000015fe93ea000 JavaThread "jar transforms Thread 69" [_thread_blocked, id=4380, stack(0x00000018e2b00000,0x00000018e2c00000)]
  0x0000015fe93e6800 JavaThread "jar transforms Thread 70" [_thread_blocked, id=9524, stack(0x00000018e2c00000,0x00000018e2d00000)]
  0x0000015fe93e7800 JavaThread "jar transforms Thread 71" [_thread_blocked, id=13356, stack(0x00000018e2d00000,0x00000018e2e00000)]
  0x0000015fe93e8000 JavaThread "jar transforms Thread 72" [_thread_blocked, id=11584, stack(0x00000018e2e00000,0x00000018e2f00000)]
  0x0000015fe93e4000 JavaThread "jar transforms Thread 73" [_thread_blocked, id=13964, stack(0x00000018e2f00000,0x00000018e3000000)]
  0x0000015fe93ea800 JavaThread "jar transforms Thread 74" [_thread_blocked, id=5832, stack(0x00000018e3000000,0x00000018e3100000)]
  0x0000015fe93e5000 JavaThread "jar transforms Thread 75" [_thread_blocked, id=588, stack(0x00000018e3100000,0x00000018e3200000)]
  0x0000015fe93ef800 JavaThread "jar transforms Thread 76" [_thread_blocked, id=12284, stack(0x00000018e3200000,0x00000018e3300000)]
  0x0000015fe93f0800 JavaThread "jar transforms Thread 77" [_thread_blocked, id=5884, stack(0x00000018e3300000,0x00000018e3400000)]
  0x0000015fe93f1000 JavaThread "jar transforms Thread 78" [_thread_blocked, id=8852, stack(0x00000018e3400000,0x00000018e3500000)]
  0x0000015fe93eb800 JavaThread "jar transforms Thread 79" [_thread_blocked, id=10676, stack(0x00000018e3500000,0x00000018e3600000)]
  0x0000015fe93ed000 JavaThread "jar transforms Thread 80" [_thread_blocked, id=5164, stack(0x00000018e3600000,0x00000018e3700000)]
  0x0000015fe93ee000 JavaThread "jar transforms Thread 81" [_thread_blocked, id=11176, stack(0x00000018e3700000,0x00000018e3800000)]
  0x0000015fe93f2000 JavaThread "jar transforms Thread 82" [_thread_blocked, id=7392, stack(0x00000018e3800000,0x00000018e3900000)]
  0x0000015fe93ec000 JavaThread "jar transforms Thread 83" [_thread_blocked, id=11692, stack(0x00000018e3900000,0x00000018e3a00000)]
  0x0000015fe93f3000 JavaThread "jar transforms Thread 84" [_thread_blocked, id=13764, stack(0x00000018e3a00000,0x00000018e3b00000)]
  0x0000015fe93ee800 JavaThread "jar transforms Thread 85" [_thread_blocked, id=12636, stack(0x00000018e3b00000,0x00000018e3c00000)]
  0x0000015fe6f34800 JavaThread "jar transforms Thread 86" [_thread_blocked, id=7304, stack(0x00000018e3c00000,0x00000018e3d00000)]
  0x0000015fe6f39800 JavaThread "jar transforms Thread 87" [_thread_blocked, id=15236, stack(0x00000018e3d00000,0x00000018e3e00000)]
  0x0000015fe6f3a800 JavaThread "jar transforms Thread 88" [_thread_blocked, id=13272, stack(0x00000018e3e00000,0x00000018e3f00000)]
  0x0000015fe6f3b800 JavaThread "jar transforms Thread 89" [_thread_blocked, id=8308, stack(0x00000018e3f00000,0x00000018e4000000)]
  0x0000015fe6f38000 JavaThread "jar transforms Thread 90" [_thread_blocked, id=8652, stack(0x00000018e4000000,0x00000018e4100000)]
  0x0000015fe6f39000 JavaThread "jar transforms Thread 91" [_thread_blocked, id=3284, stack(0x00000018e4100000,0x00000018e4200000)]
  0x0000015fe6f35800 JavaThread "jar transforms Thread 92" [_thread_blocked, id=14396, stack(0x00000018e4200000,0x00000018e4300000)]
  0x0000015fe6f37000 JavaThread "jar transforms Thread 93" [_thread_blocked, id=9776, stack(0x00000018e4300000,0x00000018e4400000)]
  0x0000015fe6f3c000 JavaThread "jar transforms Thread 94" [_thread_blocked, id=9488, stack(0x00000018e4400000,0x00000018e4500000)]
  0x0000015fe6f36800 JavaThread "jar transforms Thread 95" [_thread_blocked, id=684, stack(0x00000018e4500000,0x00000018e4600000)]
  0x0000015fe6f40000 JavaThread "jar transforms Thread 96" [_thread_blocked, id=14732, stack(0x00000018e4600000,0x00000018e4700000)]
  0x0000015fe6f41000 JavaThread "jar transforms Thread 97" [_thread_blocked, id=11488, stack(0x00000018e4700000,0x00000018e4800000)]
  0x0000015fe6f42000 JavaThread "jar transforms Thread 98" [_thread_blocked, id=6576, stack(0x00000018e4800000,0x00000018e4900000)]
  0x0000015fe6f42800 JavaThread "jar transforms Thread 99" [_thread_blocked, id=6920, stack(0x00000018e4900000,0x00000018e4a00000)]
  0x0000015fe6f3d000 JavaThread "jar transforms Thread 100" [_thread_blocked, id=2260, stack(0x00000018e4a00000,0x00000018e4b00000)]
  0x0000015fe6f43800 JavaThread "jar transforms Thread 101" [_thread_blocked, id=12032, stack(0x00000018e4b00000,0x00000018e4c00000)]
  0x0000015fe6f3e800 JavaThread "jar transforms Thread 102" [_thread_blocked, id=9956, stack(0x00000018e4c00000,0x00000018e4d00000)]
  0x0000015fe6f3d800 JavaThread "jar transforms Thread 103" [_thread_blocked, id=6868, stack(0x00000018e4d00000,0x00000018e4e00000)]
  0x0000015fe6f3f800 JavaThread "jar transforms Thread 104" [_thread_blocked, id=10076, stack(0x00000018e4e00000,0x00000018e4f00000)]
  0x0000015fe93f6800 JavaThread "jar transforms Thread 105" [_thread_blocked, id=7124, stack(0x00000018e4f00000,0x00000018e5000000)]
  0x0000015fe93f4000 JavaThread "jar transforms Thread 106" [_thread_blocked, id=14424, stack(0x00000018e5000000,0x00000018e5100000)]
  0x0000015fe93f5000 JavaThread "jar transforms Thread 107" [_thread_blocked, id=13888, stack(0x00000018e5100000,0x00000018e5200000)]
  0x0000015fe93f8000 JavaThread "jar transforms Thread 108" [_thread_blocked, id=8316, stack(0x00000018e5200000,0x00000018e5300000)]
  0x0000015fe93fb800 JavaThread "jar transforms Thread 109" [_thread_blocked, id=3436, stack(0x00000018e5300000,0x00000018e5400000)]
  0x0000015fe93fa000 JavaThread "jar transforms Thread 110" [_thread_blocked, id=3444, stack(0x00000018e5400000,0x00000018e5500000)]
  0x0000015fe93f5800 JavaThread "jar transforms Thread 111" [_thread_blocked, id=15172, stack(0x00000018e5500000,0x00000018e5600000)]
  0x0000015fe93f9000 JavaThread "jar transforms Thread 112" [_thread_blocked, id=11344, stack(0x00000018e5600000,0x00000018e5700000)]
  0x0000015fe93fa800 JavaThread "jar transforms Thread 113" [_thread_blocked, id=5968, stack(0x00000018e5700000,0x00000018e5800000)]
  0x0000015fe93fc000 JavaThread "jar transforms Thread 114" [_thread_blocked, id=5556, stack(0x00000018e5800000,0x00000018e5900000)]
  0x0000015fe93fd000 JavaThread "Memory manager" [_thread_blocked, id=8792, stack(0x00000018e5900000,0x00000018e5a00000)]
  0x0000015fe93f7800 JavaThread "Execution worker for ':'" [_thread_blocked, id=4008, stack(0x00000018e5a00000,0x00000018e5b00000)]
  0x0000015fe9403000 JavaThread "Execution worker for ':' Thread 2" [_thread_blocked, id=3696, stack(0x00000018e5b00000,0x00000018e5c00000)]
  0x0000015fe93fe000 JavaThread "Execution worker for ':' Thread 3" [_thread_blocked, id=6896, stack(0x00000018e5c00000,0x00000018e5d00000)]
  0x0000015fe93fe800 JavaThread "Execution worker for ':' Thread 4" [_thread_blocked, id=7756, stack(0x00000018e5d00000,0x00000018e5e00000)]
  0x0000015fe9401000 JavaThread "Execution worker for ':' Thread 5" [_thread_blocked, id=14688, stack(0x00000018e5e00000,0x00000018e5f00000)]
  0x0000015fe9400800 JavaThread "Execution worker for ':' Thread 6" [_thread_blocked, id=14568, stack(0x00000018e5f00000,0x00000018e6000000)]
  0x0000015fe93ff800 JavaThread "Execution worker for ':' Thread 7" [_thread_blocked, id=7032, stack(0x00000018e6000000,0x00000018e6100000)]
  0x0000015fe9402000 JavaThread "Cache worker for execution history cache (D:\a_dev\AndroidStudioProjects\untitled3\android\.gradle\6.7\executionHistory)" [_thread_blocked, id=4328, stack(0x00000018e6100000,0x00000018e6200000)]
  0x0000015fed7e6000 JavaThread "Exec process" [_thread_in_native, id=15168, stack(0x00000018e6200000,0x00000018e6300000)]
  0x0000015fed7ea800 JavaThread "Exec process Thread 2" [_thread_in_native, id=14160, stack(0x00000018e6300000,0x00000018e6400000)]
  0x0000015fed7e8800 JavaThread "Exec process Thread 3" [_thread_in_native, id=11984, stack(0x00000018e6400000,0x00000018e6500000)]

Other Threads:
  0x0000015fe436e000 VMThread "VM Thread" [stack: 0x00000018db600000,0x00000018db700000] [id=1228]
  0x0000015fe4e85000 WatcherThread [stack: 0x00000018dc000000,0x00000018dc100000] [id=10704]
  0x0000015fcb398000 GCTaskThread "GC Thread#0" [stack: 0x00000018db100000,0x00000018db200000] [id=4940]
  0x0000015fe5691000 GCTaskThread "GC Thread#1" [stack: 0x00000018dc100000,0x00000018dc200000] [id=13972]
  0x0000015fe581f000 GCTaskThread "GC Thread#2" [stack: 0x00000018dc200000,0x00000018dc300000] [id=6212]
  0x0000015fe71e4800 GCTaskThread "GC Thread#3" [stack: 0x00000018dcf00000,0x00000018dd000000] [id=10476]
  0x0000015fe6858800 GCTaskThread "GC Thread#4" [stack: 0x00000018dd000000,0x00000018dd100000] [id=13756]
  0x0000015fe6d24800 GCTaskThread "GC Thread#5" [stack: 0x00000018dd100000,0x00000018dd200000] [id=1428]
  0x0000015fe68ed800 GCTaskThread "GC Thread#6" [stack: 0x00000018dd200000,0x00000018dd300000] [id=1472]
  0x0000015fe5ef8000 GCTaskThread "GC Thread#7" [stack: 0x00000018dd300000,0x00000018dd400000] [id=14416]
  0x0000015fcb3bf800 ConcurrentGCThread "G1 Main Marker" [stack: 0x00000018db200000,0x00000018db300000] [id=1964]
  0x0000015fcb3c2000 ConcurrentGCThread "G1 Conc#0" [stack: 0x00000018db300000,0x00000018db400000] [id=10448]
  0x0000015fe6a6e800 ConcurrentGCThread "G1 Conc#1" [stack: 0x00000018dd700000,0x00000018dd800000] [id=6248]
  0x0000015fe41d4800 ConcurrentGCThread "G1 Refine#0" [stack: 0x00000018db400000,0x00000018db500000] [id=8580]
  0x0000015fe41d5000 ConcurrentGCThread "G1 Young RemSet Sampling" [stack: 0x00000018db500000,0x00000018db600000] [id=11432]

Threads with active compile tasks:
C2 CompilerThread0  21287 10996       4       org.gradle.internal.logging.text.AbstractLineChoppingStyledTextOutput$1::execute (9 bytes)

VM state:not at safepoint (normal execution)

VM Mutex/Monitor currently owned by a thread: None

Heap address: 0x00000000a0000000, size: 1536 MB, Compressed Oops mode: 32-bit
Narrow klass base: 0x0000000000000000, Narrow klass shift: 3
Compressed class space size: 1073741824 Address: 0x0000000100000000

Heap:
 garbage-first heap   total 187392K, used 107915K [0x00000000a0000000, 0x0000000100000000)
  region size 1024K, 9 young (9216K), 6 survivors (6144K)
 Metaspace       used 82191K, capacity 85634K, committed 85888K, reserved 1124352K
  class space    used 10709K, capacity 11790K, committed 11904K, reserved 1048576K
Heap Regions: E=young(eden), S=young(survivor), O=old, HS=humongous(starts), HC=humongous(continues), CS=collection set, F=free, A=archive, TAMS=top-at-mark-start (previous, next)
|   0|0x00000000a0000000, 0x00000000a0100000, 0x00000000a0100000|100%| O|  |TAMS 0x00000000a0100000, 0x00000000a0000000| Untracked 
|   1|0x00000000a0100000, 0x00000000a0200000, 0x00000000a0200000|100%| O|  |TAMS 0x00000000a0200000, 0x00000000a0100000| Untracked 
|   2|0x00000000a0200000, 0x00000000a0300000, 0x00000000a0300000|100%| O|  |TAMS 0x00000000a0300000, 0x00000000a0200000| Untracked 
|   3|0x00000000a0300000, 0x00000000a0400000, 0x00000000a0400000|100%|HS|  |TAMS 0x00000000a0400000, 0x00000000a0300000| Complete 
|   4|0x00000000a0400000, 0x00000000a0500000, 0x00000000a0500000|100%|HC|  |TAMS 0x00000000a0500000, 0x00000000a0400000| Complete 
|   5|0x00000000a0500000, 0x00000000a0600000, 0x00000000a0600000|100%|HC|  |TAMS 0x00000000a0600000, 0x00000000a0500000| Complete 
|   6|0x00000000a0600000, 0x00000000a0700000, 0x00000000a0700000|100%| O|  |TAMS 0x00000000a0700000, 0x00000000a0600000| Untracked 
|   7|0x00000000a0700000, 0x00000000a0800000, 0x00000000a0800000|100%| O|  |TAMS 0x00000000a0800000, 0x00000000a0700000| Untracked 
|   8|0x00000000a0800000, 0x00000000a0900000, 0x00000000a0900000|100%| O|  |TAMS 0x00000000a0900000, 0x00000000a0800000| Untracked 
|   9|0x00000000a0900000, 0x00000000a0a00000, 0x00000000a0a00000|100%| O|  |TAMS 0x00000000a0a00000, 0x00000000a0900000| Untracked 
|  10|0x00000000a0a00000, 0x00000000a0b00000, 0x00000000a0b00000|100%| O|  |TAMS 0x00000000a0b00000, 0x00000000a0a00000| Untracked 
|  11|0x00000000a0b00000, 0x00000000a0c00000, 0x00000000a0c00000|100%| O|  |TAMS 0x00000000a0c00000, 0x00000000a0b00000| Untracked 
|  12|0x00000000a0c00000, 0x00000000a0d00000, 0x00000000a0d00000|100%| O|  |TAMS 0x00000000a0d00000, 0x00000000a0c00000| Untracked 
|  13|0x00000000a0d00000, 0x00000000a0e00000, 0x00000000a0e00000|100%| O|  |TAMS 0x00000000a0e00000, 0x00000000a0d00000| Untracked 
|  14|0x00000000a0e00000, 0x00000000a0f00000, 0x00000000a0f00000|100%| O|  |TAMS 0x00000000a0f00000, 0x00000000a0e00000| Untracked 
|  15|0x00000000a0f00000, 0x00000000a1000000, 0x00000000a1000000|100%| O|  |TAMS 0x00000000a1000000, 0x00000000a0f00000| Untracked 
|  16|0x00000000a1000000, 0x00000000a1100000, 0x00000000a1100000|100%| O|  |TAMS 0x00000000a1100000, 0x00000000a1000000| Untracked 
|  17|0x00000000a1100000, 0x00000000a1200000, 0x00000000a1200000|100%| O|  |TAMS 0x00000000a1200000, 0x00000000a1100000| Untracked 
|  18|0x00000000a1200000, 0x00000000a1300000, 0x00000000a1300000|100%| O|  |TAMS 0x00000000a1300000, 0x00000000a1200000| Untracked 
|  19|0x00000000a1300000, 0x00000000a1400000, 0x00000000a1400000|100%| O|  |TAMS 0x00000000a1400000, 0x00000000a1300000| Untracked 
|  20|0x00000000a1400000, 0x00000000a1500000, 0x00000000a1500000|100%| O|  |TAMS 0x00000000a1500000, 0x00000000a1400000| Untracked 
|  21|0x00000000a1500000, 0x00000000a1600000, 0x00000000a1600000|100%|HS|  |TAMS 0x00000000a1600000, 0x00000000a1500000| Complete 
|  22|0x00000000a1600000, 0x00000000a1700000, 0x00000000a1700000|100%|HS|  |TAMS 0x00000000a1700000, 0x00000000a1600000| Complete 
|  23|0x00000000a1700000, 0x00000000a1800000, 0x00000000a1800000|100%|HC|  |TAMS 0x00000000a1800000, 0x00000000a1700000| Complete 
|  24|0x00000000a1800000, 0x00000000a1900000, 0x00000000a1900000|100%|HC|  |TAMS 0x00000000a1900000, 0x00000000a1800000| Complete 
|  25|0x00000000a1900000, 0x00000000a1a00000, 0x00000000a1a00000|100%|HS|  |TAMS 0x00000000a1a00000, 0x00000000a1900000| Complete 
|  26|0x00000000a1a00000, 0x00000000a1b00000, 0x00000000a1b00000|100%|HC|  |TAMS 0x00000000a1b00000, 0x00000000a1a00000| Complete 
|  27|0x00000000a1b00000, 0x00000000a1c00000, 0x00000000a1c00000|100%| O|  |TAMS 0x00000000a1c00000, 0x00000000a1b00000| Untracked 
|  28|0x00000000a1c00000, 0x00000000a1d00000, 0x00000000a1d00000|100%| O|  |TAMS 0x00000000a1d00000, 0x00000000a1c00000| Untracked 
|  29|0x00000000a1d00000, 0x00000000a1e00000, 0x00000000a1e00000|100%| O|  |TAMS 0x00000000a1e00000, 0x00000000a1d00000| Untracked 
|  30|0x00000000a1e00000, 0x00000000a1f00000, 0x00000000a1f00000|100%| O|  |TAMS 0x00000000a1f00000, 0x00000000a1e00000| Untracked 
|  31|0x00000000a1f00000, 0x00000000a2000000, 0x00000000a2000000|100%| O|  |TAMS 0x00000000a2000000, 0x00000000a1f00000| Untracked 
|  32|0x00000000a2000000, 0x00000000a2100000, 0x00000000a2100000|100%| O|  |TAMS 0x00000000a2100000, 0x00000000a2000000| Untracked 
|  33|0x00000000a2100000, 0x00000000a2200000, 0x00000000a2200000|100%| O|  |TAMS 0x00000000a2200000, 0x00000000a2100000| Untracked 
|  34|0x00000000a2200000, 0x00000000a2300000, 0x00000000a2300000|100%| O|  |TAMS 0x00000000a2300000, 0x00000000a2200000| Untracked 
|  35|0x00000000a2300000, 0x00000000a2400000, 0x00000000a2400000|100%| O|  |TAMS 0x00000000a2400000, 0x00000000a2300000| Untracked 
|  36|0x00000000a2400000, 0x00000000a2500000, 0x00000000a2500000|100%| O|  |TAMS 0x00000000a2500000, 0x00000000a2400000| Untracked 
|  37|0x00000000a2500000, 0x00000000a2600000, 0x00000000a2600000|100%| O|  |TAMS 0x00000000a2600000, 0x00000000a2500000| Untracked 
|  38|0x00000000a2600000, 0x00000000a2700000, 0x00000000a2700000|100%| O|  |TAMS 0x00000000a2700000, 0x00000000a2600000| Untracked 
|  39|0x00000000a2700000, 0x00000000a2800000, 0x00000000a2800000|100%| O|  |TAMS 0x00000000a2800000, 0x00000000a2700000| Untracked 
|  40|0x00000000a2800000, 0x00000000a2900000, 0x00000000a2900000|100%| O|  |TAMS 0x00000000a2900000, 0x00000000a2800000| Untracked 
|  41|0x00000000a2900000, 0x00000000a2a00000, 0x00000000a2a00000|100%| O|  |TAMS 0x00000000a2a00000, 0x00000000a2900000| Untracked 
|  42|0x00000000a2a00000, 0x00000000a2b00000, 0x00000000a2b00000|100%| O|  |TAMS 0x00000000a2b00000, 0x00000000a2a00000| Untracked 
|  43|0x00000000a2b00000, 0x00000000a2c00000, 0x00000000a2c00000|100%| O|  |TAMS 0x00000000a2c00000, 0x00000000a2b00000| Untracked 
|  44|0x00000000a2c00000, 0x00000000a2d00000, 0x00000000a2d00000|100%| O|  |TAMS 0x00000000a2d00000, 0x00000000a2c00000| Untracked 
|  45|0x00000000a2d00000, 0x00000000a2e00000, 0x00000000a2e00000|100%| O|  |TAMS 0x00000000a2e00000, 0x00000000a2d00000| Untracked 
|  46|0x00000000a2e00000, 0x00000000a2f00000, 0x00000000a2f00000|100%| O|  |TAMS 0x00000000a2f00000, 0x00000000a2e00000| Untracked 
|  47|0x00000000a2f00000, 0x00000000a3000000, 0x00000000a3000000|100%| O|  |TAMS 0x00000000a3000000, 0x00000000a2f00000| Untracked 
|  48|0x00000000a3000000, 0x00000000a3100000, 0x00000000a3100000|100%| O|  |TAMS 0x00000000a3100000, 0x00000000a3000000| Untracked 
|  49|0x00000000a3100000, 0x00000000a3200000, 0x00000000a3200000|100%| O|  |TAMS 0x00000000a3200000, 0x00000000a3100000| Untracked 
|  50|0x00000000a3200000, 0x00000000a3300000, 0x00000000a3300000|100%| O|  |TAMS 0x00000000a3300000, 0x00000000a3200000| Untracked 
|  51|0x00000000a3300000, 0x00000000a3400000, 0x00000000a3400000|100%| O|  |TAMS 0x00000000a3400000, 0x00000000a3300000| Untracked 
|  52|0x00000000a3400000, 0x00000000a3500000, 0x00000000a3500000|100%| O|  |TAMS 0x00000000a3500000, 0x00000000a3400000| Untracked 
|  53|0x00000000a3500000, 0x00000000a3600000, 0x00000000a3600000|100%| O|  |TAMS 0x00000000a3600000, 0x00000000a3500000| Untracked 
|  54|0x00000000a3600000, 0x00000000a3700000, 0x00000000a3700000|100%| O|  |TAMS 0x00000000a3700000, 0x00000000a3600000| Untracked 
|  55|0x00000000a3700000, 0x00000000a3800000, 0x00000000a3800000|100%| O|  |TAMS 0x00000000a3800000, 0x00000000a3700000| Untracked 
|  56|0x00000000a3800000, 0x00000000a3900000, 0x00000000a3900000|100%| O|  |TAMS 0x00000000a3900000, 0x00000000a3800000| Untracked 
|  57|0x00000000a3900000, 0x00000000a3a00000, 0x00000000a3a00000|100%| O|  |TAMS 0x00000000a3a00000, 0x00000000a3900000| Untracked 
|  58|0x00000000a3a00000, 0x00000000a3b00000, 0x00000000a3b00000|100%| O|  |TAMS 0x00000000a3b00000, 0x00000000a3a00000| Untracked 
|  59|0x00000000a3b00000, 0x00000000a3c00000, 0x00000000a3c00000|100%| O|  |TAMS 0x00000000a3c00000, 0x00000000a3b00000| Untracked 
|  60|0x00000000a3c00000, 0x00000000a3d00000, 0x00000000a3d00000|100%| O|  |TAMS 0x00000000a3d00000, 0x00000000a3c00000| Untracked 
|  61|0x00000000a3d00000, 0x00000000a3e00000, 0x00000000a3e00000|100%| O|  |TAMS 0x00000000a3e00000, 0x00000000a3d00000| Untracked 
|  62|0x00000000a3e00000, 0x00000000a3f00000, 0x00000000a3f00000|100%| O|  |TAMS 0x00000000a3f00000, 0x00000000a3e00000| Untracked 
|  63|0x00000000a3f00000, 0x00000000a4000000, 0x00000000a4000000|100%| O|  |TAMS 0x00000000a4000000, 0x00000000a3f00000| Untracked 
|  64|0x00000000a4000000, 0x00000000a4100000, 0x00000000a4100000|100%| O|  |TAMS 0x00000000a4100000, 0x00000000a4000000| Untracked 
|  65|0x00000000a4100000, 0x00000000a4200000, 0x00000000a4200000|100%| O|  |TAMS 0x00000000a4200000, 0x00000000a4100000| Untracked 
|  66|0x00000000a4200000, 0x00000000a4300000, 0x00000000a4300000|100%| O|  |TAMS 0x00000000a4300000, 0x00000000a4200000| Untracked 
|  67|0x00000000a4300000, 0x00000000a4400000, 0x00000000a4400000|100%| O|  |TAMS 0x00000000a4400000, 0x00000000a4300000| Untracked 
|  68|0x00000000a4400000, 0x00000000a4500000, 0x00000000a4500000|100%| O|  |TAMS 0x00000000a4500000, 0x00000000a4400000| Untracked 
|  69|0x00000000a4500000, 0x00000000a4600000, 0x00000000a4600000|100%| O|  |TAMS 0x00000000a4600000, 0x00000000a4500000| Untracked 
|  70|0x00000000a4600000, 0x00000000a4700000, 0x00000000a4700000|100%| O|  |TAMS 0x00000000a4700000, 0x00000000a4600000| Untracked 
|  71|0x00000000a4700000, 0x00000000a4800000, 0x00000000a4800000|100%| O|  |TAMS 0x00000000a4800000, 0x00000000a4700000| Untracked 
|  72|0x00000000a4800000, 0x00000000a4900000, 0x00000000a4900000|100%| O|  |TAMS 0x00000000a4900000, 0x00000000a4800000| Untracked 
|  73|0x00000000a4900000, 0x00000000a4a00000, 0x00000000a4a00000|100%| O|  |TAMS 0x00000000a4a00000, 0x00000000a4900000| Untracked 
|  74|0x00000000a4a00000, 0x00000000a4b00000, 0x00000000a4b00000|100%| O|  |TAMS 0x00000000a4b00000, 0x00000000a4a00000| Untracked 
|  75|0x00000000a4b00000, 0x00000000a4c00000, 0x00000000a4c00000|100%| O|  |TAMS 0x00000000a4c00000, 0x00000000a4b00000| Untracked 
|  76|0x00000000a4c00000, 0x00000000a4d00000, 0x00000000a4d00000|100%| O|  |TAMS 0x00000000a4d00000, 0x00000000a4c00000| Untracked 
|  77|0x00000000a4d00000, 0x00000000a4e00000, 0x00000000a4e00000|100%| O|  |TAMS 0x00000000a4e00000, 0x00000000a4d00000| Untracked 
|  78|0x00000000a4e00000, 0x00000000a4f00000, 0x00000000a4f00000|100%| O|  |TAMS 0x00000000a4f00000, 0x00000000a4e00000| Untracked 
|  79|0x00000000a4f00000, 0x00000000a5000000, 0x00000000a5000000|100%| O|  |TAMS 0x00000000a5000000, 0x00000000a4f00000| Untracked 
|  80|0x00000000a5000000, 0x00000000a5100000, 0x00000000a5100000|100%| O|  |TAMS 0x00000000a5100000, 0x00000000a5000000| Untracked 
|  81|0x00000000a5100000, 0x00000000a5200000, 0x00000000a5200000|100%| O|  |TAMS 0x00000000a5200000, 0x00000000a5100000| Untracked 
|  82|0x00000000a5200000, 0x00000000a5300000, 0x00000000a5300000|100%| O|  |TAMS 0x00000000a5300000, 0x00000000a5200000| Untracked 
|  83|0x00000000a5300000, 0x00000000a5400000, 0x00000000a5400000|100%| O|  |TAMS 0x00000000a5400000, 0x00000000a5300000| Untracked 
|  84|0x00000000a5400000, 0x00000000a5500000, 0x00000000a5500000|100%| O|  |TAMS 0x00000000a5500000, 0x00000000a5400000| Untracked 
|  85|0x00000000a5500000, 0x00000000a5600000, 0x00000000a5600000|100%| O|  |TAMS 0x00000000a5600000, 0x00000000a5500000| Untracked 
|  86|0x00000000a5600000, 0x00000000a5700000, 0x00000000a5700000|100%| O|  |TAMS 0x00000000a5700000, 0x00000000a5600000| Untracked 
|  87|0x00000000a5700000, 0x00000000a5800000, 0x00000000a5800000|100%| O|  |TAMS 0x00000000a5800000, 0x00000000a5700000| Untracked 
|  88|0x00000000a5800000, 0x00000000a5900000, 0x00000000a5900000|100%| O|  |TAMS 0x00000000a5900000, 0x00000000a5800000| Untracked 
|  89|0x00000000a5900000, 0x00000000a5a00000, 0x00000000a5a00000|100%| O|  |TAMS 0x00000000a5a00000, 0x00000000a5900000| Untracked 
|  90|0x00000000a5a00000, 0x00000000a5b00000, 0x00000000a5b00000|100%| O|  |TAMS 0x00000000a5b00000, 0x00000000a5a00000| Untracked 
|  91|0x00000000a5b00000, 0x00000000a5c00000, 0x00000000a5c00000|100%| O|  |TAMS 0x00000000a5b00000, 0x00000000a5b00000| Untracked 
|  92|0x00000000a5c00000, 0x00000000a5d00000, 0x00000000a5d00000|100%| O|  |TAMS 0x00000000a5c00000, 0x00000000a5c00000| Untracked 
|  93|0x00000000a5d00000, 0x00000000a5e00000, 0x00000000a5e00000|100%| O|  |TAMS 0x00000000a5d00000, 0x00000000a5d00000| Untracked 
|  94|0x00000000a5e00000, 0x00000000a5f00000, 0x00000000a5f00000|100%| O|  |TAMS 0x00000000a5e00000, 0x00000000a5e00000| Untracked 
|  95|0x00000000a5f00000, 0x00000000a6000000, 0x00000000a6000000|100%| O|  |TAMS 0x00000000a5f00000, 0x00000000a5f00000| Untracked 
|  96|0x00000000a6000000, 0x00000000a6100000, 0x00000000a6100000|100%| O|  |TAMS 0x00000000a6000000, 0x00000000a6000000| Untracked 
|  97|0x00000000a6100000, 0x00000000a6200000, 0x00000000a6200000|100%| O|  |TAMS 0x00000000a6100000, 0x00000000a6100000| Untracked 
|  98|0x00000000a6200000, 0x00000000a6214a00, 0x00000000a6300000|  8%| O|  |TAMS 0x00000000a6200000, 0x00000000a6200000| Untracked 
|  99|0x00000000a6300000, 0x00000000a6300000, 0x00000000a6400000|  0%| F|  |TAMS 0x00000000a6300000, 0x00000000a6300000| Untracked 
| 100|0x00000000a6400000, 0x00000000a6400000, 0x00000000a6500000|  0%| F|  |TAMS 0x00000000a6400000, 0x00000000a6400000| Untracked 
| 101|0x00000000a6500000, 0x00000000a6500000, 0x00000000a6600000|  0%| F|  |TAMS 0x00000000a6500000, 0x00000000a6500000| Untracked 
| 102|0x00000000a6600000, 0x00000000a6600000, 0x00000000a6700000|  0%| F|  |TAMS 0x00000000a6600000, 0x00000000a6600000| Untracked 
| 103|0x00000000a6700000, 0x00000000a6700000, 0x00000000a6800000|  0%| F|  |TAMS 0x00000000a6700000, 0x00000000a6700000| Untracked 
| 104|0x00000000a6800000, 0x00000000a6800000, 0x00000000a6900000|  0%| F|  |TAMS 0x00000000a6800000, 0x00000000a6800000| Untracked 
| 105|0x00000000a6900000, 0x00000000a6900000, 0x00000000a6a00000|  0%| F|  |TAMS 0x00000000a6900000, 0x00000000a6900000| Untracked 
| 106|0x00000000a6a00000, 0x00000000a6a00000, 0x00000000a6b00000|  0%| F|  |TAMS 0x00000000a6a00000, 0x00000000a6a00000| Untracked 
| 107|0x00000000a6b00000, 0x00000000a6b00000, 0x00000000a6c00000|  0%| F|  |TAMS 0x00000000a6b00000, 0x00000000a6b00000| Untracked 
| 108|0x00000000a6c00000, 0x00000000a6c00000, 0x00000000a6d00000|  0%| F|  |TAMS 0x00000000a6c00000, 0x00000000a6c00000| Untracked 
| 109|0x00000000a6d00000, 0x00000000a6d00000, 0x00000000a6e00000|  0%| F|  |TAMS 0x00000000a6d00000, 0x00000000a6d00000| Untracked 
| 110|0x00000000a6e00000, 0x00000000a6e00000, 0x00000000a6f00000|  0%| F|  |TAMS 0x00000000a6e00000, 0x00000000a6e00000| Untracked 
| 111|0x00000000a6f00000, 0x00000000a6f00000, 0x00000000a7000000|  0%| F|  |TAMS 0x00000000a6f00000, 0x00000000a6f00000| Untracked 
| 112|0x00000000a7000000, 0x00000000a7000000, 0x00000000a7100000|  0%| F|  |TAMS 0x00000000a7000000, 0x00000000a7000000| Untracked 
| 113|0x00000000a7100000, 0x00000000a7100000, 0x00000000a7200000|  0%| F|  |TAMS 0x00000000a7100000, 0x00000000a7100000| Untracked 
| 114|0x00000000a7200000, 0x00000000a7200000, 0x00000000a7300000|  0%| F|  |TAMS 0x00000000a7200000, 0x00000000a7200000| Untracked 
| 115|0x00000000a7300000, 0x00000000a7300000, 0x00000000a7400000|  0%| F|  |TAMS 0x00000000a7300000, 0x00000000a7300000| Untracked 
| 116|0x00000000a7400000, 0x00000000a7400000, 0x00000000a7500000|  0%| F|  |TAMS 0x00000000a7400000, 0x00000000a7400000| Untracked 
| 117|0x00000000a7500000, 0x00000000a7500000, 0x00000000a7600000|  0%| F|  |TAMS 0x00000000a7500000, 0x00000000a7500000| Untracked 
| 118|0x00000000a7600000, 0x00000000a7600000, 0x00000000a7700000|  0%| F|  |TAMS 0x00000000a7600000, 0x00000000a7600000| Untracked 
| 119|0x00000000a7700000, 0x00000000a7700000, 0x00000000a7800000|  0%| F|  |TAMS 0x00000000a7700000, 0x00000000a7700000| Untracked 
| 120|0x00000000a7800000, 0x00000000a7800000, 0x00000000a7900000|  0%| F|  |TAMS 0x00000000a7800000, 0x00000000a7800000| Untracked 
| 121|0x00000000a7900000, 0x00000000a7900000, 0x00000000a7a00000|  0%| F|  |TAMS 0x00000000a7900000, 0x00000000a7900000| Untracked 
| 122|0x00000000a7a00000, 0x00000000a7a00000, 0x00000000a7b00000|  0%| F|  |TAMS 0x00000000a7a00000, 0x00000000a7a00000| Untracked 
| 123|0x00000000a7b00000, 0x00000000a7b00000, 0x00000000a7c00000|  0%| F|  |TAMS 0x00000000a7b00000, 0x00000000a7b00000| Untracked 
| 124|0x00000000a7c00000, 0x00000000a7c00000, 0x00000000a7d00000|  0%| F|  |TAMS 0x00000000a7c00000, 0x00000000a7c00000| Untracked 
| 125|0x00000000a7d00000, 0x00000000a7d4e2a0, 0x00000000a7e00000| 30%| S|CS|TAMS 0x00000000a7d00000, 0x00000000a7d00000| Complete 
| 126|0x00000000a7e00000, 0x00000000a7f00000, 0x00000000a7f00000|100%| S|CS|TAMS 0x00000000a7e00000, 0x00000000a7e00000| Complete 
| 127|0x00000000a7f00000, 0x00000000a8000000, 0x00000000a8000000|100%| S|CS|TAMS 0x00000000a7f00000, 0x00000000a7f00000| Complete 
| 128|0x00000000a8000000, 0x00000000a8000000, 0x00000000a8100000|  0%| F|  |TAMS 0x00000000a8000000, 0x00000000a8000000| Untracked 
| 129|0x00000000a8100000, 0x00000000a8100000, 0x00000000a8200000|  0%| F|  |TAMS 0x00000000a8100000, 0x00000000a8100000| Untracked 
| 130|0x00000000a8200000, 0x00000000a8200000, 0x00000000a8300000|  0%| F|  |TAMS 0x00000000a8200000, 0x00000000a8200000| Untracked 
| 131|0x00000000a8300000, 0x00000000a8300000, 0x00000000a8400000|  0%| F|  |TAMS 0x00000000a8300000, 0x00000000a8300000| Untracked 
| 132|0x00000000a8400000, 0x00000000a8400000, 0x00000000a8500000|  0%| F|  |TAMS 0x00000000a8400000, 0x00000000a8400000| Untracked 
| 133|0x00000000a8500000, 0x00000000a8500000, 0x00000000a8600000|  0%| F|  |TAMS 0x00000000a8500000, 0x00000000a8500000| Untracked 
| 134|0x00000000a8600000, 0x00000000a8700000, 0x00000000a8700000|100%| S|CS|TAMS 0x00000000a8600000, 0x00000000a8600000| Complete 
| 135|0x00000000a8700000, 0x00000000a8800000, 0x00000000a8800000|100%| S|CS|TAMS 0x00000000a8700000, 0x00000000a8700000| Complete 
| 136|0x00000000a8800000, 0x00000000a8900000, 0x00000000a8900000|100%| S|CS|TAMS 0x00000000a8800000, 0x00000000a8800000| Complete 
| 137|0x00000000a8900000, 0x00000000a8900000, 0x00000000a8a00000|  0%| F|  |TAMS 0x00000000a8900000, 0x00000000a8900000| Untracked 
| 138|0x00000000a8a00000, 0x00000000a8a00000, 0x00000000a8b00000|  0%| F|  |TAMS 0x00000000a8a00000, 0x00000000a8a00000| Untracked 
| 139|0x00000000a8b00000, 0x00000000a8b00000, 0x00000000a8c00000|  0%| F|  |TAMS 0x00000000a8b00000, 0x00000000a8b00000| Untracked 
| 140|0x00000000a8c00000, 0x00000000a8c00000, 0x00000000a8d00000|  0%| F|  |TAMS 0x00000000a8c00000, 0x00000000a8c00000| Untracked 
| 141|0x00000000a8d00000, 0x00000000a8d00000, 0x00000000a8e00000|  0%| F|  |TAMS 0x00000000a8d00000, 0x00000000a8d00000| Untracked 
| 142|0x00000000a8e00000, 0x00000000a8e00000, 0x00000000a8f00000|  0%| F|  |TAMS 0x00000000a8e00000, 0x00000000a8e00000| Untracked 
| 143|0x00000000a8f00000, 0x00000000a8f00000, 0x00000000a9000000|  0%| F|  |TAMS 0x00000000a8f00000, 0x00000000a8f00000| Untracked 
| 144|0x00000000a9000000, 0x00000000a9000000, 0x00000000a9100000|  0%| F|  |TAMS 0x00000000a9000000, 0x00000000a9000000| Untracked 
| 145|0x00000000a9100000, 0x00000000a9100000, 0x00000000a9200000|  0%| F|  |TAMS 0x00000000a9100000, 0x00000000a9100000| Untracked 
| 146|0x00000000a9200000, 0x00000000a9200000, 0x00000000a9300000|  0%| F|  |TAMS 0x00000000a9200000, 0x00000000a9200000| Untracked 
| 147|0x00000000a9300000, 0x00000000a9300000, 0x00000000a9400000|  0%| F|  |TAMS 0x00000000a9300000, 0x00000000a9300000| Untracked 
| 148|0x00000000a9400000, 0x00000000a9400000, 0x00000000a9500000|  0%| F|  |TAMS 0x00000000a9400000, 0x00000000a9400000| Untracked 
| 149|0x00000000a9500000, 0x00000000a9500000, 0x00000000a9600000|  0%| F|  |TAMS 0x00000000a9500000, 0x00000000a9500000| Untracked 
| 150|0x00000000a9600000, 0x00000000a9600000, 0x00000000a9700000|  0%| F|  |TAMS 0x00000000a9600000, 0x00000000a9600000| Untracked 
| 151|0x00000000a9700000, 0x00000000a9700000, 0x00000000a9800000|  0%| F|  |TAMS 0x00000000a9700000, 0x00000000a9700000| Untracked 
| 152|0x00000000a9800000, 0x00000000a9800000, 0x00000000a9900000|  0%| F|  |TAMS 0x00000000a9800000, 0x00000000a9800000| Untracked 
| 153|0x00000000a9900000, 0x00000000a9900000, 0x00000000a9a00000|  0%| F|  |TAMS 0x00000000a9900000, 0x00000000a9900000| Untracked 
| 154|0x00000000a9a00000, 0x00000000a9a00000, 0x00000000a9b00000|  0%| F|  |TAMS 0x00000000a9a00000, 0x00000000a9a00000| Untracked 
| 155|0x00000000a9b00000, 0x00000000a9b00000, 0x00000000a9c00000|  0%| F|  |TAMS 0x00000000a9b00000, 0x00000000a9b00000| Untracked 
| 156|0x00000000a9c00000, 0x00000000a9c00000, 0x00000000a9d00000|  0%| F|  |TAMS 0x00000000a9c00000, 0x00000000a9c00000| Untracked 
| 157|0x00000000a9d00000, 0x00000000a9d00000, 0x00000000a9e00000|  0%| F|  |TAMS 0x00000000a9d00000, 0x00000000a9d00000| Untracked 
| 158|0x00000000a9e00000, 0x00000000a9e00000, 0x00000000a9f00000|  0%| F|  |TAMS 0x00000000a9e00000, 0x00000000a9e00000| Untracked 
| 159|0x00000000a9f00000, 0x00000000a9f00000, 0x00000000aa000000|  0%| F|  |TAMS 0x00000000a9f00000, 0x00000000a9f00000| Untracked 
| 160|0x00000000aa000000, 0x00000000aa000000, 0x00000000aa100000|  0%| F|  |TAMS 0x00000000aa000000, 0x00000000aa000000| Untracked 
| 161|0x00000000aa100000, 0x00000000aa100000, 0x00000000aa200000|  0%| F|  |TAMS 0x00000000aa100000, 0x00000000aa100000| Untracked 
| 162|0x00000000aa200000, 0x00000000aa200000, 0x00000000aa300000|  0%| F|  |TAMS 0x00000000aa200000, 0x00000000aa200000| Untracked 
| 163|0x00000000aa300000, 0x00000000aa300000, 0x00000000aa400000|  0%| F|  |TAMS 0x00000000aa300000, 0x00000000aa300000| Untracked 
| 164|0x00000000aa400000, 0x00000000aa400000, 0x00000000aa500000|  0%| F|  |TAMS 0x00000000aa400000, 0x00000000aa400000| Untracked 
| 165|0x00000000aa500000, 0x00000000aa500000, 0x00000000aa600000|  0%| F|  |TAMS 0x00000000aa500000, 0x00000000aa500000| Untracked 
| 166|0x00000000aa600000, 0x00000000aa600000, 0x00000000aa700000|  0%| F|  |TAMS 0x00000000aa600000, 0x00000000aa600000| Untracked 
| 167|0x00000000aa700000, 0x00000000aa700000, 0x00000000aa800000|  0%| F|  |TAMS 0x00000000aa700000, 0x00000000aa700000| Untracked 
| 168|0x00000000aa800000, 0x00000000aa800000, 0x00000000aa900000|  0%| F|  |TAMS 0x00000000aa800000, 0x00000000aa800000| Untracked 
| 169|0x00000000aa900000, 0x00000000aa900000, 0x00000000aaa00000|  0%| F|  |TAMS 0x00000000aa900000, 0x00000000aa900000| Untracked 
| 170|0x00000000aaa00000, 0x00000000aaa00000, 0x00000000aab00000|  0%| F|  |TAMS 0x00000000aaa00000, 0x00000000aaa00000| Untracked 
| 171|0x00000000aab00000, 0x00000000aab00000, 0x00000000aac00000|  0%| F|  |TAMS 0x00000000aab00000, 0x00000000aab00000| Untracked 
| 172|0x00000000aac00000, 0x00000000aac00000, 0x00000000aad00000|  0%| F|  |TAMS 0x00000000aac00000, 0x00000000aac00000| Untracked 
| 173|0x00000000aad00000, 0x00000000aad00000, 0x00000000aae00000|  0%| F|  |TAMS 0x00000000aad00000, 0x00000000aad00000| Untracked 
| 174|0x00000000aae00000, 0x00000000aae00000, 0x00000000aaf00000|  0%| F|  |TAMS 0x00000000aae00000, 0x00000000aae00000| Untracked 
| 175|0x00000000aaf00000, 0x00000000aaf00000, 0x00000000ab000000|  0%| F|  |TAMS 0x00000000aaf00000, 0x00000000aaf00000| Untracked 
| 176|0x00000000ab000000, 0x00000000ab000000, 0x00000000ab100000|  0%| F|  |TAMS 0x00000000ab000000, 0x00000000ab000000| Untracked 
| 177|0x00000000ab100000, 0x00000000ab100000, 0x00000000ab200000|  0%| F|  |TAMS 0x00000000ab100000, 0x00000000ab100000| Untracked 
| 178|0x00000000ab200000, 0x00000000ab200000, 0x00000000ab300000|  0%| F|  |TAMS 0x00000000ab200000, 0x00000000ab200000| Untracked 
| 179|0x00000000ab300000, 0x00000000ab300000, 0x00000000ab400000|  0%| F|  |TAMS 0x00000000ab300000, 0x00000000ab300000| Untracked 
| 180|0x00000000ab400000, 0x00000000ab41b560, 0x00000000ab500000| 10%| E|  |TAMS 0x00000000ab400000, 0x00000000ab400000| Complete 
| 181|0x00000000ab500000, 0x00000000ab600000, 0x00000000ab600000|100%| E|CS|TAMS 0x00000000ab500000, 0x00000000ab500000| Complete 
| 182|0x00000000ab600000, 0x00000000ab700000, 0x00000000ab700000|100%| E|CS|TAMS 0x00000000ab600000, 0x00000000ab600000| Complete 

Card table byte_map: [0x0000015fde320000,0x0000015fde620000] _byte_map_base: 0x0000015fdde20000

Marking Bits (Prev, Next): (CMBitMap*) 0x0000015fcb3b8ae0, (CMBitMap*) 0x0000015fcb3b8aa8
 Prev Bits: [0x0000015fe0120000, 0x0000015fe1920000)
 Next Bits: [0x0000015fde920000, 0x0000015fe0120000)

Polling page: 0x0000015fc9370000

Metaspace:

Usage:
  Non-class:     72.11 MB capacity,    69.81 MB ( 97%) used,     2.08 MB (  3%) free+waste,   231.13 KB ( <1%) overhead. 
      Class:     11.51 MB capacity,    10.46 MB ( 91%) used,   971.76 KB (  8%) free+waste,   108.81 KB ( <1%) overhead. 
       Both:     83.63 MB capacity,    80.27 MB ( 96%) used,     3.03 MB (  4%) free+waste,   339.94 KB ( <1%) overhead. 

Virtual space:
  Non-class space:       74.00 MB reserved,      72.25 MB ( 98%) committed 
      Class space:        1.00 GB reserved,      11.63 MB (  1%) committed 
             Both:        1.07 GB reserved,      83.88 MB (  8%) committed 

Chunk freelists:
   Non-Class:  76.00 KB
       Class:  50.00 KB
        Both:  126.00 KB

MaxMetaspaceSize: 17179869184.00 GB
CompressedClassSpaceSize: 1.00 GB

CodeHeap 'non-profiled nmethods': size=120000Kb used=4374Kb max_used=4374Kb free=115625Kb
 bounds [0x0000015fd67c0000, 0x0000015fd6c10000, 0x0000015fddcf0000]
CodeHeap 'profiled nmethods': size=120000Kb used=20548Kb max_used=20548Kb free=99451Kb
 bounds [0x0000015fcf290000, 0x0000015fd06b0000, 0x0000015fd67c0000]
CodeHeap 'non-nmethods': size=5760Kb used=2261Kb max_used=2315Kb free=3498Kb
 bounds [0x0000015fcecf0000, 0x0000015fcef60000, 0x0000015fcf290000]
 total_blobs=11387 nmethods=10531 adapters=766
 compilation: enabled
              stopped_count=0, restarted_count=0
 full_count=0

Compilation events (20 events):
Event: 20.713 Thread 0x0000015fe43b3800 nmethod 10994 0x0000015fd069f890 code [0x0000015fd069fa40, 0x0000015fd069fb98]
Event: 20.713 Thread 0x0000015fe43b3800 10995       3       java.util.stream.AbstractPipeline::close (48 bytes)
Event: 20.713 Thread 0x0000015fe43b3800 nmethod 10995 0x0000015fd069fc10 code [0x0000015fd069fde0, 0x0000015fd06a0068]
Event: 21.226 Thread 0x0000015fe43ae800 10996       4       org.gradle.internal.logging.text.AbstractLineChoppingStyledTextOutput$1::execute (9 bytes)
Event: 21.227 Thread 0x0000015fe43b3800 10997       1       org.gradle.internal.logging.events.RenderableOutputEvent::getBuildOperationId (5 bytes)
Event: 21.227 Thread 0x0000015fe43b3800 nmethod 10997 0x0000015fd6c05590 code [0x0000015fd6c05740, 0x0000015fd6c057f8]
Event: 21.227 Thread 0x0000015fe43b3800 10999       3       java.io.FilterOutputStream::write (9 bytes)
Event: 21.227 Thread 0x0000015fe43b3800 nmethod 10999 0x0000015fd06a0190 code [0x0000015fd06a0340, 0x0000015fd06a0508]
Event: 21.227 Thread 0x0000015fe43b3800 11000       3       org.gradle.internal.io.LinePerThreadBufferingOutputStream::write (9 bytes)
Event: 21.228 Thread 0x0000015fe43b3800 nmethod 11000 0x0000015fd06a0610 code [0x0000015fd06a07e0, 0x0000015fd06a09d8]
Event: 21.228 Thread 0x0000015fe43b3800 11002   !   3       java.io.PrintStream::write (66 bytes)
Event: 21.228 Thread 0x0000015fe43b3800 nmethod 11002 0x0000015fd06a0b10 code [0x0000015fd06a0d40, 0x0000015fd06a1478]
Event: 21.228 Thread 0x0000015fe43b3800 11003       3       org.gradle.internal.io.LineBufferingOutputStream::write (59 bytes)
Event: 21.230 Thread 0x0000015fe43b3800 nmethod 11003 0x0000015fd06a1790 code [0x0000015fd06a1a40, 0x0000015fd06a2798]
Event: 21.230 Thread 0x0000015fe43b3800 11004       3       org.gradle.internal.io.StreamByteBuffer$StreamByteBufferOutputStream::write (22 bytes)
Event: 21.230 Thread 0x0000015fe43b3800 nmethod 11004 0x0000015fd06a2c90 code [0x0000015fd06a2e60, 0x0000015fd06a30e8]
Event: 21.230 Thread 0x0000015fe43b3800 11005       3       org.gradle.internal.io.StreamByteBuffer$StreamByteBufferChunk::write (32 bytes)
Event: 21.230 Thread 0x0000015fe43b3800 nmethod 11005 0x0000015fd06a3290 code [0x0000015fd06a3440, 0x0000015fd06a35d8]
Event: 21.230 Thread 0x0000015fe43b3800 11006       3       org.gradle.internal.io.LineBufferingOutputStream::endsWithLineSeparator (27 bytes)
Event: 21.230 Thread 0x0000015fe43b3800 nmethod 11006 0x0000015fd06a3690 code [0x0000015fd06a3840, 0x0000015fd06a39d8]

GC Heap History (20 events):
Event: 10.469 GC heap before
{Heap before GC invocations=14 (full 0):
 garbage-first heap   total 155648K, used 79943K [0x00000000a0000000, 0x0000000100000000)
  region size 1024K, 34 young (34816K), 9 survivors (9216K)
 Metaspace       used 66667K, capacity 68391K, committed 68480K, reserved 1107968K
  class space    used 8587K, capacity 9197K, committed 9216K, reserved 1048576K
}
Event: 10.481 GC heap after
{Heap after GC invocations=15 (full 0):
 garbage-first heap   total 155648K, used 57622K [0x00000000a0000000, 0x0000000100000000)
  region size 1024K, 7 young (7168K), 7 survivors (7168K)
 Metaspace       used 66667K, capacity 68391K, committed 68480K, reserved 1107968K
  class space    used 8587K, capacity 9197K, committed 9216K, reserved 1048576K
}
Event: 11.034 GC heap before
{Heap before GC invocations=16 (full 0):
 garbage-first heap   total 155648K, used 108822K [0x00000000a0000000, 0x0000000100000000)
  region size 1024K, 57 young (58368K), 7 survivors (7168K)
 Metaspace       used 68426K, capacity 70374K, committed 70656K, reserved 1110016K
  class space    used 8915K, capacity 9668K, committed 9728K, reserved 1048576K
}
Event: 11.057 GC heap after
{Heap after GC invocations=17 (full 0):
 garbage-first heap   total 155648K, used 62057K [0x00000000a0000000, 0x0000000100000000)
  region size 1024K, 7 young (7168K), 7 survivors (7168K)
 Metaspace       used 68426K, capacity 70374K, committed 70656K, reserved 1110016K
  class space    used 8915K, capacity 9668K, committed 9728K, reserved 1048576K
}
Event: 12.041 GC heap before
{Heap before GC invocations=18 (full 0):
 garbage-first heap   total 155648K, used 111209K [0x00000000a0000000, 0x0000000100000000)
  region size 1024K, 56 young (57344K), 7 survivors (7168K)
 Metaspace       used 69952K, capacity 72098K, committed 72320K, reserved 1112064K
  class space    used 9090K, capacity 9816K, committed 9856K, reserved 1048576K
}
Event: 12.052 GC heap after
{Heap after GC invocations=19 (full 0):
 garbage-first heap   total 155648K, used 66353K [0x00000000a0000000, 0x0000000100000000)
  region size 1024K, 5 young (5120K), 5 survivors (5120K)
 Metaspace       used 69952K, capacity 72098K, committed 72320K, reserved 1112064K
  class space    used 9090K, capacity 9816K, committed 9856K, reserved 1048576K
}
Event: 12.869 GC heap before
{Heap before GC invocations=19 (full 0):
 garbage-first heap   total 155648K, used 116529K [0x00000000a0000000, 0x0000000100000000)
  region size 1024K, 54 young (55296K), 5 survivors (5120K)
 Metaspace       used 72169K, capacity 74653K, committed 74752K, reserved 1114112K
  class space    used 9381K, capacity 10237K, committed 10240K, reserved 1048576K
}
Event: 12.882 GC heap after
{Heap after GC invocations=20 (full 0):
 garbage-first heap   total 155648K, used 75156K [0x00000000a0000000, 0x0000000100000000)
  region size 1024K, 7 young (7168K), 7 survivors (7168K)
 Metaspace       used 72169K, capacity 74653K, committed 74752K, reserved 1114112K
  class space    used 9381K, capacity 10237K, committed 10240K, reserved 1048576K
}
Event: 13.875 GC heap before
{Heap before GC invocations=20 (full 0):
 garbage-first heap   total 155648K, used 119188K [0x00000000a0000000, 0x0000000100000000)
  region size 1024K, 50 young (51200K), 7 survivors (7168K)
 Metaspace       used 73241K, capacity 76347K, committed 76544K, reserved 1116160K
  class space    used 9509K, capacity 10471K, committed 10496K, reserved 1048576K
}
Event: 13.892 GC heap after
{Heap after GC invocations=21 (full 0):
 garbage-first heap   total 155648K, used 83086K [0x00000000a0000000, 0x0000000100000000)
  region size 1024K, 7 young (7168K), 7 survivors (7168K)
 Metaspace       used 73241K, capacity 76347K, committed 76544K, reserved 1116160K
  class space    used 9509K, capacity 10471K, committed 10496K, reserved 1048576K
}
Event: 14.711 GC heap before
{Heap before GC invocations=21 (full 0):
 garbage-first heap   total 155648K, used 121998K [0x00000000a0000000, 0x0000000100000000)
  region size 1024K, 45 young (46080K), 7 survivors (7168K)
 Metaspace       used 76609K, capacity 79780K, committed 79872K, reserved 1118208K
  class space    used 10016K, capacity 10988K, committed 11008K, reserved 1048576K
}
Event: 14.730 GC heap after
{Heap after GC invocations=22 (full 0):
 garbage-first heap   total 187392K, used 85950K [0x00000000a0000000, 0x0000000100000000)
  region size 1024K, 3 young (3072K), 3 survivors (3072K)
 Metaspace       used 76609K, capacity 79780K, committed 79872K, reserved 1118208K
  class space    used 10016K, capacity 10988K, committed 11008K, reserved 1048576K
}
Event: 16.168 GC heap before
{Heap before GC invocations=23 (full 0):
 garbage-first heap   total 187392K, used 134078K [0x00000000a0000000, 0x0000000100000000)
  region size 1024K, 51 young (52224K), 3 survivors (3072K)
 Metaspace       used 79257K, capacity 82774K, committed 82944K, reserved 1120256K
  class space    used 10404K, capacity 11502K, committed 11520K, reserved 1048576K
}
Event: 16.183 GC heap after
{Heap after GC invocations=24 (full 0):
 garbage-first heap   total 187392K, used 90371K [0x00000000a0000000, 0x0000000100000000)
  region size 1024K, 7 young (7168K), 7 survivors (7168K)
 Metaspace       used 79257K, capacity 82774K, committed 82944K, reserved 1120256K
  class space    used 10404K, capacity 11502K, committed 11520K, reserved 1048576K
}
Event: 16.883 GC heap before
{Heap before GC invocations=24 (full 0):
 garbage-first heap   total 187392K, used 138499K [0x00000000a0000000, 0x0000000100000000)
  region size 1024K, 55 young (56320K), 7 survivors (7168K)
 Metaspace       used 79762K, capacity 83224K, committed 83456K, reserved 1122304K
  class space    used 10418K, capacity 11509K, committed 11520K, reserved 1048576K
}
Event: 16.896 GC heap after
{Heap after GC invocations=25 (full 0):
 garbage-first heap   total 187392K, used 93760K [0x00000000a0000000, 0x0000000100000000)
  region size 1024K, 4 young (4096K), 4 survivors (4096K)
 Metaspace       used 79762K, capacity 83224K, committed 83456K, reserved 1122304K
  class space    used 10418K, capacity 11509K, committed 11520K, reserved 1048576K
}
Event: 17.386 GC heap before
{Heap before GC invocations=25 (full 0):
 garbage-first heap   total 187392K, used 143936K [0x00000000a0000000, 0x0000000100000000)
  region size 1024K, 53 young (54272K), 4 survivors (4096K)
 Metaspace       used 80418K, capacity 83850K, committed 84096K, reserved 1122304K
  class space    used 10486K, capacity 11562K, committed 11648K, reserved 1048576K
}
Event: 17.399 GC heap after
{Heap after GC invocations=26 (full 0):
 garbage-first heap   total 187392K, used 100352K [0x00000000a0000000, 0x0000000100000000)
  region size 1024K, 7 young (7168K), 7 survivors (7168K)
 Metaspace       used 80418K, capacity 83850K, committed 84096K, reserved 1122304K
  class space    used 10486K, capacity 11562K, committed 11648K, reserved 1048576K
}
Event: 18.210 GC heap before
{Heap before GC invocations=27 (full 0):
 garbage-first heap   total 187392K, used 146432K [0x00000000a0000000, 0x0000000100000000)
  region size 1024K, 53 young (54272K), 7 survivors (7168K)
 Metaspace       used 82020K, capacity 85473K, committed 85888K, reserved 1124352K
  class space    used 10688K, capacity 11776K, committed 11904K, reserved 1048576K
}
Event: 18.227 GC heap after
{Heap after GC invocations=28 (full 0):
 garbage-first heap   total 187392K, used 105867K [0x00000000a0000000, 0x0000000100000000)
  region size 1024K, 6 young (6144K), 6 survivors (6144K)
 Metaspace       used 82020K, capacity 85473K, committed 85888K, reserved 1124352K
  class space    used 10688K, capacity 11776K, committed 11904K, reserved 1048576K
}

Deoptimization events (20 events):
Event: 21.226 Thread 0x0000015fed7ea800 Uncommon trap: trap_request=0xffffffc6 fr.pc=0x0000015fd6b84b24 relative=0x0000000000000324
Event: 21.226 Thread 0x0000015fed7ea800 Uncommon trap: reason=bimorphic_or_optimized_type_check action=maybe_recompile pc=0x0000015fd6b84b24 method=org.gradle.internal.logging.sink.OutputEventRenderer.onOutput(Lorg/gradle/internal/logging/events/OutputEvent;)V @ 1 c2
Event: 21.226 Thread 0x0000015fed7ea800 DEOPT PACKING pc=0x0000015fd6b84b24 sp=0x00000018e63fea90
Event: 21.226 Thread 0x0000015fed7ea800 DEOPT UNPACKING pc=0x0000015fced174af sp=0x00000018e63fea48 mode 2
Event: 21.227 Thread 0x0000015fed7ea800 Uncommon trap: trap_request=0xffffff4d fr.pc=0x0000015fd6bb3ea8 relative=0x0000000000000088
Event: 21.227 Thread 0x0000015fed7ea800 Uncommon trap: reason=unstable_if action=reinterpret pc=0x0000015fd6bb3ea8 method=org.gradle.internal.operations.logging.LoggingBuildOperationProgressBroadcaster.onOutput(Lorg/gradle/internal/logging/events/OutputEvent;)V @ 4 c2
Event: 21.227 Thread 0x0000015fed7ea800 DEOPT PACKING pc=0x0000015fd6bb3ea8 sp=0x00000018e63feac0
Event: 21.227 Thread 0x0000015fed7ea800 DEOPT UNPACKING pc=0x0000015fced174af sp=0x00000018e63fea50 mode 2
Event: 21.227 Thread 0x0000015fed7ea800 Uncommon trap: trap_request=0xffffffc6 fr.pc=0x0000015fd6b84b24 relative=0x0000000000000324
Event: 21.227 Thread 0x0000015fed7ea800 Uncommon trap: reason=bimorphic_or_optimized_type_check action=maybe_recompile pc=0x0000015fd6b84b24 method=org.gradle.internal.logging.sink.OutputEventRenderer.onOutput(Lorg/gradle/internal/logging/events/OutputEvent;)V @ 1 c2
Event: 21.227 Thread 0x0000015fed7ea800 DEOPT PACKING pc=0x0000015fd6b84b24 sp=0x00000018e63fea90
Event: 21.227 Thread 0x0000015fed7ea800 DEOPT UNPACKING pc=0x0000015fced174af sp=0x00000018e63fea48 mode 2
Event: 21.227 Thread 0x0000015fed7ea800 Uncommon trap: trap_request=0xffffffc6 fr.pc=0x0000015fd6b84b24 relative=0x0000000000000324
Event: 21.227 Thread 0x0000015fed7ea800 Uncommon trap: reason=bimorphic_or_optimized_type_check action=maybe_recompile pc=0x0000015fd6b84b24 method=org.gradle.internal.logging.sink.OutputEventRenderer.onOutput(Lorg/gradle/internal/logging/events/OutputEvent;)V @ 1 c2
Event: 21.227 Thread 0x0000015fed7ea800 DEOPT PACKING pc=0x0000015fd6b84b24 sp=0x00000018e63fea90
Event: 21.227 Thread 0x0000015fed7ea800 DEOPT UNPACKING pc=0x0000015fced174af sp=0x00000018e63fea48 mode 2
Event: 21.227 Thread 0x0000015fed7ea800 Uncommon trap: trap_request=0xffffffc6 fr.pc=0x0000015fd6b84b24 relative=0x0000000000000324
Event: 21.227 Thread 0x0000015fed7ea800 Uncommon trap: reason=bimorphic_or_optimized_type_check action=maybe_recompile pc=0x0000015fd6b84b24 method=org.gradle.internal.logging.sink.OutputEventRenderer.onOutput(Lorg/gradle/internal/logging/events/OutputEvent;)V @ 1 c2
Event: 21.227 Thread 0x0000015fed7ea800 DEOPT PACKING pc=0x0000015fd6b84b24 sp=0x00000018e63fea90
Event: 21.227 Thread 0x0000015fed7ea800 DEOPT UNPACKING pc=0x0000015fced174af sp=0x00000018e63fea48 mode 2

Classes redefined (0 events):
No events

Internal exceptions (20 events):
Event: 18.166 Thread 0x0000015fe93ff800 Exception <a 'java/lang/NoSuchMethodError'{0x00000000a8cde6d0}: 'void java.lang.invoke.DirectMethodHandle$Holder.invokeVirtual(java.lang.Object, java.lang.Object)'> (0x00000000a8cde6d0) thrown at [./src/hotspot/share/interpreter/linkResolver.cpp, line 773]
Event: 18.200 Thread 0x0000015fe93ff800 Exception <a 'java/lang/ClassNotFoundException'{0x00000000a8a8d7e8}: org/gradle/process/internal/DefaultExecAction_DecoratedBeanInfo> (0x00000000a8a8d7e8) thrown at [./src/hotspot/share/classfile/systemDictionary.cpp, line 231]
Event: 18.200 Thread 0x0000015fe93ff800 Exception <a 'java/lang/ClassNotFoundException'{0x00000000a8ab2468}: org/gradle/process/internal/DefaultExecActionBeanInfo> (0x00000000a8ab2468) thrown at [./src/hotspot/share/classfile/systemDictionary.cpp, line 231]
Event: 18.201 Thread 0x0000015fe93ff800 Exception <a 'java/lang/ClassNotFoundException'{0x00000000a8ad9200}: org/gradle/process/internal/DefaultExecHandleBuilderBeanInfo> (0x00000000a8ad9200) thrown at [./src/hotspot/share/classfile/systemDictionary.cpp, line 231]
Event: 18.202 Thread 0x0000015fe93ff800 Exception <a 'java/lang/ClassNotFoundException'{0x00000000a8900a98}: org/gradle/process/internal/AbstractExecHandleBuilderBeanInfo> (0x00000000a8900a98) thrown at [./src/hotspot/share/classfile/systemDictionary.cpp, line 231]
Event: 18.203 Thread 0x0000015fe93ff800 Exception <a 'java/lang/ClassNotFoundException'{0x00000000a8927850}: org/gradle/process/internal/DefaultProcessForkOptionsBeanInfo> (0x00000000a8927850) thrown at [./src/hotspot/share/classfile/systemDictionary.cpp, line 231]
Event: 18.204 Thread 0x0000015fe93ff800 Exception <a 'java/lang/ClassNotFoundException'{0x00000000a894e728}: org/gradle/process/internal/DefaultProcessForkOptionsCustomizer> (0x00000000a894e728) thrown at [./src/hotspot/share/classfile/systemDictionary.cpp, line 231]
Event: 18.206 Thread 0x0000015fe93ff800 Exception <a 'java/lang/ClassNotFoundException'{0x00000000a89819a0}: org/gradle/process/internal/AbstractExecHandleBuilderCustomizer> (0x00000000a89819a0) thrown at [./src/hotspot/share/classfile/systemDictionary.cpp, line 231]
Event: 18.208 Thread 0x0000015fe93ff800 Exception <a 'java/lang/ClassNotFoundException'{0x00000000a89ba8d0}: org/gradle/process/internal/DefaultExecHandleBuilderCustomizer> (0x00000000a89ba8d0) thrown at [./src/hotspot/share/classfile/systemDictionary.cpp, line 231]
Event: 18.227 Thread 0x0000015fe93ff800 Exception <a 'java/lang/ClassNotFoundException'{0x00000000ab60d330}: org/gradle/process/internal/DefaultExecActionCustomizer> (0x00000000ab60d330) thrown at [./src/hotspot/share/classfile/systemDictionary.cpp, line 231]
Event: 18.229 Thread 0x0000015fe93ff800 Exception <a 'java/lang/ClassNotFoundException'{0x00000000ab63d750}: org/gradle/process/internal/DefaultExecAction_DecoratedCustomizer> (0x00000000ab63d750) thrown at [./src/hotspot/share/classfile/systemDictionary.cpp, line 231]
Event: 18.231 Thread 0x0000015fe93ff800 Exception <a 'java/lang/ClassNotFoundException'{0x00000000ab685bf0}: org/gradle/api/logging/LogLevelBeanInfo> (0x00000000ab685bf0) thrown at [./src/hotspot/share/classfile/systemDictionary.cpp, line 231]
Event: 18.232 Thread 0x0000015fe93ff800 Exception <a 'java/lang/ClassNotFoundException'{0x00000000ab6a5280}: org/gradle/api/logging/LogLevelCustomizer> (0x00000000ab6a5280) thrown at [./src/hotspot/share/classfile/systemDictionary.cpp, line 231]
Event: 18.237 Thread 0x0000015fe93ff800 Exception <a 'java/lang/ClassNotFoundException'{0x00000000ab6fa190}: org/gradle/internal/logging/compatbridge/LoggingManagerInternalCompatibilityBridgeBeanInfo> (0x00000000ab6fa190) thrown at [./src/hotspot/share/classfile/systemDictionary.cpp, line 231]
Event: 18.238 Thread 0x0000015fe93ff800 Exception <a 'java/lang/ClassNotFoundException'{0x00000000ab527b78}: org/gradle/internal/logging/compatbridge/LoggingManagerInternalCompatibilityBridgeCustomizer> (0x00000000ab527b78) thrown at [./src/hotspot/share/classfile/systemDictionary.cpp, line 231]
Event: 18.260 Thread 0x0000015fed7e6000 Exception <a 'java/lang/NoSuchMethodError'{0x00000000ab5a74e8}: 'void java.lang.invoke.DirectMethodHandle$Holder.invokeStatic(java.lang.Object, long)'> (0x00000000ab5a74e8) thrown at [./src/hotspot/share/interpreter/linkResolver.cpp, line 773]
Event: 18.261 Thread 0x0000015fed7e6000 Exception <a 'java/lang/NoSuchMethodError'{0x00000000ab5ac700}: 'java.lang.Object java.lang.invoke.DirectMethodHandle$Holder.invokeStatic(java.lang.Object, long)'> (0x00000000ab5ac700) thrown at [./src/hotspot/share/interpreter/linkResolver.cpp, line 773]
Event: 18.263 Thread 0x0000015fed7e6000 Exception <a 'java/lang/NoSuchMethodError'{0x00000000ab5bac48}: 'java.lang.Object java.lang.invoke.DirectMethodHandle$Holder.invokeStaticInit(java.lang.Object, java.lang.Object, long, java.lang.Object)'> (0x00000000ab5bac48) thrown at [./src/hotspot/share/interpreter/linkResolver.cpp, line 773]
Event: 18.264 Thread 0x0000015fed7e6000 Exception <a 'java/lang/NoSuchMethodError'{0x00000000ab5c0b38}: 'java.lang.Object java.lang.invoke.DirectMethodHandle$Holder.invokeStatic(java.lang.Object, java.lang.Object, long)'> (0x00000000ab5c0b38) thrown at [./src/hotspot/share/interpreter/linkResolver.cpp, line 773]
Event: 18.264 Thread 0x0000015fed7e6000 Exception <a 'java/lang/NoSuchMethodError'{0x00000000ab5c7200}: 'java.lang.Object java.lang.invoke.Invokers$Holder.linkToTargetMethod(java.lang.Object, long, java.lang.Object)'> (0x00000000ab5c7200) thrown at [./src/hotspot/share/interpreter/linkResolver.cpp, line 773]

Events (20 events):
Event: 18.250 loading class java/lang/ProcessImpl
Event: 18.251 loading class java/lang/ProcessImpl done
Event: 18.262 loading class java/lang/ProcessHandleImpl
Event: 18.262 loading class java/lang/ProcessHandleImpl done
Event: 18.265 loading class java/lang/ProcessImpl$2
Event: 18.265 loading class java/lang/ProcessImpl$2 done
Event: 18.265 loading class java/lang/Process$PipeInputStream
Event: 18.265 loading class java/lang/Process$PipeInputStream done
Event: 18.265 Executing VM operation: Deoptimize
Event: 18.267 Executing VM operation: Deoptimize done
Event: 18.267 loading class org/gradle/process/internal/streams/ExecOutputHandleRunner
Event: 18.267 loading class org/gradle/process/internal/streams/ExecOutputHandleRunner done
Event: 18.270 Thread 0x0000015fed7ea800 Thread added: 0x0000015fed7ea800
Event: 18.270 Thread 0x0000015fed7e8800 Thread added: 0x0000015fed7e8800
Event: 18.271 Executing VM operation: RevokeBias
Event: 18.271 Executing VM operation: RevokeBias done
Event: 21.225 loading class org/gradle/internal/logging/events/StyledTextOutputEvent$Span
Event: 21.225 loading class org/gradle/internal/logging/events/StyledTextOutputEvent$Span done
Event: 21.226 loading class org/gradle/internal/logging/events/operations/StyledTextBuildOperationProgressDetails$Span
Event: 21.226 loading class org/gradle/internal/logging/events/operations/StyledTextBuildOperationProgressDetails$Span done


Dynamic libraries:
0x00007ff7a6710000 - 0x00007ff7a671a000 	C:\Program Files\Android\Android Studio\jre\bin\java.exe
0x00007ff8dfee0000 - 0x00007ff8e00e7000 	C:\WINDOWS\SYSTEM32\ntdll.dll
0x00007ff8de5b0000 - 0x00007ff8de66d000 	C:\WINDOWS\System32\KERNEL32.DLL
0x00007ff8dd8d0000 - 0x00007ff8ddc44000 	C:\WINDOWS\System32\KERNELBASE.dll
0x00007ff8da1f0000 - 0x00007ff8da281000 	C:\WINDOWS\SYSTEM32\apphelp.dll
0x00007ff8dd6c0000 - 0x00007ff8dd7d1000 	C:\WINDOWS\System32\ucrtbase.dll
0x00007ff8d5750000 - 0x00007ff8d5769000 	C:\Program Files\Android\Android Studio\jre\bin\jli.dll
0x00007ff8d5d50000 - 0x00007ff8d5d67000 	C:\Program Files\Android\Android Studio\jre\bin\VCRUNTIME140.dll
0x00007ff8df0a0000 - 0x00007ff8df24c000 	C:\WINDOWS\System32\USER32.dll
0x00007ff8dc5b0000 - 0x00007ff8dc855000 	C:\WINDOWS\WinSxS\amd64_microsoft.windows.common-controls_6595b64144ccf1df_6.0.22000.51_none_25c0e06ad7789dba\COMCTL32.dll
0x00007ff8dd8a0000 - 0x00007ff8dd8c6000 	C:\WINDOWS\System32\win32u.dll
0x00007ff8dfd90000 - 0x00007ff8dfdb9000 	C:\WINDOWS\System32\GDI32.dll
0x00007ff8dec10000 - 0x00007ff8decb3000 	C:\WINDOWS\System32\msvcrt.dll
0x00007ff8dd5a0000 - 0x00007ff8dd6b2000 	C:\WINDOWS\System32\gdi32full.dll
0x00007ff8ddcd0000 - 0x00007ff8ddd6d000 	C:\WINDOWS\System32\msvcp_win.dll
0x00007ff8debd0000 - 0x00007ff8dec01000 	C:\WINDOWS\System32\IMM32.DLL
0x00007ff8b1000000 - 0x00007ff8b109d000 	C:\Program Files\Android\Android Studio\jre\bin\msvcp140.dll
0x00007ff8777d0000 - 0x00007ff87828c000 	C:\Program Files\Android\Android Studio\jre\bin\server\jvm.dll
0x00007ff8df520000 - 0x00007ff8df5cc000 	C:\WINDOWS\System32\ADVAPI32.dll
0x00007ff8df000000 - 0x00007ff8df09d000 	C:\WINDOWS\System32\sechost.dll
0x00007ff8df250000 - 0x00007ff8df371000 	C:\WINDOWS\System32\RPCRT4.dll
0x00007ff8decc0000 - 0x00007ff8decc8000 	C:\WINDOWS\System32\PSAPI.DLL
0x00007ff8be570000 - 0x00007ff8be579000 	C:\WINDOWS\SYSTEM32\WSOCK32.dll
0x00007ff8cd430000 - 0x00007ff8cd463000 	C:\WINDOWS\SYSTEM32\WINMM.dll
0x00007ff8ccf80000 - 0x00007ff8ccf8a000 	C:\WINDOWS\SYSTEM32\VERSION.dll
0x00007ff8de540000 - 0x00007ff8de5af000 	C:\WINDOWS\System32\WS2_32.dll
0x00007ff8dbe70000 - 0x00007ff8dbe88000 	C:\WINDOWS\SYSTEM32\kernel.appcore.dll
0x00007ff8d93b0000 - 0x00007ff8d93c1000 	C:\Program Files\Android\Android Studio\jre\bin\verify.dll
0x00007ff8dcd10000 - 0x00007ff8dcf31000 	C:\WINDOWS\SYSTEM32\DBGHELP.DLL
0x00007ff8dcbe0000 - 0x00007ff8dcc11000 	C:\WINDOWS\SYSTEM32\dbgcore.DLL
0x00007ff8ddc50000 - 0x00007ff8ddcd0000 	C:\WINDOWS\System32\bcryptPrimitives.dll
0x00007ff8d9380000 - 0x00007ff8d93a9000 	C:\Program Files\Android\Android Studio\jre\bin\java.dll
0x00007ff8d9370000 - 0x00007ff8d937b000 	C:\Program Files\Android\Android Studio\jre\bin\jimage.dll
0x00007ff8ccde0000 - 0x00007ff8ccdf8000 	C:\Program Files\Android\Android Studio\jre\bin\zip.dll
0x00007ff8ddd70000 - 0x00007ff8de518000 	C:\WINDOWS\System32\SHELL32.dll
0x00007ff8dae80000 - 0x00007ff8db6e2000 	C:\WINDOWS\SYSTEM32\windows.storage.dll
0x00007ff8df920000 - 0x00007ff8dfc98000 	C:\WINDOWS\System32\combase.dll
0x00007ff8dad10000 - 0x00007ff8dae76000 	C:\WINDOWS\SYSTEM32\wintypes.dll
0x00007ff8dfca0000 - 0x00007ff8dfd8a000 	C:\WINDOWS\System32\SHCORE.dll
0x00007ff8dfdc0000 - 0x00007ff8dfe1d000 	C:\WINDOWS\System32\shlwapi.dll
0x00007ff8dd2f0000 - 0x00007ff8dd311000 	C:\WINDOWS\SYSTEM32\profapi.dll
0x00007ff8ccdc0000 - 0x00007ff8ccdda000 	C:\Program Files\Android\Android Studio\jre\bin\net.dll
0x00007ff8d5300000 - 0x00007ff8d540c000 	C:\WINDOWS\SYSTEM32\WINHTTP.dll
0x00007ff8dc480000 - 0x00007ff8dc4e7000 	C:\WINDOWS\system32\mswsock.dll
0x00007ff8ccda0000 - 0x00007ff8ccdb4000 	C:\Program Files\Android\Android Studio\jre\bin\nio.dll
0x00007ff8ccc30000 - 0x00007ff8ccc56000 	C:\Users\Ashish Pal\.gradle\native\fdc75f09e3144964f2cf3f50f0aa648679c211496f362492102eb8c894070792\windows-amd64\native-platform.dll
0x00007ff8ae050000 - 0x00007ff8ae1e1000 	C:\Users\Ashish Pal\.gradle\native\12488b8bf47d2d4c9fbf2f6322a914ad602e24e48041cd04a747c6da556b65c4\windows-amd64\native-platform-file-events.dll
0x00007ff8d9360000 - 0x00007ff8d936a000 	C:\Program Files\Android\Android Studio\jre\bin\management.dll
0x00007ff8ccd90000 - 0x00007ff8ccd9c000 	C:\Program Files\Android\Android Studio\jre\bin\management_ext.dll
0x00007ff8dd070000 - 0x00007ff8dd088000 	C:\WINDOWS\SYSTEM32\CRYPTSP.dll
0x00007ff8dbdd0000 - 0x00007ff8dbe05000 	C:\WINDOWS\system32\rsaenh.dll
0x00007ff8dc270000 - 0x00007ff8dc299000 	C:\WINDOWS\SYSTEM32\USERENV.dll
0x00007ff8dcca0000 - 0x00007ff8dccc7000 	C:\WINDOWS\SYSTEM32\bcrypt.dll
0x00007ff8dc3c0000 - 0x00007ff8dc3cc000 	C:\WINDOWS\SYSTEM32\CRYPTBASE.dll
0x00007ff8db9b0000 - 0x00007ff8db9dd000 	C:\WINDOWS\SYSTEM32\IPHLPAPI.DLL
0x00007ff8dee30000 - 0x00007ff8dee39000 	C:\WINDOWS\System32\NSI.dll
0x00007ff8d45c0000 - 0x00007ff8d45d9000 	C:\WINDOWS\SYSTEM32\dhcpcsvc6.DLL
0x00007ff8d48e0000 - 0x00007ff8d48fe000 	C:\WINDOWS\SYSTEM32\dhcpcsvc.DLL
0x00007ff8dba20000 - 0x00007ff8dbb07000 	C:\WINDOWS\SYSTEM32\DNSAPI.dll
0x00007ff8d5ca0000 - 0x00007ff8d5cac000 	C:\WINDOWS\SYSTEM32\WINNSI.DLL

dbghelp: loaded successfully - version: 4.0.5 - missing functions: none
symbol engine: initialized successfully - sym options: 0x614 - pdb path: .;C:\Program Files\Android\Android Studio\jre\bin;C:\WINDOWS\SYSTEM32;C:\WINDOWS\WinSxS\amd64_microsoft.windows.common-controls_6595b64144ccf1df_6.0.22000.51_none_25c0e06ad7789dba;C:\Program Files\Android\Android Studio\jre\bin\server;C:\Users\Ashish Pal\.gradle\native\fdc75f09e3144964f2cf3f50f0aa648679c211496f362492102eb8c894070792\windows-amd64;C:\Users\Ashish Pal\.gradle\native\12488b8bf47d2d4c9fbf2f6322a914ad602e24e48041cd04a747c6da556b65c4\windows-amd64

VM Arguments:
jvm_args: --add-opens=java.base/java.util=ALL-UNNAMED --add-opens=java.base/java.lang=ALL-UNNAMED --add-opens=java.base/java.lang.invoke=ALL-UNNAMED --add-opens=java.prefs/java.util.prefs=ALL-UNNAMED -Xmx1536M -Dfile.encoding=windows-1252 -Duser.country=IN -Duser.language=en -Duser.variant 
java_command: org.gradle.launcher.daemon.bootstrap.GradleDaemon 6.7
java_class_path (initial): C:\Users\Ashish Pal\.gradle\wrapper\dists\gradle-6.7-all\cuy9mc7upwgwgeb72wkcrupxe\gradle-6.7\lib\gradle-launcher-6.7.jar
Launcher Type: SUN_STANDARD

[Global flags]
     intx CICompilerCount                          = 4                                         {product} {ergonomic}
     uint ConcGCThreads                            = 2                                         {product} {ergonomic}
     uint G1ConcRefinementThreads                  = 8                                         {product} {ergonomic}
   size_t G1HeapRegionSize                         = 1048576                                   {product} {ergonomic}
    uintx GCDrainStackTargetSize                   = 64                                        {product} {ergonomic}
   size_t InitialHeapSize                          = 132120576                                 {product} {ergonomic}
   size_t MarkStackSize                            = 4194304                                   {product} {ergonomic}
   size_t MaxHeapSize                              = 1610612736                                {product} {command line}
   size_t MaxNewSize                               = 965738496                                 {product} {ergonomic}
   size_t MinHeapDeltaBytes                        = 1048576                                   {product} {ergonomic}
    uintx NonNMethodCodeHeapSize                   = 5836300                                {pd product} {ergonomic}
    uintx NonProfiledCodeHeapSize                  = 122910970                              {pd product} {ergonomic}
    uintx ProfiledCodeHeapSize                     = 122910970                              {pd product} {ergonomic}
    uintx ReservedCodeCacheSize                    = 251658240                              {pd product} {ergonomic}
     bool SegmentedCodeCache                       = true                                      {product} {ergonomic}
     bool UseCompressedClassPointers               = true                                 {lp64_product} {ergonomic}
     bool UseCompressedOops                        = true                                 {lp64_product} {ergonomic}
     bool UseG1GC                                  = true                                      {product} {ergonomic}
     bool UseLargePagesIndividualAllocation        = false                                  {pd product} {ergonomic}

Logging:
Log output configuration:
 #0: stdout all=warning uptime,level,tags
 #1: stderr all=off uptime,level,tags

Environment Variables:
JAVA_HOME=C:\Program Files\Android\Android Studio\jre
CLASSPATH=D:\a_dev\AndroidStudioProjects\untitled3\android\\gradle\wrapper\gradle-wrapper.jar
PATH=C:\Python39\Scripts\;C:\Python39\;C:\Program Files\Python37\Scripts\;C:\Program Files\Python37\;D:\a_dev\anaconda;D:\a_dev\anaconda\Library\mingw-w64\bin;D:\a_dev\anaconda\Library\usr\bin;D:\a_dev\anaconda\Library\bin;D:\a_dev\anaconda\Scripts;C:\Program Files (x86)\Intel\Intel(R) Management Engine Components\iCLS\;C:\Program Files\Intel\Intel(R) Management Engine Components\iCLS\;C:\Windows\system32;C:\Windows;C:\Windows\System32\Wbem;C:\Windows\System32\WindowsPowerShell\v1.0\;C:\Windows\System32\OpenSSH\;C:\Program Files (x86)\Intel\Intel(R) Management Engine Components\DAL;C:\Program Files\Intel\Intel(R) Management Engine Components\DAL;C:\Program Files\Intel\WiFi\bin\;C:\Program Files\Common Files\Intel\WirelessCommon\;C:\Program Files (x86)\NVIDIA Corporation\PhysX\Common;C:\WINDOWS\system32;C:\WINDOWS;C:\WINDOWS\System32\Wbem;C:\WINDOWS\System32\WindowsPowerShell\v1.0\;C:\WINDOWS\System32\OpenSSH\;C:\Program Files\dotnet\;C:\Program Files\NVIDIA Corporation\NVIDIA NvDLISR;C:\Users\Ashish Pal\AppData\Roaming\Python\Python37\Scripts;C:\Program Files\nodejs\;C:\ProgramData\chocolatey\bin;D:\a_dev\MinGW\bin;;%SystemRoot%\system32;%SystemRoot%;%SystemRoot%\System32\Wbem;%SYSTEMROOT%\System32\WindowsPowerShell\v1.0\;%SYSTEMROOT%\System32\OpenSSH\;C:\Users\Ashish Pal\AppData\Local\Programs\Python\Python37\Scripts\;C:\Users\Ashish Pal\AppData\Local\Programs\Python\Python37\;C:\Users\Ashish Pal\AppData\Local\Programs\Python\Python39\Scripts\;C:\Users\Ashish Pal\AppData\Local\Programs\Python\Python39\;C:\Users\Ashish Pal\AppData\Local\Microsoft\WindowsApps;C:\Program Files\Java\jdk-14.0.1\bin;D:\a_dev\flutter\bin;C:\Users\Ashish Pal\AppData\Local\Programs\Microsoft VS Code\bin;C:\Users\Ashish Pal\AppData\Roaming\Python\Python38\Scripts;C:\Program Files\NVIDIA GPU Computing Toolkit\CUDA\v11.1\bin;C:\Users\Ashish Pal\AppData\Roaming\Python\Python37\Scripts;Path: C:\Users\Ashish Pal\.android\avd\Pixel_3_XL_API_30.avd;D:\a_dev\flutter\.pub-cache\bin;C:\Users\Ashish Pal\A
USERNAME=Ashish Pal
OS=Windows_NT
PROCESSOR_IDENTIFIER=Intel64 Family 6 Model 142 Stepping 11, GenuineIntel



---------------  S Y S T E M  ---------------

OS: Windows 10 , 64 bit Build 22000 (10.0.22000.37)
OS uptime: 0 days 7:35 hours
HyperV virtualization detected

CPU:total 8 (initial active 8) (4 cores per cpu, 2 threads per core) family 6 model 142 stepping 11, cmov, cx8, fxsr, mmx, sse, sse2, sse3, ssse3, sse4.1, sse4.2, popcnt, avx, avx2, aes, clmul, erms, 3dnowpref, lzcnt, ht, tsc, tscinvbit, bmi1, bmi2, adx, fma

Memory: 4k page, system-wide physical 8042M (179M free)
TotalPageFile size 16042M (AvailPageFile size 1M)
current process WorkingSet (physical memory assigned to process): 401M, peak: 432M
current process commit charge ("private bytes"): 446M, peak: 472M

vm_info: OpenJDK 64-Bit Server VM (11.0.8+10-b944.6842174) for windows-amd64 JRE (11.0.8+10-b944.6842174), built on Sep 19 2020 01:11:42 by "builder" with MS VC++ 14.0 (VS2015)

END.
